2024-09-30 18:29:25,282 WARNING database DDL Query made to DB:
create table `tabLibrary Transaction` (
			name varchar(140) primary key,
			creation datetime(6),
			modified datetime(6),
			modified_by varchar(140),
			owner varchar(140),
			docstatus int(1) not null default '0',
			idx int(8) not null default '0',
			`amended_from` varchar(140),
`_user_tags` text,
`_comments` text,
`_assign` text,
`_liked_by` text,
index `amended_from`(`amended_from`),
index modified(modified))
			ENGINE=InnoDB
			ROW_FORMAT=DYNAMIC
			CHARACTER SET=utf8mb4
			COLLATE=utf8mb4_unicode_ci
2024-09-30 18:30:29,744 WARNING database DDL Query made to DB:
create table `tabArticle` (
			name varchar(140) primary key,
			creation datetime(6),
			modified datetime(6),
			modified_by varchar(140),
			owner varchar(140),
			docstatus int(1) not null default '0',
			idx int(8) not null default '0',
			`_user_tags` text,
`_comments` text,
`_assign` text,
`_liked_by` text,
index modified(modified))
			ENGINE=InnoDB
			ROW_FORMAT=DYNAMIC
			CHARACTER SET=utf8mb4
			COLLATE=utf8mb4_unicode_ci
2024-09-30 18:30:54,796 WARNING database DDL Query made to DB:
ALTER TABLE `tabArticle` ADD COLUMN `article_name` varchar(140)
2024-09-30 18:31:22,673 WARNING database DDL Query made to DB:
ALTER TABLE `tabLibrary Transaction` ADD COLUMN `article` varchar(140)
2024-09-30 18:32:57,251 WARNING database DDL Query made to DB:
ALTER TABLE `tabLibrary Transaction` ADD COLUMN `library_member` varchar(140), ADD COLUMN `type` varchar(140), ADD COLUMN `date_of_transaction` date
2024-09-30 18:34:31,177 WARNING database DDL Query made to DB:
RENAME TABLE `tabArticle` TO `tabArticle Library`
2024-10-01 09:47:27,696 WARNING database DDL Query made to DB:
alter table `tabDocType` add column if not exists migration_hash varchar(140)
2024-10-01 09:47:32,894 WARNING database DDL Query made to DB:
ALTER TABLE `tabPrint Heading` DROP INDEX `print_heading`
2024-10-01 09:47:38,323 WARNING database DDL Query made to DB:
ALTER TABLE `tabPrint Heading` ADD UNIQUE INDEX IF NOT EXISTS print_heading (`print_heading`)
2024-10-01 09:59:45,556 WARNING database DDL Query made to DB:
alter table `tabDocType` add column if not exists migration_hash varchar(140)
2024-10-01 09:59:49,496 WARNING database DDL Query made to DB:
ALTER TABLE `tabPrint Heading` DROP INDEX `print_heading`
2024-10-01 09:59:53,824 WARNING database DDL Query made to DB:
ALTER TABLE `tabPrint Heading` ADD UNIQUE INDEX IF NOT EXISTS print_heading (`print_heading`)
2024-10-03 08:48:06,254 WARNING database DDL Query made to DB:
alter table `tabDocType` add column if not exists migration_hash varchar(140)
2024-10-03 08:48:08,961 WARNING database DDL Query made to DB:
ALTER TABLE `tabPrint Heading` DROP INDEX `print_heading`
2024-10-03 08:48:12,025 WARNING database DDL Query made to DB:
ALTER TABLE `tabPrint Heading` ADD UNIQUE INDEX IF NOT EXISTS print_heading (`print_heading`)
2024-10-03 09:27:51,693 WARNING database DDL Query made to DB:
alter table `tabDocType` add column if not exists migration_hash varchar(140)
2024-10-03 09:27:56,787 WARNING database DDL Query made to DB:
ALTER TABLE `tabPrint Heading` DROP INDEX `print_heading`
2024-10-03 09:28:02,599 WARNING database DDL Query made to DB:
ALTER TABLE `tabPrint Heading` ADD UNIQUE INDEX IF NOT EXISTS print_heading (`print_heading`)
2024-10-03 09:32:38,138 WARNING database DDL Query made to DB:
alter table `tabDocType` add column if not exists migration_hash varchar(140)
2024-10-03 09:32:43,449 WARNING database DDL Query made to DB:
ALTER TABLE `tabPrint Heading` DROP INDEX `print_heading`
2024-10-03 09:32:49,378 WARNING database DDL Query made to DB:
ALTER TABLE `tabPrint Heading` ADD UNIQUE INDEX IF NOT EXISTS print_heading (`print_heading`)
2024-10-03 11:44:11,402 WARNING database DDL Query made to DB:
alter table `tabDocType` add column if not exists migration_hash varchar(140)
2024-10-03 11:44:15,798 WARNING database DDL Query made to DB:
ALTER TABLE `tabPrint Heading` DROP INDEX `print_heading`
2024-10-03 11:44:21,358 WARNING database DDL Query made to DB:
ALTER TABLE `tabPrint Heading` ADD UNIQUE INDEX IF NOT EXISTS print_heading (`print_heading`)
2024-10-03 16:22:56,765 WARNING database DDL Query made to DB:
ALTER TABLE `tabLibrary member` ADD COLUMN `name1` varchar(140)
2024-10-03 16:23:34,824 WARNING database DDL Query made to DB:
ALTER TABLE `tabLibrary member` ADD UNIQUE INDEX IF NOT EXISTS name1 (`name1`)
2024-10-03 16:34:04,500 WARNING database DDL Query made to DB:
ALTER TABLE `tabLibrary member` ADD COLUMN `phone_number` varchar(140)
2024-10-03 16:34:49,054 WARNING database DDL Query made to DB:
ALTER TABLE `tabLibrary member` ADD COLUMN `email` varchar(140)
2024-10-03 16:44:06,735 WARNING database DDL Query made to DB:
ALTER TABLE `tabItem` ADD COLUMN `custom_added_by` varchar(140)
2024-10-03 16:44:06,759 WARNING database DDL Query made to DB:
ALTER TABLE `tabItem` MODIFY `opening_stock` decimal(21,9) not null default 0, MODIFY `total_projected_qty` decimal(21,9) not null default 0, MODIFY `last_purchase_rate` decimal(21,9) not null default 0, MODIFY `over_delivery_receipt_allowance` decimal(21,9) not null default 0, MODIFY `standard_rate` decimal(21,9) not null default 0, MODIFY `max_discount` decimal(21,9) not null default 0, MODIFY `valuation_rate` decimal(21,9) not null default 0, MODIFY `safety_stock` decimal(21,9) not null default 0, MODIFY `weight_per_unit` decimal(21,9) not null default 0, MODIFY `over_billing_allowance` decimal(21,9) not null default 0
2024-10-03 17:09:57,972 WARNING database DDL Query made to DB:
create table `tabArticle Details` (
			name varchar(140) primary key,
			creation datetime(6),
			modified datetime(6),
			modified_by varchar(140),
			owner varchar(140),
			docstatus int(1) not null default '0',
			idx int(8) not null default '0',
			parent varchar(140),
parentfield varchar(140),
parenttype varchar(140),
index parent(parent))
			ENGINE=InnoDB
			ROW_FORMAT=DYNAMIC
			CHARACTER SET=utf8mb4
			COLLATE=utf8mb4_unicode_ci
2024-10-03 17:12:52,369 WARNING database DDL Query made to DB:
alter table `tabArticle Details` add column if not exists parent varchar(140)
2024-10-03 17:12:52,371 WARNING database DDL Query made to DB:
alter table `tabArticle Details` add column if not exists parenttype varchar(140)
2024-10-03 17:12:52,374 WARNING database DDL Query made to DB:
alter table `tabArticle Details` add column if not exists parentfield varchar(140)
2024-10-03 17:12:52,607 WARNING database DDL Query made to DB:
ALTER TABLE `tabArticle Details` ADD COLUMN `article_name` varchar(140)
2024-10-03 17:13:29,388 WARNING database DDL Query made to DB:
alter table `tabArticle Details` add column if not exists parent varchar(140)
2024-10-03 17:13:29,391 WARNING database DDL Query made to DB:
alter table `tabArticle Details` add column if not exists parenttype varchar(140)
2024-10-03 17:13:29,393 WARNING database DDL Query made to DB:
alter table `tabArticle Details` add column if not exists parentfield varchar(140)
2024-10-03 17:13:29,621 WARNING database DDL Query made to DB:
ALTER TABLE `tabArticle Details` ADD UNIQUE INDEX IF NOT EXISTS article_name (`article_name`)
2024-10-03 17:25:21,743 WARNING database DDL Query made to DB:
create table `tabAuthor` (
			name varchar(140) primary key,
			creation datetime(6),
			modified datetime(6),
			modified_by varchar(140),
			owner varchar(140),
			docstatus int(1) not null default '0',
			idx int(8) not null default '0',
			parent varchar(140),
parentfield varchar(140),
parenttype varchar(140),
index parent(parent))
			ENGINE=InnoDB
			ROW_FORMAT=DYNAMIC
			CHARACTER SET=utf8mb4
			COLLATE=utf8mb4_unicode_ci
2024-10-03 17:25:40,261 WARNING database DDL Query made to DB:
alter table `tabAuthor` add column if not exists parent varchar(140)
2024-10-03 17:25:40,263 WARNING database DDL Query made to DB:
alter table `tabAuthor` add column if not exists parenttype varchar(140)
2024-10-03 17:25:40,265 WARNING database DDL Query made to DB:
alter table `tabAuthor` add column if not exists parentfield varchar(140)
2024-10-03 17:25:40,486 WARNING database DDL Query made to DB:
ALTER TABLE `tabAuthor` ADD COLUMN `author_name` varchar(140)
2024-10-03 17:28:19,330 WARNING database DDL Query made to DB:
ALTER TABLE `tabLibrary member` ADD COLUMN `author` varchar(140)
2024-10-03 17:29:00,692 WARNING database DDL Query made to DB:
alter table `tabArticle Details` add column if not exists parent varchar(140)
2024-10-03 17:29:00,694 WARNING database DDL Query made to DB:
alter table `tabArticle Details` add column if not exists parenttype varchar(140)
2024-10-03 17:29:00,695 WARNING database DDL Query made to DB:
alter table `tabArticle Details` add column if not exists parentfield varchar(140)
2024-10-03 17:41:42,038 WARNING database DDL Query made to DB:
alter table `tabArticle Details` add column if not exists parent varchar(140)
2024-10-03 17:41:42,040 WARNING database DDL Query made to DB:
alter table `tabArticle Details` add column if not exists parenttype varchar(140)
2024-10-03 17:41:42,042 WARNING database DDL Query made to DB:
alter table `tabArticle Details` add column if not exists parentfield varchar(140)
2024-10-03 17:47:23,009 WARNING database DDL Query made to DB:
ALTER TABLE `tabAuthor` ADD COLUMN `_user_tags` text, ADD COLUMN `_comments` text, ADD COLUMN `_assign` text, ADD COLUMN `_liked_by` text
2024-10-03 17:48:00,424 WARNING database DDL Query made to DB:
ALTER TABLE `tabAuthor` ADD UNIQUE INDEX IF NOT EXISTS author_name (`author_name`)
2024-10-03 17:48:48,599 WARNING database DDL Query made to DB:
ALTER TABLE `tabAuthor` ADD COLUMN `author_email` varchar(140), ADD COLUMN `author_phone` varchar(140)
2024-10-03 19:00:30,724 WARNING database DDL Query made to DB:
ALTER TABLE `tabArticle Library` ADD COLUMN `article_author` varchar(140), ADD COLUMN `article_cost` int(11) not null default 0, ADD COLUMN `total_cost` int(11) not null default 0, ADD COLUMN `track_buyers` int(1) not null default 0
2024-10-03 19:02:29,499 WARNING database DDL Query made to DB:
ALTER TABLE `tabArticle Library` ADD COLUMN `status` varchar(140), ADD COLUMN `publisher` varchar(140), ADD COLUMN `dilivery_cost` varchar(140), ADD COLUMN `image` text
