2024-10-03 12:01:24,224 ERROR scheduler Skipped queueing erpnext.manufacturing.doctype.bom_update_log.bom_update_log.resume_bom_cost_update_jobs because it was found in queue for frappe3.in
2024-10-03 12:01:24,457 ERROR scheduler Skipped queueing frappe.website.doctype.personal_data_deletion_request.personal_data_deletion_request.process_data_deletion_request because it was found in queue for frappe3.in
2024-10-03 12:01:24,466 ERROR scheduler Skipped queueing frappe.email.doctype.newsletter.newsletter.send_scheduled_email because it was found in queue for frappe3.in
2024-10-03 12:01:24,475 ERROR scheduler Skipped queueing frappe.integrations.doctype.google_calendar.google_calendar.sync because it was found in queue for frappe3.in
2024-10-03 12:01:24,486 ERROR scheduler Skipped queueing frappe.desk.form.document_follow.send_hourly_updates because it was found in queue for frappe3.in
2024-10-03 12:01:24,496 ERROR scheduler Skipped queueing frappe.desk.page.backups.backups.delete_downloadable_backups because it was found in queue for frappe3.in
2024-10-03 12:01:24,505 ERROR scheduler Skipped queueing frappe.model.utils.user_settings.sync_user_settings because it was found in queue for frappe3.in
2024-10-03 12:01:24,516 ERROR scheduler Skipped queueing frappe.model.utils.link_count.update_link_count because it was found in queue for frappe3.in
2024-10-03 12:01:24,526 ERROR scheduler Skipped queueing frappe.automation.doctype.reminder.reminder.send_reminders because it was found in queue for frappe3.in
2024-10-03 12:01:24,537 ERROR scheduler Skipped queueing frappe.monitor.flush because it was found in queue for frappe3.in
2024-10-03 12:01:24,548 ERROR scheduler Skipped queueing frappe.email.queue.flush because it was found in queue for frappe3.in
2024-10-03 12:01:24,574 ERROR scheduler Skipped queueing frappe.email.doctype.email_account.email_account.pull because it was found in queue for frappe3.in
2024-10-03 12:01:24,585 ERROR scheduler Skipped queueing frappe.deferred_insert.save_to_db because it was found in queue for frappe3.in
2024-10-03 12:01:24,595 ERROR scheduler Skipped queueing frappe.utils.global_search.sync_global_search because it was found in queue for frappe3.in
2024-10-03 12:01:24,607 ERROR scheduler Skipped queueing frappe.email.doctype.email_account.email_account.notify_unreplied because it was found in queue for frappe3.in
2024-10-03 12:01:24,617 ERROR scheduler Skipped queueing frappe.twofactor.delete_all_barcodes_for_users because it was found in queue for frappe3.in
2024-10-03 12:01:24,627 ERROR scheduler Skipped queueing frappe.website.doctype.web_page.web_page.check_publish_status because it was found in queue for frappe3.in
2024-10-03 12:01:24,637 ERROR scheduler Skipped queueing frappe.oauth.delete_oauth2_data because it was found in queue for frappe3.in
2024-10-03 13:33:54,400 ERROR scheduler Skipped queueing erpnext.utilities.bulk_transaction.retry because it was found in queue for frappe3.in
2024-10-03 13:33:54,413 ERROR scheduler Skipped queueing erpnext.stock.doctype.repost_item_valuation.repost_item_valuation.repost_entries because it was found in queue for frappe3.in
2024-10-03 13:33:54,662 ERROR scheduler Skipped queueing erpnext.projects.doctype.project.project.collect_project_status because it was found in queue for frappe3.in
2024-10-03 13:33:54,674 ERROR scheduler Skipped queueing erpnext.projects.doctype.project.project.hourly_reminder because it was found in queue for frappe3.in
2024-10-03 13:33:54,685 ERROR scheduler Skipped queueing erpnext.projects.doctype.project.project.project_status_update_reminder because it was found in queue for frappe3.in
2024-10-03 13:33:54,695 ERROR scheduler Skipped queueing erpnext.erpnext_integrations.doctype.plaid_settings.plaid_settings.automatic_synchronization because it was found in queue for frappe3.in
2024-10-03 13:33:54,705 ERROR scheduler Skipped queueing erpnext.utilities.doctype.video.video.update_youtube_data because it was found in queue for frappe3.in
2024-10-03 13:33:54,726 ERROR scheduler Skipped queueing erpnext.accounts.doctype.gl_entry.gl_entry.rename_gle_sle_docs because it was found in queue for frappe3.in
2024-10-03 13:33:54,736 ERROR scheduler Skipped queueing erpnext.accounts.doctype.process_payment_reconciliation.process_payment_reconciliation.trigger_reconciliation_for_queued_docs because it was found in queue for frappe3.in
2024-10-03 13:33:54,746 ERROR scheduler Skipped queueing erpnext.manufacturing.doctype.bom_update_log.bom_update_log.resume_bom_cost_update_jobs because it was found in queue for frappe3.in
2024-10-03 13:33:54,927 ERROR scheduler Skipped queueing frappe.website.doctype.personal_data_deletion_request.personal_data_deletion_request.process_data_deletion_request because it was found in queue for frappe3.in
2024-10-03 13:33:54,937 ERROR scheduler Skipped queueing frappe.email.doctype.newsletter.newsletter.send_scheduled_email because it was found in queue for frappe3.in
2024-10-03 13:33:54,950 ERROR scheduler Skipped queueing frappe.integrations.doctype.google_calendar.google_calendar.sync because it was found in queue for frappe3.in
2024-10-03 13:33:54,961 ERROR scheduler Skipped queueing frappe.desk.form.document_follow.send_hourly_updates because it was found in queue for frappe3.in
2024-10-03 13:33:54,971 ERROR scheduler Skipped queueing frappe.desk.page.backups.backups.delete_downloadable_backups because it was found in queue for frappe3.in
2024-10-03 13:33:54,981 ERROR scheduler Skipped queueing frappe.model.utils.user_settings.sync_user_settings because it was found in queue for frappe3.in
2024-10-03 13:33:54,992 ERROR scheduler Skipped queueing frappe.model.utils.link_count.update_link_count because it was found in queue for frappe3.in
2024-10-03 13:33:55,002 ERROR scheduler Skipped queueing frappe.automation.doctype.reminder.reminder.send_reminders because it was found in queue for frappe3.in
2024-10-03 13:33:55,011 ERROR scheduler Skipped queueing frappe.monitor.flush because it was found in queue for frappe3.in
2024-10-03 13:33:55,022 ERROR scheduler Skipped queueing frappe.email.queue.flush because it was found in queue for frappe3.in
2024-10-03 13:33:55,044 ERROR scheduler Skipped queueing frappe.core.doctype.prepared_report.prepared_report.expire_stalled_report because it was found in queue for frappe3.in
2024-10-03 13:33:55,056 ERROR scheduler Skipped queueing frappe.email.doctype.email_account.email_account.pull because it was found in queue for frappe3.in
2024-10-03 13:33:55,074 ERROR scheduler Skipped queueing frappe.deferred_insert.save_to_db because it was found in queue for frappe3.in
2024-10-03 13:33:55,089 ERROR scheduler Skipped queueing frappe.utils.global_search.sync_global_search because it was found in queue for frappe3.in
2024-10-03 13:33:55,108 ERROR scheduler Skipped queueing frappe.email.doctype.email_account.email_account.notify_unreplied because it was found in queue for frappe3.in
2024-10-03 13:33:55,119 ERROR scheduler Skipped queueing frappe.twofactor.delete_all_barcodes_for_users because it was found in queue for frappe3.in
2024-10-03 13:33:55,129 ERROR scheduler Skipped queueing frappe.website.doctype.web_page.web_page.check_publish_status because it was found in queue for frappe3.in
2024-10-03 13:33:55,142 ERROR scheduler Skipped queueing frappe.oauth.delete_oauth2_data because it was found in queue for frappe3.in
2024-10-03 14:01:53,975 ERROR scheduler Skipped queueing frappe.email.doctype.newsletter.newsletter.send_scheduled_email because it was found in queue for frappe3.in
2024-10-03 14:01:53,994 ERROR scheduler Skipped queueing frappe.integrations.doctype.google_calendar.google_calendar.sync because it was found in queue for frappe3.in
2024-10-03 14:01:54,003 ERROR scheduler Skipped queueing frappe.desk.form.document_follow.send_hourly_updates because it was found in queue for frappe3.in
2024-10-03 14:01:54,016 ERROR scheduler Skipped queueing frappe.desk.page.backups.backups.delete_downloadable_backups because it was found in queue for frappe3.in
2024-10-03 14:01:54,026 ERROR scheduler Skipped queueing frappe.model.utils.user_settings.sync_user_settings because it was found in queue for frappe3.in
2024-10-03 14:01:54,035 ERROR scheduler Skipped queueing frappe.model.utils.link_count.update_link_count because it was found in queue for frappe3.in
2024-10-03 14:01:54,046 ERROR scheduler Skipped queueing frappe.automation.doctype.reminder.reminder.send_reminders because it was found in queue for frappe3.in
2024-10-03 14:01:54,056 ERROR scheduler Skipped queueing frappe.monitor.flush because it was found in queue for frappe3.in
2024-10-03 14:01:54,065 ERROR scheduler Skipped queueing frappe.email.queue.flush because it was found in queue for frappe3.in
2024-10-03 14:01:54,089 ERROR scheduler Skipped queueing frappe.email.doctype.email_account.email_account.pull because it was found in queue for frappe3.in
2024-10-03 14:01:54,099 ERROR scheduler Skipped queueing frappe.deferred_insert.save_to_db because it was found in queue for frappe3.in
2024-10-03 14:01:54,108 ERROR scheduler Skipped queueing frappe.utils.global_search.sync_global_search because it was found in queue for frappe3.in
2024-10-03 14:01:54,119 ERROR scheduler Skipped queueing frappe.email.doctype.email_account.email_account.notify_unreplied because it was found in queue for frappe3.in
2024-10-03 14:01:54,130 ERROR scheduler Skipped queueing frappe.twofactor.delete_all_barcodes_for_users because it was found in queue for frappe3.in
2024-10-03 14:01:54,141 ERROR scheduler Skipped queueing frappe.website.doctype.web_page.web_page.check_publish_status because it was found in queue for frappe3.in
2024-10-03 14:01:54,152 ERROR scheduler Skipped queueing frappe.oauth.delete_oauth2_data because it was found in queue for frappe3.in
2024-10-03 18:02:00,337 ERROR scheduler Skipped queueing erpnext.projects.doctype.project.project.hourly_reminder because it was found in queue for frappe3.in
2024-10-03 18:02:00,356 ERROR scheduler Skipped queueing erpnext.projects.doctype.project.project.project_status_update_reminder because it was found in queue for frappe3.in
2024-10-03 18:02:00,367 ERROR scheduler Skipped queueing erpnext.erpnext_integrations.doctype.plaid_settings.plaid_settings.automatic_synchronization because it was found in queue for frappe3.in
2024-10-03 18:02:00,377 ERROR scheduler Skipped queueing erpnext.utilities.doctype.video.video.update_youtube_data because it was found in queue for frappe3.in
2024-10-03 18:02:00,405 ERROR scheduler Skipped queueing erpnext.accounts.doctype.process_payment_reconciliation.process_payment_reconciliation.trigger_reconciliation_for_queued_docs because it was found in queue for frappe3.in
2024-10-03 18:02:00,415 ERROR scheduler Skipped queueing erpnext.manufacturing.doctype.bom_update_log.bom_update_log.resume_bom_cost_update_jobs because it was found in queue for frappe3.in
2024-10-03 18:02:00,638 ERROR scheduler Skipped queueing frappe.website.doctype.personal_data_deletion_request.personal_data_deletion_request.process_data_deletion_request because it was found in queue for frappe3.in
2024-10-03 18:02:00,649 ERROR scheduler Skipped queueing frappe.email.doctype.newsletter.newsletter.send_scheduled_email because it was found in queue for frappe3.in
2024-10-03 18:02:00,661 ERROR scheduler Skipped queueing frappe.integrations.doctype.google_calendar.google_calendar.sync because it was found in queue for frappe3.in
2024-10-03 18:02:00,672 ERROR scheduler Skipped queueing frappe.desk.form.document_follow.send_hourly_updates because it was found in queue for frappe3.in
2024-10-03 18:02:00,684 ERROR scheduler Skipped queueing frappe.desk.page.backups.backups.delete_downloadable_backups because it was found in queue for frappe3.in
2024-10-03 18:02:00,697 ERROR scheduler Skipped queueing frappe.model.utils.user_settings.sync_user_settings because it was found in queue for frappe3.in
2024-10-03 18:02:00,708 ERROR scheduler Skipped queueing frappe.model.utils.link_count.update_link_count because it was found in queue for frappe3.in
2024-10-03 18:02:00,719 ERROR scheduler Skipped queueing frappe.automation.doctype.reminder.reminder.send_reminders because it was found in queue for frappe3.in
2024-10-03 18:02:00,732 ERROR scheduler Skipped queueing frappe.monitor.flush because it was found in queue for frappe3.in
2024-10-03 18:02:00,743 ERROR scheduler Skipped queueing frappe.email.queue.flush because it was found in queue for frappe3.in
2024-10-03 18:02:00,769 ERROR scheduler Skipped queueing frappe.email.doctype.email_account.email_account.pull because it was found in queue for frappe3.in
2024-10-03 18:02:00,779 ERROR scheduler Skipped queueing frappe.deferred_insert.save_to_db because it was found in queue for frappe3.in
2024-10-03 18:02:00,789 ERROR scheduler Skipped queueing frappe.utils.global_search.sync_global_search because it was found in queue for frappe3.in
2024-10-03 18:02:00,801 ERROR scheduler Skipped queueing frappe.email.doctype.email_account.email_account.notify_unreplied because it was found in queue for frappe3.in
2024-10-03 18:02:00,811 ERROR scheduler Skipped queueing frappe.twofactor.delete_all_barcodes_for_users because it was found in queue for frappe3.in
2024-10-03 18:02:00,825 ERROR scheduler Skipped queueing frappe.website.doctype.web_page.web_page.check_publish_status because it was found in queue for frappe3.in
2024-10-03 18:02:00,838 ERROR scheduler Skipped queueing frappe.oauth.delete_oauth2_data because it was found in queue for frappe3.in
2024-10-03 19:01:24,612 ERROR scheduler Skipped queueing erpnext.projects.doctype.project.project.collect_project_status because it was found in queue for frappe3.in
2024-10-03 19:01:24,647 ERROR scheduler Skipped queueing erpnext.projects.doctype.project.project.hourly_reminder because it was found in queue for frappe3.in
2024-10-03 19:01:24,661 ERROR scheduler Skipped queueing erpnext.projects.doctype.project.project.project_status_update_reminder because it was found in queue for frappe3.in
2024-10-03 19:01:24,674 ERROR scheduler Skipped queueing erpnext.erpnext_integrations.doctype.plaid_settings.plaid_settings.automatic_synchronization because it was found in queue for frappe3.in
2024-10-03 19:01:24,686 ERROR scheduler Skipped queueing erpnext.utilities.doctype.video.video.update_youtube_data because it was found in queue for frappe3.in
2024-10-03 19:01:24,717 ERROR scheduler Skipped queueing erpnext.accounts.doctype.process_payment_reconciliation.process_payment_reconciliation.trigger_reconciliation_for_queued_docs because it was found in queue for frappe3.in
2024-10-03 19:01:24,728 ERROR scheduler Skipped queueing erpnext.manufacturing.doctype.bom_update_log.bom_update_log.resume_bom_cost_update_jobs because it was found in queue for frappe3.in
2024-10-03 19:01:24,936 ERROR scheduler Skipped queueing frappe.website.doctype.personal_data_deletion_request.personal_data_deletion_request.process_data_deletion_request because it was found in queue for frappe3.in
2024-10-03 19:01:24,946 ERROR scheduler Skipped queueing frappe.email.doctype.newsletter.newsletter.send_scheduled_email because it was found in queue for frappe3.in
2024-10-03 19:01:24,955 ERROR scheduler Skipped queueing frappe.integrations.doctype.google_calendar.google_calendar.sync because it was found in queue for frappe3.in
2024-10-03 19:01:24,965 ERROR scheduler Skipped queueing frappe.desk.form.document_follow.send_hourly_updates because it was found in queue for frappe3.in
2024-10-03 19:01:24,976 ERROR scheduler Skipped queueing frappe.desk.page.backups.backups.delete_downloadable_backups because it was found in queue for frappe3.in
2024-10-03 19:01:24,985 ERROR scheduler Skipped queueing frappe.model.utils.user_settings.sync_user_settings because it was found in queue for frappe3.in
2024-10-03 19:01:24,995 ERROR scheduler Skipped queueing frappe.model.utils.link_count.update_link_count because it was found in queue for frappe3.in
2024-10-03 19:01:25,005 ERROR scheduler Skipped queueing frappe.automation.doctype.reminder.reminder.send_reminders because it was found in queue for frappe3.in
2024-10-03 19:01:25,015 ERROR scheduler Skipped queueing frappe.monitor.flush because it was found in queue for frappe3.in
2024-10-03 19:01:25,025 ERROR scheduler Skipped queueing frappe.email.queue.flush because it was found in queue for frappe3.in
2024-10-03 19:01:25,066 ERROR scheduler Skipped queueing frappe.deferred_insert.save_to_db because it was found in queue for frappe3.in
2024-10-03 19:01:25,077 ERROR scheduler Skipped queueing frappe.utils.global_search.sync_global_search because it was found in queue for frappe3.in
2024-10-03 19:01:25,088 ERROR scheduler Skipped queueing frappe.email.doctype.email_account.email_account.notify_unreplied because it was found in queue for frappe3.in
2024-10-03 19:01:25,103 ERROR scheduler Skipped queueing frappe.twofactor.delete_all_barcodes_for_users because it was found in queue for frappe3.in
2024-10-03 19:01:25,123 ERROR scheduler Skipped queueing frappe.website.doctype.web_page.web_page.check_publish_status because it was found in queue for frappe3.in
2024-10-03 19:01:25,133 ERROR scheduler Skipped queueing frappe.oauth.delete_oauth2_data because it was found in queue for frappe3.in
2024-10-04 08:43:08,748 ERROR scheduler Skipped queueing erpnext.utilities.bulk_transaction.retry because it was found in queue for frappe3.in
2024-10-04 08:43:08,772 ERROR scheduler Skipped queueing erpnext.stock.doctype.repost_item_valuation.repost_item_valuation.repost_entries because it was found in queue for frappe3.in
2024-10-04 08:43:08,805 ERROR scheduler Skipped queueing erpnext.assets.doctype.asset.depreciation.post_depreciation_entries because it was found in queue for frappe3.in
2024-10-04 08:43:08,819 ERROR scheduler Skipped queueing erpnext.crm.utils.open_leads_opportunities_based_on_todays_event because it was found in queue for frappe3.in
2024-10-04 08:43:08,832 ERROR scheduler Skipped queueing erpnext.manufacturing.doctype.bom_update_tool.bom_update_tool.auto_update_latest_price_in_all_boms because it was found in queue for frappe3.in
2024-10-04 08:43:08,844 ERROR scheduler Skipped queueing erpnext.setup.doctype.email_digest.email_digest.send because it was found in queue for frappe3.in
2024-10-04 08:43:08,856 ERROR scheduler Skipped queueing erpnext.accounts.doctype.process_subscription.process_subscription.create_subscription_process because it was found in queue for frappe3.in
2024-10-04 08:43:08,998 ERROR scheduler Skipped queueing erpnext.assets.doctype.asset.asset.update_maintenance_status because it was found in queue for frappe3.in
2024-10-04 08:43:09,013 ERROR scheduler Skipped queueing erpnext.setup.doctype.company.company.cache_companies_monthly_sales_history because it was found in queue for frappe3.in
2024-10-04 08:43:09,028 ERROR scheduler Skipped queueing erpnext.buying.doctype.supplier_scorecard.supplier_scorecard.refresh_scorecards because it was found in queue for frappe3.in
2024-10-04 08:43:09,043 ERROR scheduler Skipped queueing erpnext.stock.doctype.serial_no.serial_no.update_maintenance_status because it was found in queue for frappe3.in
2024-10-04 08:43:09,056 ERROR scheduler Skipped queueing erpnext.projects.doctype.task.task.set_tasks_as_overdue because it was found in queue for frappe3.in
2024-10-04 08:43:09,067 ERROR scheduler Skipped queueing erpnext.accounts.doctype.fiscal_year.fiscal_year.auto_create_fiscal_year because it was found in queue for frappe3.in
2024-10-04 08:43:09,078 ERROR scheduler Skipped queueing erpnext.controllers.accounts_controller.update_invoice_status because it was found in queue for frappe3.in
2024-10-04 08:43:09,088 ERROR scheduler Skipped queueing erpnext.crm.doctype.opportunity.opportunity.auto_close_opportunity because it was found in queue for frappe3.in
2024-10-04 08:43:09,099 ERROR scheduler Skipped queueing erpnext.support.doctype.issue.issue.auto_close_tickets because it was found in queue for frappe3.in
2024-10-04 08:43:09,110 ERROR scheduler Skipped queueing erpnext.projects.doctype.project.project.collect_project_status because it was found in queue for frappe3.in
2024-10-04 08:43:09,121 ERROR scheduler Skipped queueing erpnext.projects.doctype.project.project.hourly_reminder because it was found in queue for frappe3.in
2024-10-04 08:43:09,132 ERROR scheduler Skipped queueing erpnext.projects.doctype.project.project.project_status_update_reminder because it was found in queue for frappe3.in
2024-10-04 08:43:09,143 ERROR scheduler Skipped queueing erpnext.erpnext_integrations.doctype.plaid_settings.plaid_settings.automatic_synchronization because it was found in queue for frappe3.in
2024-10-04 08:43:09,153 ERROR scheduler Skipped queueing erpnext.utilities.doctype.video.video.update_youtube_data because it was found in queue for frappe3.in
2024-10-04 08:43:09,164 ERROR scheduler Skipped queueing erpnext.stock.reorder_item.reorder_item because it was found in queue for frappe3.in
2024-10-04 08:43:09,176 ERROR scheduler Skipped queueing erpnext.accounts.doctype.gl_entry.gl_entry.rename_gle_sle_docs because it was found in queue for frappe3.in
2024-10-04 08:43:09,188 ERROR scheduler Skipped queueing erpnext.accounts.doctype.process_payment_reconciliation.process_payment_reconciliation.trigger_reconciliation_for_queued_docs because it was found in queue for frappe3.in
2024-10-04 08:43:09,198 ERROR scheduler Skipped queueing erpnext.manufacturing.doctype.bom_update_log.bom_update_log.resume_bom_cost_update_jobs because it was found in queue for frappe3.in
2024-10-04 08:43:09,293 ERROR scheduler Skipped queueing frappe.integrations.doctype.google_drive.google_drive.daily_backup because it was found in queue for frappe3.in
2024-10-04 08:43:09,304 ERROR scheduler Skipped queueing frappe.email.doctype.auto_email_report.auto_email_report.send_daily because it was found in queue for frappe3.in
2024-10-04 08:43:09,315 ERROR scheduler Skipped queueing frappe.integrations.doctype.s3_backup_settings.s3_backup_settings.take_backups_daily because it was found in queue for frappe3.in
2024-10-04 08:43:09,325 ERROR scheduler Skipped queueing frappe.integrations.doctype.dropbox_settings.dropbox_settings.take_backups_daily because it was found in queue for frappe3.in
2024-10-04 08:43:09,335 ERROR scheduler Skipped queueing frappe.automation.doctype.auto_repeat.auto_repeat.set_auto_repeat_as_completed because it was found in queue for frappe3.in
2024-10-04 08:43:09,346 ERROR scheduler Skipped queueing frappe.automation.doctype.auto_repeat.auto_repeat.make_auto_repeat_entry because it was found in queue for frappe3.in
2024-10-04 08:43:09,360 ERROR scheduler Skipped queueing frappe.integrations.doctype.google_contacts.google_contacts.sync because it was found in queue for frappe3.in
2024-10-04 08:43:09,371 ERROR scheduler Skipped queueing frappe.social.doctype.energy_point_settings.energy_point_settings.allocate_review_points because it was found in queue for frappe3.in
2024-10-04 08:43:09,381 ERROR scheduler Skipped queueing frappe.desk.form.document_follow.send_daily_updates because it was found in queue for frappe3.in
2024-10-04 08:43:09,391 ERROR scheduler Skipped queueing frappe.website.doctype.personal_data_deletion_request.personal_data_deletion_request.remove_unverified_record because it was found in queue for frappe3.in
2024-10-04 08:43:09,402 ERROR scheduler Skipped queueing frappe.email.doctype.notification.notification.trigger_daily_alerts because it was found in queue for frappe3.in
2024-10-04 08:43:09,415 ERROR scheduler Skipped queueing frappe.sessions.clear_expired_sessions because it was found in queue for frappe3.in
2024-10-04 08:43:09,429 ERROR scheduler Skipped queueing frappe.desk.doctype.event.event.send_event_digest because it was found in queue for frappe3.in
2024-10-04 08:43:09,443 ERROR scheduler Skipped queueing frappe.desk.notifications.clear_notifications because it was found in queue for frappe3.in
2024-10-04 08:43:09,456 ERROR scheduler Skipped queueing frappe.website.doctype.personal_data_deletion_request.personal_data_deletion_request.process_data_deletion_request because it was found in queue for frappe3.in
2024-10-04 08:43:09,469 ERROR scheduler Skipped queueing frappe.email.doctype.newsletter.newsletter.send_scheduled_email because it was found in queue for frappe3.in
2024-10-04 08:43:09,481 ERROR scheduler Skipped queueing frappe.integrations.doctype.google_calendar.google_calendar.sync because it was found in queue for frappe3.in
2024-10-04 08:43:09,501 ERROR scheduler Skipped queueing frappe.desk.form.document_follow.send_hourly_updates because it was found in queue for frappe3.in
2024-10-04 08:43:09,515 ERROR scheduler Skipped queueing frappe.desk.page.backups.backups.delete_downloadable_backups because it was found in queue for frappe3.in
2024-10-04 08:43:09,531 ERROR scheduler Skipped queueing frappe.model.utils.user_settings.sync_user_settings because it was found in queue for frappe3.in
2024-10-04 08:43:09,545 ERROR scheduler Skipped queueing frappe.model.utils.link_count.update_link_count because it was found in queue for frappe3.in
2024-10-04 08:43:09,558 ERROR scheduler Skipped queueing frappe.automation.doctype.reminder.reminder.send_reminders because it was found in queue for frappe3.in
2024-10-04 08:43:09,569 ERROR scheduler Skipped queueing frappe.monitor.flush because it was found in queue for frappe3.in
2024-10-04 08:43:09,580 ERROR scheduler Skipped queueing frappe.email.queue.flush because it was found in queue for frappe3.in
2024-10-04 08:43:09,590 ERROR scheduler Skipped queueing frappe.core.doctype.log_settings.log_settings.run_log_clean_up because it was found in queue for frappe3.in
2024-10-04 08:43:09,602 ERROR scheduler Skipped queueing frappe.core.doctype.prepared_report.prepared_report.expire_stalled_report because it was found in queue for frappe3.in
2024-10-04 08:43:09,614 ERROR scheduler Skipped queueing frappe.email.doctype.email_account.email_account.pull because it was found in queue for frappe3.in
2024-10-04 08:43:09,625 ERROR scheduler Skipped queueing frappe.deferred_insert.save_to_db because it was found in queue for frappe3.in
2024-10-04 08:43:09,637 ERROR scheduler Skipped queueing frappe.utils.global_search.sync_global_search because it was found in queue for frappe3.in
2024-10-04 08:43:09,649 ERROR scheduler Skipped queueing frappe.email.doctype.email_account.email_account.notify_unreplied because it was found in queue for frappe3.in
2024-10-04 08:43:09,659 ERROR scheduler Skipped queueing frappe.twofactor.delete_all_barcodes_for_users because it was found in queue for frappe3.in
2024-10-04 08:43:09,669 ERROR scheduler Skipped queueing frappe.website.doctype.web_page.web_page.check_publish_status because it was found in queue for frappe3.in
2024-10-04 08:43:09,680 ERROR scheduler Skipped queueing frappe.oauth.delete_oauth2_data because it was found in queue for frappe3.in
2024-10-04 08:44:12,363 ERROR scheduler Skipped queueing erpnext.utilities.bulk_transaction.retry because it was found in queue for frappe3.in
2024-10-04 08:44:12,374 ERROR scheduler Skipped queueing erpnext.stock.doctype.repost_item_valuation.repost_item_valuation.repost_entries because it was found in queue for frappe3.in
2024-10-04 08:44:12,404 ERROR scheduler Skipped queueing erpnext.assets.doctype.asset.depreciation.post_depreciation_entries because it was found in queue for frappe3.in
2024-10-04 08:44:12,415 ERROR scheduler Skipped queueing erpnext.crm.utils.open_leads_opportunities_based_on_todays_event because it was found in queue for frappe3.in
2024-10-04 08:44:12,424 ERROR scheduler Skipped queueing erpnext.manufacturing.doctype.bom_update_tool.bom_update_tool.auto_update_latest_price_in_all_boms because it was found in queue for frappe3.in
2024-10-04 08:44:12,436 ERROR scheduler Skipped queueing erpnext.setup.doctype.email_digest.email_digest.send because it was found in queue for frappe3.in
2024-10-04 08:44:12,447 ERROR scheduler Skipped queueing erpnext.accounts.doctype.process_subscription.process_subscription.create_subscription_process because it was found in queue for frappe3.in
2024-10-04 08:44:12,803 ERROR scheduler Skipped queueing frappe.integrations.doctype.google_drive.google_drive.daily_backup because it was found in queue for frappe3.in
2024-10-04 08:44:12,812 ERROR scheduler Skipped queueing frappe.email.doctype.auto_email_report.auto_email_report.send_daily because it was found in queue for frappe3.in
2024-10-04 08:44:12,826 ERROR scheduler Skipped queueing frappe.integrations.doctype.s3_backup_settings.s3_backup_settings.take_backups_daily because it was found in queue for frappe3.in
2024-10-04 08:44:12,837 ERROR scheduler Skipped queueing frappe.integrations.doctype.dropbox_settings.dropbox_settings.take_backups_daily because it was found in queue for frappe3.in
2024-10-04 08:45:15,054 ERROR scheduler Skipped queueing erpnext.utilities.bulk_transaction.retry because it was found in queue for frappe3.in
2024-10-04 08:45:15,063 ERROR scheduler Skipped queueing erpnext.stock.doctype.repost_item_valuation.repost_item_valuation.repost_entries because it was found in queue for frappe3.in
2024-10-04 08:45:15,087 ERROR scheduler Skipped queueing erpnext.assets.doctype.asset.depreciation.post_depreciation_entries because it was found in queue for frappe3.in
2024-10-04 08:45:15,096 ERROR scheduler Skipped queueing erpnext.crm.utils.open_leads_opportunities_based_on_todays_event because it was found in queue for frappe3.in
2024-10-04 08:45:15,105 ERROR scheduler Skipped queueing erpnext.manufacturing.doctype.bom_update_tool.bom_update_tool.auto_update_latest_price_in_all_boms because it was found in queue for frappe3.in
2024-10-04 08:45:15,119 ERROR scheduler Skipped queueing erpnext.setup.doctype.email_digest.email_digest.send because it was found in queue for frappe3.in
2024-10-04 08:45:15,131 ERROR scheduler Skipped queueing erpnext.accounts.doctype.process_subscription.process_subscription.create_subscription_process because it was found in queue for frappe3.in
2024-10-04 08:45:15,516 ERROR scheduler Skipped queueing frappe.integrations.doctype.google_drive.google_drive.daily_backup because it was found in queue for frappe3.in
2024-10-04 08:45:15,529 ERROR scheduler Skipped queueing frappe.email.doctype.auto_email_report.auto_email_report.send_daily because it was found in queue for frappe3.in
2024-10-04 08:45:15,537 ERROR scheduler Skipped queueing frappe.integrations.doctype.s3_backup_settings.s3_backup_settings.take_backups_daily because it was found in queue for frappe3.in
2024-10-04 08:45:15,548 ERROR scheduler Skipped queueing frappe.integrations.doctype.dropbox_settings.dropbox_settings.take_backups_daily because it was found in queue for frappe3.in
2024-10-04 08:45:15,703 ERROR scheduler Skipped queueing frappe.automation.doctype.reminder.reminder.send_reminders because it was found in queue for frappe3.in
2024-10-04 08:45:15,714 ERROR scheduler Skipped queueing frappe.monitor.flush because it was found in queue for frappe3.in
2024-10-04 08:45:15,725 ERROR scheduler Skipped queueing frappe.email.queue.flush because it was found in queue for frappe3.in
2024-10-04 08:46:17,172 ERROR scheduler Skipped queueing erpnext.stock.doctype.repost_item_valuation.repost_item_valuation.repost_entries because it was found in queue for frappe3.in
2024-10-04 08:46:17,204 ERROR scheduler Skipped queueing erpnext.assets.doctype.asset.depreciation.post_depreciation_entries because it was found in queue for frappe3.in
2024-10-04 08:46:17,215 ERROR scheduler Skipped queueing erpnext.crm.utils.open_leads_opportunities_based_on_todays_event because it was found in queue for frappe3.in
2024-10-04 08:46:17,226 ERROR scheduler Skipped queueing erpnext.manufacturing.doctype.bom_update_tool.bom_update_tool.auto_update_latest_price_in_all_boms because it was found in queue for frappe3.in
2024-10-04 08:46:17,236 ERROR scheduler Skipped queueing erpnext.setup.doctype.email_digest.email_digest.send because it was found in queue for frappe3.in
2024-10-04 08:46:17,248 ERROR scheduler Skipped queueing erpnext.accounts.doctype.process_subscription.process_subscription.create_subscription_process because it was found in queue for frappe3.in
2024-10-04 08:46:17,598 ERROR scheduler Skipped queueing frappe.integrations.doctype.google_drive.google_drive.daily_backup because it was found in queue for frappe3.in
2024-10-04 08:46:17,608 ERROR scheduler Skipped queueing frappe.email.doctype.auto_email_report.auto_email_report.send_daily because it was found in queue for frappe3.in
2024-10-04 08:46:17,617 ERROR scheduler Skipped queueing frappe.integrations.doctype.s3_backup_settings.s3_backup_settings.take_backups_daily because it was found in queue for frappe3.in
2024-10-04 08:46:17,629 ERROR scheduler Skipped queueing frappe.integrations.doctype.dropbox_settings.dropbox_settings.take_backups_daily because it was found in queue for frappe3.in
2024-10-04 09:07:44,087 ERROR scheduler Skipped queueing erpnext.stock.doctype.repost_item_valuation.repost_item_valuation.repost_entries because it was found in queue for frappe3.in
2024-10-04 09:07:44,366 ERROR scheduler Skipped queueing erpnext.projects.doctype.project.project.collect_project_status because it was found in queue for frappe3.in
2024-10-04 09:07:44,384 ERROR scheduler Skipped queueing erpnext.projects.doctype.project.project.hourly_reminder because it was found in queue for frappe3.in
2024-10-04 09:07:44,394 ERROR scheduler Skipped queueing erpnext.projects.doctype.project.project.project_status_update_reminder because it was found in queue for frappe3.in
2024-10-04 09:07:44,407 ERROR scheduler Skipped queueing erpnext.erpnext_integrations.doctype.plaid_settings.plaid_settings.automatic_synchronization because it was found in queue for frappe3.in
2024-10-04 09:07:44,421 ERROR scheduler Skipped queueing erpnext.utilities.doctype.video.video.update_youtube_data because it was found in queue for frappe3.in
2024-10-04 09:07:44,449 ERROR scheduler Skipped queueing erpnext.accounts.doctype.process_payment_reconciliation.process_payment_reconciliation.trigger_reconciliation_for_queued_docs because it was found in queue for frappe3.in
2024-10-04 09:07:44,462 ERROR scheduler Skipped queueing erpnext.manufacturing.doctype.bom_update_log.bom_update_log.resume_bom_cost_update_jobs because it was found in queue for frappe3.in
2024-10-04 09:07:44,693 ERROR scheduler Skipped queueing frappe.website.doctype.personal_data_deletion_request.personal_data_deletion_request.process_data_deletion_request because it was found in queue for frappe3.in
2024-10-04 09:07:44,708 ERROR scheduler Skipped queueing frappe.email.doctype.newsletter.newsletter.send_scheduled_email because it was found in queue for frappe3.in
2024-10-04 09:07:44,718 ERROR scheduler Skipped queueing frappe.integrations.doctype.google_calendar.google_calendar.sync because it was found in queue for frappe3.in
2024-10-04 09:07:44,729 ERROR scheduler Skipped queueing frappe.desk.form.document_follow.send_hourly_updates because it was found in queue for frappe3.in
2024-10-04 09:07:44,739 ERROR scheduler Skipped queueing frappe.desk.page.backups.backups.delete_downloadable_backups because it was found in queue for frappe3.in
2024-10-04 09:07:44,752 ERROR scheduler Skipped queueing frappe.model.utils.user_settings.sync_user_settings because it was found in queue for frappe3.in
2024-10-04 09:07:44,765 ERROR scheduler Skipped queueing frappe.model.utils.link_count.update_link_count because it was found in queue for frappe3.in
2024-10-04 09:07:44,776 ERROR scheduler Skipped queueing frappe.automation.doctype.reminder.reminder.send_reminders because it was found in queue for frappe3.in
2024-10-04 09:07:44,787 ERROR scheduler Skipped queueing frappe.monitor.flush because it was found in queue for frappe3.in
2024-10-04 09:07:44,797 ERROR scheduler Skipped queueing frappe.email.queue.flush because it was found in queue for frappe3.in
2024-10-04 09:07:44,831 ERROR scheduler Skipped queueing frappe.email.doctype.email_account.email_account.pull because it was found in queue for frappe3.in
2024-10-04 09:07:44,844 ERROR scheduler Skipped queueing frappe.deferred_insert.save_to_db because it was found in queue for frappe3.in
2024-10-04 09:07:44,858 ERROR scheduler Skipped queueing frappe.utils.global_search.sync_global_search because it was found in queue for frappe3.in
2024-10-04 09:07:44,870 ERROR scheduler Skipped queueing frappe.email.doctype.email_account.email_account.notify_unreplied because it was found in queue for frappe3.in
2024-10-04 09:07:44,882 ERROR scheduler Skipped queueing frappe.twofactor.delete_all_barcodes_for_users because it was found in queue for frappe3.in
2024-10-04 09:07:44,895 ERROR scheduler Skipped queueing frappe.website.doctype.web_page.web_page.check_publish_status because it was found in queue for frappe3.in
2024-10-04 09:07:44,909 ERROR scheduler Skipped queueing frappe.oauth.delete_oauth2_data because it was found in queue for frappe3.in
