2024-10-03 11:24:26,545 WARNING database DDL Query made to DB:
ALTER TABLE `tabAddress` ADD COLUMN `tax_category` varchar(140), ADD COLUMN `is_your_company_address` int(1) not null default 0
2024-10-03 11:24:26,902 WARNING database DDL Query made to DB:
ALTER TABLE `tabContact` ADD COLUMN `is_billing_contact` int(1) not null default 0
2024-10-03 11:39:31,552 WARNING database DDL Query made to DB:
alter table `tabDocType` add column if not exists migration_hash varchar(140)
2024-10-03 11:39:36,941 WARNING database DDL Query made to DB:
ALTER TABLE `tabPrint Heading` DROP INDEX `print_heading`
2024-10-03 11:39:42,671 WARNING database DDL Query made to DB:
ALTER TABLE `tabPrint Heading` ADD UNIQUE INDEX IF NOT EXISTS print_heading (`print_heading`)
2024-10-03 11:44:11,402 WARNING database DDL Query made to DB:
alter table `tabDocType` add column if not exists migration_hash varchar(140)
2024-10-03 11:44:15,798 WARNING database DDL Query made to DB:
ALTER TABLE `tabPrint Heading` DROP INDEX `print_heading`
2024-10-03 11:44:21,358 WARNING database DDL Query made to DB:
ALTER TABLE `tabPrint Heading` ADD UNIQUE INDEX IF NOT EXISTS print_heading (`print_heading`)
2024-10-03 11:44:48,150 WARNING database DDL Query made to DB:
alter table `tabDocType` add column if not exists migration_hash varchar(140)
2024-10-03 11:44:52,330 WARNING database DDL Query made to DB:
ALTER TABLE `tabPrint Heading` DROP INDEX `print_heading`
2024-10-03 11:44:56,903 WARNING database DDL Query made to DB:
ALTER TABLE `tabPrint Heading` ADD UNIQUE INDEX IF NOT EXISTS print_heading (`print_heading`)
2024-10-03 11:45:20,255 WARNING database DDL Query made to DB:
alter table `tabDocType` add column if not exists migration_hash varchar(140)
2024-10-03 11:45:21,599 WARNING database DDL Query made to DB:
ALTER TABLE `tabPatch Log` MODIFY `skipped` int(1) not null default 0
2024-10-03 11:45:24,356 WARNING database DDL Query made to DB:
ALTER TABLE `tabDocField` MODIFY `fetch_if_empty` int(1) not null default 0, MODIFY `report_hide` int(1) not null default 0, MODIFY `hidden` int(1) not null default 0, MODIFY `bold` int(1) not null default 0, MODIFY `ignore_xss_filter` int(1) not null default 0, MODIFY `allow_in_quick_entry` int(1) not null default 0, MODIFY `show_dashboard` int(1) not null default 0, MODIFY `translatable` int(1) not null default 0, MODIFY `print_hide` int(1) not null default 0, MODIFY `print_hide_if_no_value` int(1) not null default 0, MODIFY `collapsible` int(1) not null default 0, MODIFY `hide_border` int(1) not null default 0, MODIFY `sort_options` int(1) not null default 0, MODIFY `in_list_view` int(1) not null default 0, MODIFY `in_preview` int(1) not null default 0, MODIFY `in_filter` int(1) not null default 0, MODIFY `in_global_search` int(1) not null default 0, MODIFY `in_standard_filter` int(1) not null default 0, MODIFY `hide_seconds` int(1) not null default 0, MODIFY `read_only` int(1) not null default 0, MODIFY `allow_on_submit` int(1) not null default 0, MODIFY `ignore_user_permissions` int(1) not null default 0, MODIFY `allow_bulk_edit` int(1) not null default 0, MODIFY `hide_days` int(1) not null default 0, MODIFY `unique` int(1) not null default 0, MODIFY `no_copy` int(1) not null default 0, MODIFY `set_only_once` int(1) not null default 0, MODIFY `remember_last_selected_value` int(1) not null default 0, MODIFY `non_negative` int(1) not null default 0, MODIFY `is_virtual` int(1) not null default 0, MODIFY `search_index` int(1) not null default 0, MODIFY `link_filters` json, MODIFY `reqd` int(1) not null default 0
2024-10-03 11:45:25,201 WARNING database DDL Query made to DB:
ALTER TABLE `tabDocPerm` MODIFY `print` int(1) not null default 1, MODIFY `report` int(1) not null default 1, MODIFY `delete` int(1) not null default 1, MODIFY `if_owner` int(1) not null default 0, MODIFY `import` int(1) not null default 0, MODIFY `email` int(1) not null default 1, MODIFY `submit` int(1) not null default 0, MODIFY `cancel` int(1) not null default 0, MODIFY `create` int(1) not null default 1, MODIFY `amend` int(1) not null default 0, MODIFY `read` int(1) not null default 1, MODIFY `write` int(1) not null default 1, MODIFY `share` int(1) not null default 1, MODIFY `export` int(1) not null default 1, MODIFY `select` int(1) not null default 0
2024-10-03 11:45:25,652 WARNING database DDL Query made to DB:
ALTER TABLE `tabDocType Action` MODIFY `custom` int(1) not null default 0, MODIFY `hidden` int(1) not null default 0
2024-10-03 11:45:26,171 WARNING database DDL Query made to DB:
ALTER TABLE `tabDocType Link` MODIFY `is_child_table` int(1) not null default 0, MODIFY `hidden` int(1) not null default 0, MODIFY `custom` int(1) not null default 0
2024-10-03 11:45:26,635 WARNING database DDL Query made to DB:
ALTER TABLE `tabDocType State` MODIFY `custom` int(1) not null default 0
2024-10-03 11:45:27,485 WARNING database DDL Query made to DB:
ALTER TABLE `tabRole` MODIFY `is_custom` int(1) not null default 0, MODIFY `form_sidebar` int(1) not null default 1, MODIFY `dashboard` int(1) not null default 1, MODIFY `view_switcher` int(1) not null default 1, MODIFY `timeline` int(1) not null default 1, MODIFY `search_bar` int(1) not null default 1, MODIFY `list_sidebar` int(1) not null default 1, MODIFY `bulk_actions` int(1) not null default 1, MODIFY `disabled` int(1) not null default 0, MODIFY `desk_access` int(1) not null default 1, MODIFY `two_factor_auth` int(1) not null default 0, MODIFY `notifications` int(1) not null default 1
2024-10-03 11:45:29,067 WARNING database DDL Query made to DB:
ALTER TABLE `tabDocType` MODIFY `read_only` int(1) not null default 0, MODIFY `track_changes` int(1) not null default 0, MODIFY `in_create` int(1) not null default 0, MODIFY `track_seen` int(1) not null default 0, MODIFY `has_web_view` int(1) not null default 0, MODIFY `track_views` int(1) not null default 0, MODIFY `allow_guest_to_view` int(1) not null default 0, MODIFY `custom` int(1) not null default 0, MODIFY `index_web_pages_for_search` int(1) not null default 1, MODIFY `beta` int(1) not null default 0, MODIFY `is_virtual` int(1) not null default 0, MODIFY `queue_in_background` int(1) not null default 0, MODIFY `allow_rename` int(1) not null default 1, MODIFY `hide_toolbar` int(1) not null default 0, MODIFY `allow_copy` int(1) not null default 0, MODIFY `allow_import` int(1) not null default 0, MODIFY `allow_events_in_timeline` int(1) not null default 0, MODIFY `allow_auto_repeat` int(1) not null default 0, MODIFY `make_attachments_public` int(1) not null default 0, MODIFY `show_title_field_in_link` int(1) not null default 0, MODIFY `translated_doctype` int(1) not null default 0, MODIFY `sort_field` varchar(140) default 'modified', MODIFY `force_re_route_to_default_view` int(1) not null default 0, MODIFY `is_calendar_and_gantt` int(1) not null default 0, MODIFY `show_preview_popup` int(1) not null default 0, MODIFY `is_submittable` int(1) not null default 0, MODIFY `show_name_in_global_search` int(1) not null default 0, MODIFY `is_tree` int(1) not null default 0, MODIFY `email_append_to` int(1) not null default 0, MODIFY `quick_entry` int(1) not null default 0, MODIFY `editable_grid` int(1) not null default 1, MODIFY `issingle` int(1) not null default 0, MODIFY `istable` int(1) not null default 0
2024-10-03 11:45:30,011 WARNING database DDL Query made to DB:
ALTER TABLE `tabCustom Field` MODIFY `print_hide_if_no_value` int(1) not null default 0, MODIFY `in_standard_filter` int(1) not null default 0, MODIFY `search_index` int(1) not null default 0, MODIFY `allow_on_submit` int(1) not null default 0, MODIFY `in_preview` int(1) not null default 0, MODIFY `hide_days` int(1) not null default 0, MODIFY `ignore_xss_filter` int(1) not null default 0, MODIFY `non_negative` int(1) not null default 0, MODIFY `report_hide` int(1) not null default 0, MODIFY `hide_border` int(1) not null default 0, MODIFY `hide_seconds` int(1) not null default 0, MODIFY `allow_in_quick_entry` int(1) not null default 0, MODIFY `link_filters` json, MODIFY `collapsible` int(1) not null default 0, MODIFY `sort_options` int(1) not null default 0, MODIFY `fetch_if_empty` int(1) not null default 0, MODIFY `translatable` int(1) not null default 0, MODIFY `is_virtual` int(1) not null default 0, MODIFY `unique` int(1) not null default 0, MODIFY `show_dashboard` int(1) not null default 0, MODIFY `ignore_user_permissions` int(1) not null default 0, MODIFY `no_copy` int(1) not null default 0, MODIFY `is_system_generated` int(1) not null default 0, MODIFY `print_hide` int(1) not null default 0, MODIFY `read_only` int(1) not null default 0, MODIFY `reqd` int(1) not null default 0, MODIFY `bold` int(1) not null default 0, MODIFY `in_list_view` int(1) not null default 0, MODIFY `hidden` int(1) not null default 0, MODIFY `in_global_search` int(1) not null default 0
2024-10-03 11:45:30,713 WARNING database DDL Query made to DB:
ALTER TABLE `tabProperty Setter` MODIFY `is_system_generated` int(1) not null default 0
2024-10-03 11:45:31,532 WARNING database DDL Query made to DB:
ALTER TABLE `tabWeb Form` MODIFY `show_list` int(1) not null default 0, MODIFY `apply_document_permissions` int(1) not null default 0, MODIFY `allow_multiple` int(1) not null default 0, MODIFY `show_sidebar` int(1) not null default 0, MODIFY `allow_print` int(1) not null default 0, MODIFY `condition_json` json, MODIFY `allow_edit` int(1) not null default 0, MODIFY `login_required` int(1) not null default 0, MODIFY `published` int(1) not null default 0, MODIFY `allow_delete` int(1) not null default 0, MODIFY `allow_comments` int(1) not null default 0, MODIFY `anonymous` int(1) not null default 0, MODIFY `allow_incomplete` int(1) not null default 0, MODIFY `show_attachments` int(1) not null default 0, MODIFY `is_standard` int(1) not null default 0
2024-10-03 11:45:31,909 WARNING database DDL Query made to DB:
ALTER TABLE `tabWeb Template` MODIFY `standard` int(1) not null default 0
2024-10-03 11:45:32,401 WARNING database DDL Query made to DB:
ALTER TABLE `tabWeb Form Field` MODIFY `allow_read_on_all_link_options` int(1) not null default 0, MODIFY `hidden` int(1) not null default 0, MODIFY `read_only` int(1) not null default 0, MODIFY `show_in_filter` int(1) not null default 0, MODIFY `reqd` int(1) not null default 0
2024-10-03 11:45:32,851 WARNING database DDL Query made to DB:
ALTER TABLE `tabPortal Menu Item` MODIFY `enabled` int(1) not null default 0
2024-10-03 11:45:33,395 WARNING database DDL Query made to DB:
ALTER TABLE `tabNumber Card` MODIFY `is_standard` int(1) not null default 0, MODIFY `show_percentage_stats` int(1) not null default 1, MODIFY `is_public` int(1) not null default 0
2024-10-03 11:45:34,092 WARNING database DDL Query made to DB:
ALTER TABLE `tabDashboard Chart` MODIFY `is_standard` int(1) not null default 0, MODIFY `use_report_chart` int(1) not null default 0, MODIFY `timeseries` int(1) not null default 0, MODIFY `is_public` int(1) not null default 0
2024-10-03 11:45:34,527 WARNING database DDL Query made to DB:
ALTER TABLE `tabDashboard` MODIFY `is_default` int(1) not null default 0, MODIFY `is_standard` int(1) not null default 0
2024-10-03 11:45:35,414 WARNING database DDL Query made to DB:
ALTER TABLE `tabOnboarding Step` MODIFY `is_complete` int(1) not null default 0, MODIFY `show_full_form` int(1) not null default 0, MODIFY `show_form_tour` int(1) not null default 0, MODIFY `is_skipped` int(1) not null default 0, MODIFY `validate_action` int(1) not null default 1, MODIFY `is_single` int(1) not null default 0
2024-10-03 11:45:36,129 WARNING database DDL Query made to DB:
ALTER TABLE `tabModule Onboarding` MODIFY `is_complete` int(1) not null default 0
2024-10-03 11:45:36,619 WARNING database DDL Query made to DB:
ALTER TABLE `tabWorkspace Link` MODIFY `is_query_report` int(1) not null default 0, MODIFY `onboard` int(1) not null default 0, MODIFY `hidden` int(1) not null default 0
2024-10-03 11:45:38,933 WARNING database DDL Query made to DB:
ALTER TABLE `tabWorkspace` MODIFY `hide_custom` int(1) not null default 0, MODIFY `public` int(1) not null default 0, MODIFY `is_hidden` int(1) not null default 0, MODIFY `sequence_id` decimal(21,9) not null default 0
2024-10-03 11:45:39,375 WARNING database DDL Query made to DB:
ALTER TABLE `tabPage` MODIFY `system_page` int(1) not null default 0
2024-10-03 11:45:39,903 WARNING database DDL Query made to DB:
ALTER TABLE `tabReport` MODIFY `add_total_row` int(1) not null default 0, MODIFY `disabled` int(1) not null default 0, MODIFY `prepared_report` int(1) not null default 0
2024-10-03 11:45:40,298 WARNING database DDL Query made to DB:
ALTER TABLE `tabDashboard Chart Source` MODIFY `timeseries` int(1) not null default 0
2024-10-03 11:45:40,987 WARNING database DDL Query made to DB:
ALTER TABLE `tabPrint Format` MODIFY `print_format_builder` int(1) not null default 0, MODIFY `line_breaks` int(1) not null default 0, MODIFY `print_format_builder_beta` int(1) not null default 0, MODIFY `disabled` int(1) not null default 0, MODIFY `custom_format` int(1) not null default 0, MODIFY `show_section_headings` int(1) not null default 0, MODIFY `absolute_value` int(1) not null default 0, MODIFY `align_labels_right` int(1) not null default 0, MODIFY `raw_printing` int(1) not null default 0
2024-10-03 11:45:41,676 WARNING database DDL Query made to DB:
ALTER TABLE `tabWeb Page` MODIFY `show_sidebar` int(1) not null default 0, MODIFY `enable_comments` int(1) not null default 0, MODIFY `dynamic_route` int(1) not null default 0, MODIFY `dynamic_template` int(1) not null default 0, MODIFY `insert_style` int(1) not null default 0, MODIFY `published` int(1) not null default 1, MODIFY `full_width` int(1) not null default 1, MODIFY `show_title` int(1) not null default 0
2024-10-03 11:45:42,192 WARNING database DDL Query made to DB:
ALTER TABLE `tabWebsite Theme` MODIFY `button_gradients` int(1) not null default 0, MODIFY `custom` int(1) not null default 1, MODIFY `button_shadows` int(1) not null default 0, MODIFY `button_rounded_corners` int(1) not null default 1
2024-10-03 11:45:42,840 WARNING database DDL Query made to DB:
ALTER TABLE `tabNotification` MODIFY `attach_print` int(1) not null default 0, MODIFY `send_system_notification` int(1) not null default 0, MODIFY `send_to_all_assignees` int(1) not null default 0, MODIFY `is_standard` int(1) not null default 0, MODIFY `enabled` int(1) not null default 1
2024-10-03 11:45:43,241 WARNING database DDL Query made to DB:
ALTER TABLE `tabPrint Style` MODIFY `disabled` int(1) not null default 0, MODIFY `standard` int(1) not null default 0
2024-10-03 11:45:43,769 WARNING database DDL Query made to DB:
ALTER TABLE `tabForm Tour` MODIFY `ui_tour` int(1) not null default 0, MODIFY `first_document` int(1) not null default 0, MODIFY `track_steps` int(1) not null default 0, MODIFY `new_document_form` int(1) not null default 0, MODIFY `save_on_complete` int(1) not null default 0, MODIFY `is_standard` int(1) not null default 0, MODIFY `include_name_field` int(1) not null default 0
2024-10-03 11:45:44,198 WARNING database DDL Query made to DB:
ALTER TABLE `tabClient Script` MODIFY `enabled` int(1) not null default 0
2024-10-03 11:45:44,718 WARNING database DDL Query made to DB:
ALTER TABLE `tabServer Script` MODIFY `disabled` int(1) not null default 0, MODIFY `allow_guest` int(1) not null default 0, MODIFY `enable_rate_limit` int(1) not null default 0
2024-10-03 11:45:45,866 WARNING database DDL Query made to DB:
ALTER TABLE `tabTranslation` MODIFY `contributed` int(1) not null default 0
2024-10-03 11:45:47,308 WARNING database DDL Query made to DB:
ALTER TABLE `tabError Log` MODIFY `seen` int(1) not null default 0
2024-10-03 11:45:48,316 WARNING database DDL Query made to DB:
ALTER TABLE `tabNavbar Item` MODIFY `hidden` int(1) not null default 0, MODIFY `is_standard` int(1) not null default 0
2024-10-03 11:45:48,710 WARNING database DDL Query made to DB:
ALTER TABLE `tabPackage Release` MODIFY `publish` int(1) not null default 0
2024-10-03 11:45:49,430 WARNING database DDL Query made to DB:
ALTER TABLE `tabComment` MODIFY `published` int(1) not null default 0, MODIFY `seen` int(1) not null default 0
2024-10-03 11:45:50,742 WARNING database DDL Query made to DB:
ALTER TABLE `tabScheduled Job Type` MODIFY `create_log` int(1) not null default 0, MODIFY `stopped` int(1) not null default 0, MODIFY `cron_format` varchar(140)
2024-10-03 11:45:54,084 WARNING database DDL Query made to DB:
ALTER TABLE `tabUser Document Type` MODIFY `submit` int(1) not null default 0, MODIFY `print` int(1) not null default 1, MODIFY `is_custom` int(1) not null default 0, MODIFY `delete` int(1) not null default 0, MODIFY `email` int(1) not null default 1, MODIFY `read` int(1) not null default 1, MODIFY `create` int(1) not null default 0, MODIFY `amend` int(1) not null default 0, MODIFY `share` int(1) not null default 1, MODIFY `cancel` int(1) not null default 0, MODIFY `write` int(1) not null default 0
2024-10-03 11:45:54,609 WARNING database DDL Query made to DB:
ALTER TABLE `tabData Import` MODIFY `mute_emails` int(1) not null default 1, MODIFY `submit_after_import` int(1) not null default 0, MODIFY `show_failed_logs` int(1) not null default 0
2024-10-03 11:45:55,514 WARNING database DDL Query made to DB:
ALTER TABLE `tabUser Type` MODIFY `is_standard` int(1) not null default 0
2024-10-03 11:45:55,949 WARNING database DDL Query made to DB:
ALTER TABLE `tabDocument Naming Rule` MODIFY `disabled` int(1) not null default 0
2024-10-03 11:45:56,329 WARNING database DDL Query made to DB:
ALTER TABLE `tabData Import Log` MODIFY `success` int(1) not null default 0
2024-10-03 11:45:57,079 WARNING database DDL Query made to DB:
ALTER TABLE `tabReport Filter` MODIFY `mandatory` int(1) not null default 0, MODIFY `wildcard_filter` int(1) not null default 0
2024-10-03 11:45:57,463 WARNING database DDL Query made to DB:
ALTER TABLE `tabPackage Import` MODIFY `force` int(1) not null default 0, MODIFY `activate` int(1) not null default 0
2024-10-03 11:45:58,350 WARNING database DDL Query made to DB:
ALTER TABLE `tabFile` MODIFY `is_folder` int(1) not null default 0, MODIFY `is_home_folder` int(1) not null default 0, MODIFY `is_attachments_folder` int(1) not null default 0, MODIFY `uploaded_to_dropbox` int(1) not null default 0, MODIFY `is_private` int(1) not null default 0, MODIFY `uploaded_to_google_drive` int(1) not null default 0
2024-10-03 11:45:58,735 WARNING database DDL Query made to DB:
ALTER TABLE `tabLanguage` MODIFY `enabled` int(1) not null default 1
2024-10-03 11:46:04,416 WARNING database DDL Query made to DB:
ALTER TABLE `tabDeleted Document` MODIFY `restored` int(1) not null default 0
2024-10-03 11:46:05,156 WARNING database DDL Query made to DB:
ALTER TABLE `tabUser Permission` MODIFY `is_default` int(1) not null default 0, MODIFY `apply_to_all_doctypes` int(1) not null default 1, MODIFY `hide_descendants` int(1) not null default 0
2024-10-03 11:46:05,623 WARNING database DDL Query made to DB:
ALTER TABLE `tabModule Def` MODIFY `custom` int(1) not null default 0
2024-10-03 11:46:06,464 WARNING database DDL Query made to DB:
ALTER TABLE `tabDocShare` MODIFY `write` int(1) not null default 0, MODIFY `share` int(1) not null default 0, MODIFY `read` int(1) not null default 0, MODIFY `everyone` int(1) not null default 0, MODIFY `notify_by_email` int(1) not null default 1, MODIFY `submit` int(1) not null default 0
2024-10-03 11:46:08,006 WARNING database DDL Query made to DB:
ALTER TABLE `tabCustom DocPerm` MODIFY `share` int(1) not null default 0, MODIFY `delete` int(1) not null default 0, MODIFY `import` int(1) not null default 0, MODIFY `read` int(1) not null default 1, MODIFY `export` int(1) not null default 1, MODIFY `print` int(1) not null default 0, MODIFY `if_owner` int(1) not null default 0, MODIFY `cancel` int(1) not null default 0, MODIFY `write` int(1) not null default 0, MODIFY `create` int(1) not null default 0, MODIFY `email` int(1) not null default 0, MODIFY `select` int(1) not null default 0, MODIFY `report` int(1) not null default 0, MODIFY `amend` int(1) not null default 0, MODIFY `submit` int(1) not null default 0
2024-10-03 11:46:09,947 WARNING database DDL Query made to DB:
ALTER TABLE `tabUser` MODIFY `logout_all_sessions` int(1) not null default 1, MODIFY `follow_commented_documents` int(1) not null default 0, MODIFY `mute_sounds` int(1) not null default 0, MODIFY `follow_assigned_documents` int(1) not null default 0, MODIFY `unsubscribed` int(1) not null default 0, MODIFY `thread_notify` int(1) not null default 1, MODIFY `send_me_a_copy` int(1) not null default 0, MODIFY `allowed_in_mentions` int(1) not null default 1, MODIFY `email_signature` text, MODIFY `send_welcome_email` int(1) not null default 1, MODIFY `follow_created_documents` int(1) not null default 0, MODIFY `enabled` int(1) not null default 1, MODIFY `follow_liked_documents` int(1) not null default 0, MODIFY `document_follow_notify` int(1) not null default 0, MODIFY `follow_shared_documents` int(1) not null default 0, MODIFY `bypass_restrict_ip_check_if_2fa_enabled` int(1) not null default 0
2024-10-03 11:46:10,645 WARNING database DDL Query made to DB:
ALTER TABLE `tabSMS Parameter` MODIFY `header` int(1) not null default 0
2024-10-03 11:46:11,778 WARNING database DDL Query made to DB:
ALTER TABLE `tabUser Email` MODIFY `used_oauth` int(1) not null default 0, MODIFY `enable_outgoing` int(1) not null default 0, MODIFY `awaiting_password` int(1) not null default 0
2024-10-03 11:46:12,566 WARNING database DDL Query made to DB:
ALTER TABLE `tabCommunication` MODIFY `seen` int(1) not null default 0, MODIFY `read_receipt` int(1) not null default 0, MODIFY `has_attachment` int(1) not null default 0, MODIFY `read_by_recipient` int(1) not null default 0, MODIFY `unread_notification_sent` int(1) not null default 0
2024-10-03 11:46:14,526 WARNING database DDL Query made to DB:
ALTER TABLE `tabWeb Template Field` MODIFY `reqd` int(1) not null default 0
2024-10-03 11:46:14,913 WARNING database DDL Query made to DB:
ALTER TABLE `tabTop Bar Item` MODIFY `right` int(1) not null default 1, MODIFY `open_in_new_tab` int(1) not null default 0
2024-10-03 11:46:15,282 WARNING database DDL Query made to DB:
ALTER TABLE `tabPersonal Data Deletion Step` MODIFY `partial` int(1) not null default 0
2024-10-03 11:46:15,968 WARNING database DDL Query made to DB:
ALTER TABLE `tabHelp Category` MODIFY `published` int(1) not null default 0
2024-10-03 11:46:16,378 WARNING database DDL Query made to DB:
ALTER TABLE `tabBlogger` MODIFY `disabled` int(1) not null default 0
2024-10-03 11:46:23,075 WARNING database DDL Query made to DB:
ALTER TABLE `tabWeb Page Block` MODIFY `add_shade` int(1) not null default 0, MODIFY `add_container` int(1) not null default 1, MODIFY `add_border_at_top` int(1) not null default 0, MODIFY `add_bottom_padding` int(1) not null default 1, MODIFY `add_top_padding` int(1) not null default 1, MODIFY `hide_block` int(1) not null default 0, MODIFY `add_background_image` int(1) not null default 0, MODIFY `add_border_at_bottom` int(1) not null default 0
2024-10-03 11:46:25,630 WARNING database DDL Query made to DB:
ALTER TABLE `tabBlog Category` MODIFY `published` int(1) not null default 1
2024-10-03 11:46:26,189 WARNING database DDL Query made to DB:
ALTER TABLE `tabBlog Post` MODIFY `disable_comments` int(1) not null default 0, MODIFY `enable_email_notification` int(1) not null default 1, MODIFY `hide_cta` int(1) not null default 0, MODIFY `email_sent` int(1) not null default 0, MODIFY `disable_likes` int(1) not null default 0, MODIFY `published` int(1) not null default 0, MODIFY `featured` int(1) not null default 0
2024-10-03 11:46:27,035 WARNING database DDL Query made to DB:
ALTER TABLE `tabHelp Article` MODIFY `published` int(1) not null default 0
2024-10-03 11:46:28,595 WARNING database DDL Query made to DB:
ALTER TABLE `tabWorkflow Transition` MODIFY `allow_self_approval` int(1) not null default 1
2024-10-03 11:46:29,744 WARNING database DDL Query made to DB:
ALTER TABLE `tabWorkflow Document State` MODIFY `is_optional_state` int(1) not null default 0, MODIFY `avoid_status_override` int(1) not null default 0
2024-10-03 11:46:30,177 WARNING database DDL Query made to DB:
ALTER TABLE `tabWorkflow` MODIFY `workflow_data` json, MODIFY `override_status` int(1) not null default 0, MODIFY `send_email_alert` int(1) not null default 0, MODIFY `is_active` int(1) not null default 0
2024-10-03 11:46:31,588 WARNING database DDL Query made to DB:
ALTER TABLE `tabEmail Group` MODIFY `add_query_parameters` int(1) not null default 0
2024-10-03 11:46:32,235 WARNING database DDL Query made to DB:
ALTER TABLE `tabEmail Flag Queue` MODIFY `is_completed` int(1) not null default 0
2024-10-03 11:46:33,076 WARNING database DDL Query made to DB:
ALTER TABLE `tabEmail Account` MODIFY `use_tls` int(1) not null default 0, MODIFY `use_starttls` int(1) not null default 0, MODIFY `send_unsubscribe_message` int(1) not null default 1, MODIFY `notify_if_unreplied` int(1) not null default 0, MODIFY `add_signature` int(1) not null default 0, MODIFY `enable_outgoing` int(1) not null default 0, MODIFY `always_use_account_name_as_sender_name` int(1) not null default 0, MODIFY `no_smtp_authentication` int(1) not null default 0, MODIFY `enable_auto_reply` int(1) not null default 0, MODIFY `use_ssl` int(1) not null default 0, MODIFY `login_id_is_different` int(1) not null default 0, MODIFY `default_outgoing` int(1) not null default 0, MODIFY `use_ssl_for_outgoing` int(1) not null default 0, MODIFY `ascii_encode_password` int(1) not null default 0, MODIFY `append_emails_to_sent_folder` int(1) not null default 0, MODIFY `enable_automatic_linking` int(1) not null default 0, MODIFY `always_use_account_email_id_as_sender` int(1) not null default 0, MODIFY `track_email_status` int(1) not null default 1, MODIFY `default_incoming` int(1) not null default 0, MODIFY `awaiting_password` int(1) not null default 0, MODIFY `use_imap` int(1) not null default 0, MODIFY `enable_incoming` int(1) not null default 0, MODIFY `create_contact` int(1) not null default 1
2024-10-03 11:46:33,625 WARNING database DDL Query made to DB:
ALTER TABLE `tabAuto Email Report` MODIFY `use_first_day_of_period` int(1) not null default 0, MODIFY `send_if_data` int(1) not null default 1, MODIFY `enabled` int(1) not null default 1
2024-10-03 11:46:34,998 WARNING database DDL Query made to DB:
ALTER TABLE `tabEmail Rule` MODIFY `is_spam` int(1) not null default 0
2024-10-03 11:46:35,480 WARNING database DDL Query made to DB:
ALTER TABLE `tabEmail Domain` MODIFY `use_ssl_for_outgoing` int(1) not null default 0, MODIFY `use_ssl` int(1) not null default 0, MODIFY `append_emails_to_sent_folder` int(1) not null default 0, MODIFY `use_tls` int(1) not null default 0, MODIFY `use_starttls` int(1) not null default 0, MODIFY `use_imap` int(1) not null default 0
2024-10-03 11:46:35,871 WARNING database DDL Query made to DB:
ALTER TABLE `tabEmail Group Member` MODIFY `unsubscribed` int(1) not null default 0
2024-10-03 11:46:36,596 WARNING database DDL Query made to DB:
ALTER TABLE `tabEmail Unsubscribe` MODIFY `global_unsubscribe` int(1) not null default 0
2024-10-03 11:46:37,098 WARNING database DDL Query made to DB:
ALTER TABLE `tabEmail Queue` MODIFY `add_unsubscribe_link` int(1) not null default 1
2024-10-03 11:46:37,726 WARNING database DDL Query made to DB:
ALTER TABLE `tabNewsletter` MODIFY `email_sent` int(1) not null default 0, MODIFY `schedule_sending` int(1) not null default 0, MODIFY `published` int(1) not null default 0, MODIFY `send_unsubscribe_link` int(1) not null default 1, MODIFY `send_webview_link` int(1) not null default 0
2024-10-03 11:46:38,125 WARNING database DDL Query made to DB:
ALTER TABLE `tabEmail Template` MODIFY `use_html` int(1) not null default 0
2024-10-03 11:46:38,938 WARNING database DDL Query made to DB:
ALTER TABLE `tabCustomize Form Field` MODIFY `allow_in_quick_entry` int(1) not null default 0, MODIFY `is_system_generated` int(1) not null default 0, MODIFY `bold` int(1) not null default 0, MODIFY `non_negative` int(1) not null default 0, MODIFY `hidden` int(1) not null default 0, MODIFY `allow_on_submit` int(1) not null default 0, MODIFY `show_dashboard` int(1) not null default 0, MODIFY `allow_bulk_edit` int(1) not null default 0, MODIFY `in_standard_filter` int(1) not null default 0, MODIFY `link_filters` json, MODIFY `fetch_if_empty` int(1) not null default 0, MODIFY `ignore_xss_filter` int(1) not null default 0, MODIFY `translatable` int(1) not null default 1, MODIFY `read_only` int(1) not null default 0, MODIFY `in_filter` int(1) not null default 0, MODIFY `report_hide` int(1) not null default 0, MODIFY `collapsible` int(1) not null default 0, MODIFY `remember_last_selected_value` int(1) not null default 0, MODIFY `hide_border` int(1) not null default 0, MODIFY `hide_seconds` int(1) not null default 0, MODIFY `print_hide` int(1) not null default 0, MODIFY `is_custom_field` int(1) not null default 0, MODIFY `hide_days` int(1) not null default 0, MODIFY `print_hide_if_no_value` int(1) not null default 0, MODIFY `in_global_search` int(1) not null default 0, MODIFY `in_list_view` int(1) not null default 0, MODIFY `is_virtual` int(1) not null default 0, MODIFY `ignore_user_permissions` int(1) not null default 0, MODIFY `in_preview` int(1) not null default 0, MODIFY `reqd` int(1) not null default 0, MODIFY `no_copy` int(1) not null default 0, MODIFY `unique` int(1) not null default 0, MODIFY `sort_options` int(1) not null default 0
2024-10-03 11:46:41,411 WARNING database DDL Query made to DB:
ALTER TABLE `tabCurrency` MODIFY `symbol_on_right` int(1) not null default 0, MODIFY `enabled` int(1) not null default 0, MODIFY `smallest_currency_fraction_value` decimal(21,9) not null default 0
2024-10-03 11:46:42,192 WARNING database DDL Query made to DB:
ALTER TABLE `tabList View Settings` MODIFY `disable_sidebar_stats` int(1) not null default 0, MODIFY `disable_count` int(1) not null default 0, MODIFY `disable_comment_count` int(1) not null default 0, MODIFY `disable_auto_refresh` int(1) not null default 0
2024-10-03 11:46:42,652 WARNING database DDL Query made to DB:
ALTER TABLE `tabNotification Log` MODIFY `read` int(1) not null default 0
2024-10-03 11:46:43,055 WARNING database DDL Query made to DB:
ALTER TABLE `tabCalendar View` MODIFY `all_day` int(1) not null default 0
2024-10-03 11:46:44,944 WARNING database DDL Query made to DB:
ALTER TABLE `tabForm Tour Step` MODIFY `has_next_condition` int(1) not null default 0, MODIFY `is_table_field` int(1) not null default 0, MODIFY `ui_tour` int(1) not null default 0, MODIFY `next_on_click` int(1) not null default 0, MODIFY `popover_element` int(1) not null default 0, MODIFY `hide_buttons` int(1) not null default 0, MODIFY `modal_trigger` int(1) not null default 0
2024-10-03 11:46:45,434 WARNING database DDL Query made to DB:
ALTER TABLE `tabDesktop Icon` MODIFY `reverse` int(1) not null default 0, MODIFY `force_show` int(1) not null default 0, MODIFY `hidden` int(1) not null default 0, MODIFY `blocked` int(1) not null default 0, MODIFY `standard` int(1) not null default 0, MODIFY `custom` int(1) not null default 0
2024-10-03 11:46:46,622 WARNING database DDL Query made to DB:
ALTER TABLE `tabConsole Log` MODIFY `committed` int(1) not null default 0
2024-10-03 11:46:47,750 WARNING database DDL Query made to DB:
ALTER TABLE `tabCustom HTML Block` MODIFY `private` int(1) not null default 0
2024-10-03 11:46:48,547 WARNING database DDL Query made to DB:
ALTER TABLE `tabNotification Settings` MODIFY `enable_email_mention` int(1) not null default 1, MODIFY `enable_email_share` int(1) not null default 1, MODIFY `enabled` int(1) not null default 1, MODIFY `seen` int(1) not null default 0, MODIFY `energy_points_system_notifications` int(1) not null default 1, MODIFY `enable_email_event_reminders` int(1) not null default 1, MODIFY `enable_email_threads_on_assigned_document` int(1) not null default 1, MODIFY `enable_email_assignment` int(1) not null default 1, MODIFY `enable_email_notifications` int(1) not null default 1, MODIFY `enable_email_energy_point` int(1) not null default 1
2024-10-03 11:46:49,476 WARNING database DDL Query made to DB:
ALTER TABLE `tabEvent` MODIFY `repeat_this_event` int(1) not null default 0, MODIFY `sync_with_google_calendar` int(1) not null default 0, MODIFY `wednesday` int(1) not null default 0, MODIFY `saturday` int(1) not null default 0, MODIFY `all_day` int(1) not null default 0, MODIFY `thursday` int(1) not null default 0, MODIFY `send_reminder` int(1) not null default 1, MODIFY `tuesday` int(1) not null default 0, MODIFY `monday` int(1) not null default 0, MODIFY `friday` int(1) not null default 0, MODIFY `sunday` int(1) not null default 0, MODIFY `pulled_from_google_calendar` int(1) not null default 0, MODIFY `add_video_conferencing` int(1) not null default 0
2024-10-03 11:46:51,234 WARNING database DDL Query made to DB:
ALTER TABLE `tabKanban Board` MODIFY `private` int(1) not null default 0, MODIFY `show_labels` int(1) not null default 0
2024-10-03 11:46:52,296 WARNING database DDL Query made to DB:
ALTER TABLE `tabNote` MODIFY `public` int(1) not null default 0, MODIFY `notify_on_every_login` int(1) not null default 0, MODIFY `notify_on_login` int(1) not null default 0
2024-10-03 11:46:54,899 WARNING database DDL Query made to DB:
ALTER TABLE `tabSocial Login Key` MODIFY `custom_base_url` int(1) not null default 0, MODIFY `enable_social_login` int(1) not null default 0
2024-10-03 11:46:57,670 WARNING database DDL Query made to DB:
ALTER TABLE `tabWebhook` ADD COLUMN `preview_document` varchar(140)
2024-10-03 11:46:57,699 WARNING database DDL Query made to DB:
ALTER TABLE `tabWebhook` MODIFY `enabled` int(1) not null default 1, MODIFY `enable_security` int(1) not null default 0, MODIFY `is_dynamic_url` int(1) not null default 0
2024-10-03 11:46:59,993 WARNING database DDL Query made to DB:
ALTER TABLE `tabSlack Webhook URL` MODIFY `show_document_link` int(1) not null default 1
2024-10-03 11:47:00,478 WARNING database DDL Query made to DB:
ALTER TABLE `tabIntegration Request` MODIFY `is_remote_request` int(1) not null default 0
2024-10-03 11:47:00,961 WARNING database DDL Query made to DB:
ALTER TABLE `tabOAuth Client` MODIFY `skip_authorization` int(1) not null default 0
2024-10-03 11:47:01,385 WARNING database DDL Query made to DB:
ALTER TABLE `tabGoogle Contacts` MODIFY `enable` int(1) not null default 0, MODIFY `push_to_google_contacts` int(1) not null default 0, MODIFY `pull_from_google_contacts` int(1) not null default 0
2024-10-03 11:47:02,027 WARNING database DDL Query made to DB:
ALTER TABLE `tabGoogle Calendar` MODIFY `pull_from_google_calendar` int(1) not null default 1, MODIFY `push_to_google_calendar` int(1) not null default 1, MODIFY `enable` int(1) not null default 1
2024-10-03 11:47:03,545 WARNING database DDL Query made to DB:
ALTER TABLE `tabPrint Heading` DROP INDEX `print_heading`
2024-10-03 11:47:04,387 WARNING database DDL Query made to DB:
ALTER TABLE `tabPrint Format Field Template` MODIFY `standard` int(1) not null default 0
2024-10-03 11:47:05,233 WARNING database DDL Query made to DB:
ALTER TABLE `tabLetter Head` MODIFY `disabled` int(1) not null default 0, MODIFY `footer_image_height` decimal(21,9) not null default 0, MODIFY `image_height` decimal(21,9) not null default 0, MODIFY `footer_image_width` decimal(21,9) not null default 0, MODIFY `image_width` decimal(21,9) not null default 0, MODIFY `is_default` int(1) not null default 0
2024-10-03 11:47:06,313 WARNING database DDL Query made to DB:
ALTER TABLE `tabContact Phone` MODIFY `is_primary_phone` int(1) not null default 0, MODIFY `is_primary_mobile_no` int(1) not null default 0
2024-10-03 11:47:06,822 WARNING database DDL Query made to DB:
ALTER TABLE `tabAddress` MODIFY `is_primary_address` int(1) not null default 0, MODIFY `disabled` int(1) not null default 0, MODIFY `is_shipping_address` int(1) not null default 0
2024-10-03 11:47:07,508 WARNING database DDL Query made to DB:
ALTER TABLE `tabContact` MODIFY `sync_with_google_contacts` int(1) not null default 0, MODIFY `unsubscribed` int(1) not null default 0, MODIFY `is_primary_contact` int(1) not null default 0, MODIFY `pulled_from_google_contacts` int(1) not null default 0
2024-10-03 11:47:08,306 WARNING database DDL Query made to DB:
ALTER TABLE `tabAddress Template` MODIFY `is_default` int(1) not null default 0
2024-10-03 11:47:08,335 WARNING database DDL Query made to DB:
ALTER TABLE `tabAddress Template` ADD INDEX `country_index`(`country`)
2024-10-03 11:47:08,719 WARNING database DDL Query made to DB:
ALTER TABLE `tabContact Email` MODIFY `is_primary` int(1) not null default 0
2024-10-03 11:47:09,187 WARNING database DDL Query made to DB:
ALTER TABLE `tabEnergy Point Log` MODIFY `seen` int(1) not null default 0, MODIFY `reverted` int(1) not null default 0
2024-10-03 11:47:09,959 WARNING database DDL Query made to DB:
ALTER TABLE `tabEnergy Point Rule` MODIFY `apply_only_once` int(1) not null default 0, MODIFY `for_assigned_users` int(1) not null default 0, MODIFY `enabled` int(1) not null default 1
2024-10-03 11:47:10,785 WARNING database DDL Query made to DB:
ALTER TABLE `tabAssignment Rule` MODIFY `disabled` int(1) not null default 0
2024-10-03 11:47:11,476 WARNING database DDL Query made to DB:
ALTER TABLE `tabMilestone Tracker` MODIFY `disabled` int(1) not null default 0
2024-10-03 11:47:11,870 WARNING database DDL Query made to DB:
ALTER TABLE `tabReminder` MODIFY `notified` int(1) not null default 0
2024-10-03 11:47:13,457 WARNING database DDL Query made to DB:
ALTER TABLE `tabAuto Repeat` MODIFY `repeat_on_last_day` int(1) not null default 0, MODIFY `notify_by_email` int(1) not null default 0, MODIFY `submit_on_creation` int(1) not null default 0, MODIFY `disabled` int(1) not null default 0
2024-10-03 16:22:56,765 WARNING database DDL Query made to DB:
ALTER TABLE `tabLibrary member` ADD COLUMN `name1` varchar(140)
2024-10-03 16:23:34,824 WARNING database DDL Query made to DB:
ALTER TABLE `tabLibrary member` ADD UNIQUE INDEX IF NOT EXISTS name1 (`name1`)
2024-10-03 16:34:04,500 WARNING database DDL Query made to DB:
ALTER TABLE `tabLibrary member` ADD COLUMN `phone_number` varchar(140)
2024-10-03 16:34:49,054 WARNING database DDL Query made to DB:
ALTER TABLE `tabLibrary member` ADD COLUMN `email` varchar(140)
2024-10-03 16:44:06,735 WARNING database DDL Query made to DB:
ALTER TABLE `tabItem` ADD COLUMN `custom_added_by` varchar(140)
2024-10-03 16:44:06,759 WARNING database DDL Query made to DB:
ALTER TABLE `tabItem` MODIFY `opening_stock` decimal(21,9) not null default 0, MODIFY `total_projected_qty` decimal(21,9) not null default 0, MODIFY `last_purchase_rate` decimal(21,9) not null default 0, MODIFY `over_delivery_receipt_allowance` decimal(21,9) not null default 0, MODIFY `standard_rate` decimal(21,9) not null default 0, MODIFY `max_discount` decimal(21,9) not null default 0, MODIFY `valuation_rate` decimal(21,9) not null default 0, MODIFY `safety_stock` decimal(21,9) not null default 0, MODIFY `weight_per_unit` decimal(21,9) not null default 0, MODIFY `over_billing_allowance` decimal(21,9) not null default 0
2024-10-03 17:09:57,972 WARNING database DDL Query made to DB:
create table `tabArticle Details` (
			name varchar(140) primary key,
			creation datetime(6),
			modified datetime(6),
			modified_by varchar(140),
			owner varchar(140),
			docstatus int(1) not null default '0',
			idx int(8) not null default '0',
			parent varchar(140),
parentfield varchar(140),
parenttype varchar(140),
index parent(parent))
			ENGINE=InnoDB
			ROW_FORMAT=DYNAMIC
			CHARACTER SET=utf8mb4
			COLLATE=utf8mb4_unicode_ci
2024-10-03 17:12:52,369 WARNING database DDL Query made to DB:
alter table `tabArticle Details` add column if not exists parent varchar(140)
2024-10-03 17:12:52,371 WARNING database DDL Query made to DB:
alter table `tabArticle Details` add column if not exists parenttype varchar(140)
2024-10-03 17:12:52,374 WARNING database DDL Query made to DB:
alter table `tabArticle Details` add column if not exists parentfield varchar(140)
2024-10-03 17:12:52,607 WARNING database DDL Query made to DB:
ALTER TABLE `tabArticle Details` ADD COLUMN `article_name` varchar(140)
2024-10-03 17:13:29,388 WARNING database DDL Query made to DB:
alter table `tabArticle Details` add column if not exists parent varchar(140)
2024-10-03 17:13:29,391 WARNING database DDL Query made to DB:
alter table `tabArticle Details` add column if not exists parenttype varchar(140)
2024-10-03 17:13:29,393 WARNING database DDL Query made to DB:
alter table `tabArticle Details` add column if not exists parentfield varchar(140)
2024-10-03 17:13:29,621 WARNING database DDL Query made to DB:
ALTER TABLE `tabArticle Details` ADD UNIQUE INDEX IF NOT EXISTS article_name (`article_name`)
2024-10-03 17:25:21,743 WARNING database DDL Query made to DB:
create table `tabAuthor` (
			name varchar(140) primary key,
			creation datetime(6),
			modified datetime(6),
			modified_by varchar(140),
			owner varchar(140),
			docstatus int(1) not null default '0',
			idx int(8) not null default '0',
			parent varchar(140),
parentfield varchar(140),
parenttype varchar(140),
index parent(parent))
			ENGINE=InnoDB
			ROW_FORMAT=DYNAMIC
			CHARACTER SET=utf8mb4
			COLLATE=utf8mb4_unicode_ci
2024-10-03 17:25:40,261 WARNING database DDL Query made to DB:
alter table `tabAuthor` add column if not exists parent varchar(140)
2024-10-03 17:25:40,263 WARNING database DDL Query made to DB:
alter table `tabAuthor` add column if not exists parenttype varchar(140)
2024-10-03 17:25:40,265 WARNING database DDL Query made to DB:
alter table `tabAuthor` add column if not exists parentfield varchar(140)
2024-10-03 17:25:40,486 WARNING database DDL Query made to DB:
ALTER TABLE `tabAuthor` ADD COLUMN `author_name` varchar(140)
2024-10-03 17:28:19,330 WARNING database DDL Query made to DB:
ALTER TABLE `tabLibrary member` ADD COLUMN `author` varchar(140)
2024-10-03 17:29:00,692 WARNING database DDL Query made to DB:
alter table `tabArticle Details` add column if not exists parent varchar(140)
2024-10-03 17:29:00,694 WARNING database DDL Query made to DB:
alter table `tabArticle Details` add column if not exists parenttype varchar(140)
2024-10-03 17:29:00,695 WARNING database DDL Query made to DB:
alter table `tabArticle Details` add column if not exists parentfield varchar(140)
2024-10-03 17:41:42,038 WARNING database DDL Query made to DB:
alter table `tabArticle Details` add column if not exists parent varchar(140)
2024-10-03 17:41:42,040 WARNING database DDL Query made to DB:
alter table `tabArticle Details` add column if not exists parenttype varchar(140)
2024-10-03 17:41:42,042 WARNING database DDL Query made to DB:
alter table `tabArticle Details` add column if not exists parentfield varchar(140)
2024-10-03 17:47:23,009 WARNING database DDL Query made to DB:
ALTER TABLE `tabAuthor` ADD COLUMN `_user_tags` text, ADD COLUMN `_comments` text, ADD COLUMN `_assign` text, ADD COLUMN `_liked_by` text
2024-10-03 17:48:00,424 WARNING database DDL Query made to DB:
ALTER TABLE `tabAuthor` ADD UNIQUE INDEX IF NOT EXISTS author_name (`author_name`)
2024-10-03 17:48:48,599 WARNING database DDL Query made to DB:
ALTER TABLE `tabAuthor` ADD COLUMN `author_email` varchar(140), ADD COLUMN `author_phone` varchar(140)
2024-10-03 19:00:30,724 WARNING database DDL Query made to DB:
ALTER TABLE `tabArticle Library` ADD COLUMN `article_author` varchar(140), ADD COLUMN `article_cost` int(11) not null default 0, ADD COLUMN `total_cost` int(11) not null default 0, ADD COLUMN `track_buyers` int(1) not null default 0
2024-10-03 19:02:29,499 WARNING database DDL Query made to DB:
ALTER TABLE `tabArticle Library` ADD COLUMN `status` varchar(140), ADD COLUMN `publisher` varchar(140), ADD COLUMN `dilivery_cost` varchar(140), ADD COLUMN `image` text
