2024-10-03 11:48:58,579 ERROR scheduler Skipped queueing frappe.desk.doctype.changelog_feed.changelog_feed.fetch_changelog_feed because it was found in queue for frappe.in
2024-10-03 11:48:58,596 ERROR scheduler Skipped queueing frappe.integrations.doctype.google_drive.google_drive.weekly_backup because it was found in queue for frappe.in
2024-10-03 11:48:58,606 ERROR scheduler Skipped queueing frappe.social.doctype.energy_point_log.energy_point_log.send_weekly_summary because it was found in queue for frappe.in
2024-10-03 11:48:58,615 ERROR scheduler Skipped queueing frappe.utils.change_log.check_for_update because it was found in queue for frappe.in
2024-10-03 11:48:58,625 ERROR scheduler Skipped queueing frappe.desk.form.document_follow.send_weekly_updates because it was found in queue for frappe.in
2024-10-03 11:48:58,635 ERROR scheduler Skipped queueing frappe.integrations.doctype.s3_backup_settings.s3_backup_settings.take_backups_weekly because it was found in queue for frappe.in
2024-10-03 11:48:58,644 ERROR scheduler Skipped queueing frappe.integrations.doctype.dropbox_settings.dropbox_settings.take_backups_weekly because it was found in queue for frappe.in
2024-10-03 11:48:58,655 ERROR scheduler Skipped queueing frappe.integrations.doctype.google_drive.google_drive.daily_backup because it was found in queue for frappe.in
2024-10-03 11:48:58,665 ERROR scheduler Skipped queueing frappe.email.doctype.auto_email_report.auto_email_report.send_daily because it was found in queue for frappe.in
2024-10-03 11:48:58,676 ERROR scheduler Skipped queueing frappe.integrations.doctype.s3_backup_settings.s3_backup_settings.take_backups_daily because it was found in queue for frappe.in
2024-10-03 11:48:58,687 ERROR scheduler Skipped queueing frappe.integrations.doctype.dropbox_settings.dropbox_settings.take_backups_daily because it was found in queue for frappe.in
2024-10-03 11:48:59,099 ERROR scheduler Skipped queueing erpnext.utilities.bulk_transaction.retry because it was found in queue for frappe2.in
2024-10-03 11:48:59,111 ERROR scheduler Skipped queueing erpnext.stock.doctype.repost_item_valuation.repost_item_valuation.repost_entries because it was found in queue for frappe2.in
2024-10-03 11:48:59,126 ERROR scheduler Skipped queueing erpnext.accounts.utils.auto_create_exchange_rate_revaluation_monthly because it was found in queue for frappe2.in
2024-10-03 11:48:59,143 ERROR scheduler Skipped queueing erpnext.accounts.deferred_revenue.process_deferred_accounting because it was found in queue for frappe2.in
2024-10-03 11:48:59,159 ERROR scheduler Skipped queueing erpnext.assets.doctype.asset.depreciation.post_depreciation_entries because it was found in queue for frappe2.in
2024-10-03 11:48:59,172 ERROR scheduler Skipped queueing erpnext.crm.utils.open_leads_opportunities_based_on_todays_event because it was found in queue for frappe2.in
2024-10-03 11:48:59,185 ERROR scheduler Skipped queueing erpnext.manufacturing.doctype.bom_update_tool.bom_update_tool.auto_update_latest_price_in_all_boms because it was found in queue for frappe2.in
2024-10-03 11:48:59,195 ERROR scheduler Skipped queueing erpnext.setup.doctype.email_digest.email_digest.send because it was found in queue for frappe2.in
2024-10-03 11:48:59,206 ERROR scheduler Skipped queueing erpnext.accounts.doctype.process_subscription.process_subscription.create_subscription_process because it was found in queue for frappe2.in
2024-10-03 11:48:59,285 ERROR scheduler Skipped queueing erpnext.crm.doctype.email_campaign.email_campaign.set_email_campaign_status because it was found in queue for frappe2.in
2024-10-03 11:48:59,299 ERROR scheduler Skipped queueing erpnext.crm.doctype.email_campaign.email_campaign.send_email_to_leads_or_contacts because it was found in queue for frappe2.in
2024-10-03 11:48:59,328 ERROR scheduler Skipped queueing erpnext.support.doctype.service_level_agreement.service_level_agreement.check_agreement_status because it was found in queue for frappe2.in
2024-10-03 11:48:59,339 ERROR scheduler Skipped queueing erpnext.quality_management.doctype.quality_review.quality_review.review because it was found in queue for frappe2.in
2024-10-03 11:48:59,358 ERROR scheduler Skipped queueing erpnext.projects.doctype.project.project.send_project_status_email_to_users because it was found in queue for frappe2.in
2024-10-03 11:48:59,375 ERROR scheduler Skipped queueing erpnext.projects.doctype.project.project.update_project_sales_billing because it was found in queue for frappe2.in
2024-10-03 11:48:59,404 ERROR scheduler Skipped queueing erpnext.crm.doctype.contract.contract.update_status_for_contracts because it was found in queue for frappe2.in
2024-10-03 11:48:59,440 ERROR scheduler Skipped queueing erpnext.assets.doctype.asset.asset.make_post_gl_entry because it was found in queue for frappe2.in
2024-10-03 11:48:59,463 ERROR scheduler Skipped queueing erpnext.assets.doctype.asset.asset.update_maintenance_status because it was found in queue for frappe2.in
2024-10-03 11:48:59,488 ERROR scheduler Skipped queueing erpnext.setup.doctype.company.company.cache_companies_monthly_sales_history because it was found in queue for frappe2.in
2024-10-03 11:48:59,509 ERROR scheduler Skipped queueing erpnext.buying.doctype.supplier_scorecard.supplier_scorecard.refresh_scorecards because it was found in queue for frappe2.in
2024-10-03 11:48:59,535 ERROR scheduler Skipped queueing erpnext.stock.doctype.serial_no.serial_no.update_maintenance_status because it was found in queue for frappe2.in
2024-10-03 11:48:59,570 ERROR scheduler Skipped queueing erpnext.projects.doctype.task.task.set_tasks_as_overdue because it was found in queue for frappe2.in
2024-10-03 11:48:59,594 ERROR scheduler Skipped queueing erpnext.accounts.doctype.fiscal_year.fiscal_year.auto_create_fiscal_year because it was found in queue for frappe2.in
2024-10-03 11:48:59,620 ERROR scheduler Skipped queueing erpnext.controllers.accounts_controller.update_invoice_status because it was found in queue for frappe2.in
2024-10-03 11:48:59,647 ERROR scheduler Skipped queueing erpnext.crm.doctype.opportunity.opportunity.auto_close_opportunity because it was found in queue for frappe2.in
2024-10-03 11:48:59,666 ERROR scheduler Skipped queueing erpnext.support.doctype.issue.issue.auto_close_tickets because it was found in queue for frappe2.in
2024-10-03 11:48:59,687 ERROR scheduler Skipped queueing erpnext.projects.doctype.project.project.collect_project_status because it was found in queue for frappe2.in
2024-10-03 11:48:59,711 ERROR scheduler Skipped queueing erpnext.projects.doctype.project.project.hourly_reminder because it was found in queue for frappe2.in
2024-10-03 11:48:59,732 ERROR scheduler Skipped queueing erpnext.projects.doctype.project.project.project_status_update_reminder because it was found in queue for frappe2.in
2024-10-03 11:48:59,754 ERROR scheduler Skipped queueing erpnext.erpnext_integrations.doctype.plaid_settings.plaid_settings.automatic_synchronization because it was found in queue for frappe2.in
2024-10-03 11:48:59,779 ERROR scheduler Skipped queueing erpnext.utilities.doctype.video.video.update_youtube_data because it was found in queue for frappe2.in
2024-10-03 11:48:59,797 ERROR scheduler Skipped queueing erpnext.stock.reorder_item.reorder_item because it was found in queue for frappe2.in
2024-10-03 11:48:59,818 ERROR scheduler Skipped queueing erpnext.accounts.doctype.gl_entry.gl_entry.rename_gle_sle_docs because it was found in queue for frappe2.in
2024-10-03 11:48:59,840 ERROR scheduler Skipped queueing erpnext.accounts.doctype.process_payment_reconciliation.process_payment_reconciliation.trigger_reconciliation_for_queued_docs because it was found in queue for frappe2.in
2024-10-03 11:48:59,861 ERROR scheduler Skipped queueing erpnext.manufacturing.doctype.bom_update_log.bom_update_log.resume_bom_cost_update_jobs because it was found in queue for frappe2.in
2024-10-03 11:48:59,884 ERROR scheduler Skipped queueing frappe.integrations.doctype.s3_backup_settings.s3_backup_settings.take_backups_monthly because it was found in queue for frappe2.in
2024-10-03 11:48:59,908 ERROR scheduler Skipped queueing frappe.social.doctype.energy_point_log.energy_point_log.send_monthly_summary because it was found in queue for frappe2.in
2024-10-03 11:48:59,929 ERROR scheduler Skipped queueing frappe.email.doctype.auto_email_report.auto_email_report.send_monthly because it was found in queue for frappe2.in
2024-10-03 11:49:00,015 ERROR scheduler Skipped queueing frappe.integrations.doctype.google_drive.google_drive.daily_backup because it was found in queue for frappe2.in
2024-10-03 11:49:00,032 ERROR scheduler Skipped queueing frappe.email.doctype.auto_email_report.auto_email_report.send_daily because it was found in queue for frappe2.in
2024-10-03 11:49:00,046 ERROR scheduler Skipped queueing frappe.integrations.doctype.s3_backup_settings.s3_backup_settings.take_backups_daily because it was found in queue for frappe2.in
2024-10-03 11:49:00,065 ERROR scheduler Skipped queueing frappe.integrations.doctype.dropbox_settings.dropbox_settings.take_backups_daily because it was found in queue for frappe2.in
2024-10-03 11:49:00,075 ERROR scheduler Skipped queueing frappe.automation.doctype.auto_repeat.auto_repeat.set_auto_repeat_as_completed because it was found in queue for frappe2.in
2024-10-03 11:49:00,088 ERROR scheduler Skipped queueing frappe.automation.doctype.auto_repeat.auto_repeat.make_auto_repeat_entry because it was found in queue for frappe2.in
2024-10-03 11:49:00,098 ERROR scheduler Skipped queueing frappe.integrations.doctype.google_contacts.google_contacts.sync because it was found in queue for frappe2.in
2024-10-03 11:49:00,110 ERROR scheduler Skipped queueing frappe.social.doctype.energy_point_settings.energy_point_settings.allocate_review_points because it was found in queue for frappe2.in
2024-10-03 11:49:00,124 ERROR scheduler Skipped queueing frappe.desk.form.document_follow.send_daily_updates because it was found in queue for frappe2.in
2024-10-03 11:49:00,141 ERROR scheduler Skipped queueing frappe.website.doctype.personal_data_deletion_request.personal_data_deletion_request.remove_unverified_record because it was found in queue for frappe2.in
2024-10-03 11:49:00,157 ERROR scheduler Skipped queueing frappe.email.doctype.notification.notification.trigger_daily_alerts because it was found in queue for frappe2.in
2024-10-03 11:49:00,173 ERROR scheduler Skipped queueing frappe.sessions.clear_expired_sessions because it was found in queue for frappe2.in
2024-10-03 11:49:00,187 ERROR scheduler Skipped queueing frappe.desk.doctype.event.event.send_event_digest because it was found in queue for frappe2.in
2024-10-03 11:49:00,202 ERROR scheduler Skipped queueing frappe.desk.notifications.clear_notifications because it was found in queue for frappe2.in
2024-10-03 11:49:00,217 ERROR scheduler Skipped queueing frappe.website.doctype.personal_data_deletion_request.personal_data_deletion_request.process_data_deletion_request because it was found in queue for frappe2.in
2024-10-03 11:49:00,239 ERROR scheduler Skipped queueing frappe.email.doctype.newsletter.newsletter.send_scheduled_email because it was found in queue for frappe2.in
2024-10-03 11:49:00,253 ERROR scheduler Skipped queueing frappe.integrations.doctype.google_calendar.google_calendar.sync because it was found in queue for frappe2.in
2024-10-03 11:49:00,269 ERROR scheduler Skipped queueing frappe.desk.form.document_follow.send_hourly_updates because it was found in queue for frappe2.in
2024-10-03 11:49:00,291 ERROR scheduler Skipped queueing frappe.desk.page.backups.backups.delete_downloadable_backups because it was found in queue for frappe2.in
2024-10-03 11:49:00,302 ERROR scheduler Skipped queueing frappe.model.utils.user_settings.sync_user_settings because it was found in queue for frappe2.in
2024-10-03 11:49:00,317 ERROR scheduler Skipped queueing frappe.model.utils.link_count.update_link_count because it was found in queue for frappe2.in
2024-10-03 11:49:00,334 ERROR scheduler Skipped queueing frappe.automation.doctype.reminder.reminder.send_reminders because it was found in queue for frappe2.in
2024-10-03 11:49:00,345 ERROR scheduler Skipped queueing frappe.monitor.flush because it was found in queue for frappe2.in
2024-10-03 11:49:00,375 ERROR scheduler Skipped queueing frappe.email.queue.flush because it was found in queue for frappe2.in
2024-10-03 11:49:00,389 ERROR scheduler Skipped queueing frappe.core.doctype.log_settings.log_settings.run_log_clean_up because it was found in queue for frappe2.in
2024-10-03 11:49:00,402 ERROR scheduler Skipped queueing frappe.core.doctype.prepared_report.prepared_report.expire_stalled_report because it was found in queue for frappe2.in
2024-10-03 11:49:00,413 ERROR scheduler Skipped queueing frappe.email.doctype.email_account.email_account.pull because it was found in queue for frappe2.in
2024-10-03 11:49:00,431 ERROR scheduler Skipped queueing frappe.deferred_insert.save_to_db because it was found in queue for frappe2.in
2024-10-03 11:49:00,440 ERROR scheduler Skipped queueing frappe.utils.global_search.sync_global_search because it was found in queue for frappe2.in
2024-10-03 11:49:00,451 ERROR scheduler Skipped queueing frappe.email.doctype.email_account.email_account.notify_unreplied because it was found in queue for frappe2.in
2024-10-03 11:49:00,467 ERROR scheduler Skipped queueing frappe.twofactor.delete_all_barcodes_for_users because it was found in queue for frappe2.in
2024-10-03 11:49:00,484 ERROR scheduler Skipped queueing frappe.website.doctype.web_page.web_page.check_publish_status because it was found in queue for frappe2.in
2024-10-03 11:49:00,495 ERROR scheduler Skipped queueing frappe.oauth.delete_oauth2_data because it was found in queue for frappe2.in
2024-10-03 11:50:00,759 ERROR scheduler Skipped queueing erpnext.utilities.bulk_transaction.retry because it was found in queue for frappe2.in
2024-10-03 11:50:00,770 ERROR scheduler Skipped queueing erpnext.stock.doctype.repost_item_valuation.repost_item_valuation.repost_entries because it was found in queue for frappe2.in
2024-10-03 11:50:00,780 ERROR scheduler Skipped queueing erpnext.accounts.utils.auto_create_exchange_rate_revaluation_monthly because it was found in queue for frappe2.in
2024-10-03 11:50:00,790 ERROR scheduler Skipped queueing erpnext.accounts.deferred_revenue.process_deferred_accounting because it was found in queue for frappe2.in
2024-10-03 11:50:00,801 ERROR scheduler Skipped queueing erpnext.assets.doctype.asset.depreciation.post_depreciation_entries because it was found in queue for frappe2.in
2024-10-03 11:50:00,811 ERROR scheduler Skipped queueing erpnext.crm.utils.open_leads_opportunities_based_on_todays_event because it was found in queue for frappe2.in
2024-10-03 11:50:00,820 ERROR scheduler Skipped queueing erpnext.manufacturing.doctype.bom_update_tool.bom_update_tool.auto_update_latest_price_in_all_boms because it was found in queue for frappe2.in
2024-10-03 11:50:00,830 ERROR scheduler Skipped queueing erpnext.setup.doctype.email_digest.email_digest.send because it was found in queue for frappe2.in
2024-10-03 11:50:00,840 ERROR scheduler Skipped queueing erpnext.accounts.doctype.process_subscription.process_subscription.create_subscription_process because it was found in queue for frappe2.in
2024-10-03 11:50:01,097 ERROR scheduler Skipped queueing frappe.integrations.doctype.s3_backup_settings.s3_backup_settings.take_backups_monthly because it was found in queue for frappe2.in
2024-10-03 11:50:01,183 ERROR scheduler Skipped queueing frappe.integrations.doctype.google_drive.google_drive.daily_backup because it was found in queue for frappe2.in
2024-10-03 11:50:01,194 ERROR scheduler Skipped queueing frappe.email.doctype.auto_email_report.auto_email_report.send_daily because it was found in queue for frappe2.in
2024-10-03 11:50:01,205 ERROR scheduler Skipped queueing frappe.integrations.doctype.s3_backup_settings.s3_backup_settings.take_backups_daily because it was found in queue for frappe2.in
2024-10-03 11:50:01,216 ERROR scheduler Skipped queueing frappe.integrations.doctype.dropbox_settings.dropbox_settings.take_backups_daily because it was found in queue for frappe2.in
2024-10-03 11:50:01,328 ERROR scheduler Skipped queueing frappe.desk.form.document_follow.send_hourly_updates because it was found in queue for frappe2.in
2024-10-03 11:50:01,339 ERROR scheduler Skipped queueing frappe.desk.page.backups.backups.delete_downloadable_backups because it was found in queue for frappe2.in
2024-10-03 11:50:01,349 ERROR scheduler Skipped queueing frappe.model.utils.user_settings.sync_user_settings because it was found in queue for frappe2.in
2024-10-03 11:50:01,359 ERROR scheduler Skipped queueing frappe.model.utils.link_count.update_link_count because it was found in queue for frappe2.in
2024-10-03 11:50:01,370 ERROR scheduler Skipped queueing frappe.automation.doctype.reminder.reminder.send_reminders because it was found in queue for frappe2.in
2024-10-03 11:50:01,383 ERROR scheduler Skipped queueing frappe.monitor.flush because it was found in queue for frappe2.in
2024-10-03 11:50:01,395 ERROR scheduler Skipped queueing frappe.email.queue.flush because it was found in queue for frappe2.in
2024-10-03 11:50:01,405 ERROR scheduler Skipped queueing frappe.core.doctype.log_settings.log_settings.run_log_clean_up because it was found in queue for frappe2.in
2024-10-03 11:50:01,415 ERROR scheduler Skipped queueing frappe.core.doctype.prepared_report.prepared_report.expire_stalled_report because it was found in queue for frappe2.in
2024-10-03 11:50:01,424 ERROR scheduler Skipped queueing frappe.email.doctype.email_account.email_account.pull because it was found in queue for frappe2.in
2024-10-03 11:50:01,434 ERROR scheduler Skipped queueing frappe.deferred_insert.save_to_db because it was found in queue for frappe2.in
2024-10-03 11:50:01,444 ERROR scheduler Skipped queueing frappe.utils.global_search.sync_global_search because it was found in queue for frappe2.in
2024-10-03 11:50:01,454 ERROR scheduler Skipped queueing frappe.email.doctype.email_account.email_account.notify_unreplied because it was found in queue for frappe2.in
2024-10-03 11:50:01,464 ERROR scheduler Skipped queueing frappe.twofactor.delete_all_barcodes_for_users because it was found in queue for frappe2.in
2024-10-03 11:50:01,473 ERROR scheduler Skipped queueing frappe.website.doctype.web_page.web_page.check_publish_status because it was found in queue for frappe2.in
2024-10-03 11:50:01,482 ERROR scheduler Skipped queueing frappe.oauth.delete_oauth2_data because it was found in queue for frappe2.in
2024-10-03 11:50:01,546 ERROR scheduler Skipped queueing frappe.desk.doctype.changelog_feed.changelog_feed.fetch_changelog_feed because it was found in queue for frappe.in
2024-10-03 11:50:01,556 ERROR scheduler Skipped queueing frappe.integrations.doctype.google_drive.google_drive.weekly_backup because it was found in queue for frappe.in
2024-10-03 11:50:01,566 ERROR scheduler Skipped queueing frappe.social.doctype.energy_point_log.energy_point_log.send_weekly_summary because it was found in queue for frappe.in
2024-10-03 11:50:01,576 ERROR scheduler Skipped queueing frappe.utils.change_log.check_for_update because it was found in queue for frappe.in
2024-10-03 11:50:01,586 ERROR scheduler Skipped queueing frappe.desk.form.document_follow.send_weekly_updates because it was found in queue for frappe.in
2024-10-03 11:50:01,596 ERROR scheduler Skipped queueing frappe.integrations.doctype.s3_backup_settings.s3_backup_settings.take_backups_weekly because it was found in queue for frappe.in
2024-10-03 11:50:01,606 ERROR scheduler Skipped queueing frappe.integrations.doctype.dropbox_settings.dropbox_settings.take_backups_weekly because it was found in queue for frappe.in
2024-10-03 11:50:01,617 ERROR scheduler Skipped queueing frappe.integrations.doctype.google_drive.google_drive.daily_backup because it was found in queue for frappe.in
2024-10-03 11:50:01,627 ERROR scheduler Skipped queueing frappe.email.doctype.auto_email_report.auto_email_report.send_daily because it was found in queue for frappe.in
2024-10-03 11:50:01,638 ERROR scheduler Skipped queueing frappe.integrations.doctype.s3_backup_settings.s3_backup_settings.take_backups_daily because it was found in queue for frappe.in
2024-10-03 11:50:01,647 ERROR scheduler Skipped queueing frappe.integrations.doctype.dropbox_settings.dropbox_settings.take_backups_daily because it was found in queue for frappe.in
2024-10-03 11:51:02,626 ERROR scheduler Skipped queueing erpnext.manufacturing.doctype.bom_update_tool.bom_update_tool.auto_update_latest_price_in_all_boms because it was found in queue for frappe2.in
2024-10-03 11:51:02,639 ERROR scheduler Skipped queueing erpnext.setup.doctype.email_digest.email_digest.send because it was found in queue for frappe2.in
2024-10-03 11:51:02,650 ERROR scheduler Skipped queueing erpnext.accounts.doctype.process_subscription.process_subscription.create_subscription_process because it was found in queue for frappe2.in
2024-10-03 11:51:02,982 ERROR scheduler Skipped queueing frappe.integrations.doctype.s3_backup_settings.s3_backup_settings.take_backups_monthly because it was found in queue for frappe2.in
2024-10-03 11:51:03,088 ERROR scheduler Skipped queueing frappe.integrations.doctype.google_drive.google_drive.daily_backup because it was found in queue for frappe2.in
2024-10-03 11:51:03,099 ERROR scheduler Skipped queueing frappe.email.doctype.auto_email_report.auto_email_report.send_daily because it was found in queue for frappe2.in
2024-10-03 11:51:03,115 ERROR scheduler Skipped queueing frappe.integrations.doctype.s3_backup_settings.s3_backup_settings.take_backups_daily because it was found in queue for frappe2.in
2024-10-03 11:51:03,130 ERROR scheduler Skipped queueing frappe.integrations.doctype.dropbox_settings.dropbox_settings.take_backups_daily because it was found in queue for frappe2.in
2024-10-03 12:01:24,224 ERROR scheduler Skipped queueing erpnext.manufacturing.doctype.bom_update_log.bom_update_log.resume_bom_cost_update_jobs because it was found in queue for frappe3.in
2024-10-03 12:01:24,457 ERROR scheduler Skipped queueing frappe.website.doctype.personal_data_deletion_request.personal_data_deletion_request.process_data_deletion_request because it was found in queue for frappe3.in
2024-10-03 12:01:24,466 ERROR scheduler Skipped queueing frappe.email.doctype.newsletter.newsletter.send_scheduled_email because it was found in queue for frappe3.in
2024-10-03 12:01:24,475 ERROR scheduler Skipped queueing frappe.integrations.doctype.google_calendar.google_calendar.sync because it was found in queue for frappe3.in
2024-10-03 12:01:24,486 ERROR scheduler Skipped queueing frappe.desk.form.document_follow.send_hourly_updates because it was found in queue for frappe3.in
2024-10-03 12:01:24,496 ERROR scheduler Skipped queueing frappe.desk.page.backups.backups.delete_downloadable_backups because it was found in queue for frappe3.in
2024-10-03 12:01:24,505 ERROR scheduler Skipped queueing frappe.model.utils.user_settings.sync_user_settings because it was found in queue for frappe3.in
2024-10-03 12:01:24,516 ERROR scheduler Skipped queueing frappe.model.utils.link_count.update_link_count because it was found in queue for frappe3.in
2024-10-03 12:01:24,526 ERROR scheduler Skipped queueing frappe.automation.doctype.reminder.reminder.send_reminders because it was found in queue for frappe3.in
2024-10-03 12:01:24,537 ERROR scheduler Skipped queueing frappe.monitor.flush because it was found in queue for frappe3.in
2024-10-03 12:01:24,548 ERROR scheduler Skipped queueing frappe.email.queue.flush because it was found in queue for frappe3.in
2024-10-03 12:01:24,574 ERROR scheduler Skipped queueing frappe.email.doctype.email_account.email_account.pull because it was found in queue for frappe3.in
2024-10-03 12:01:24,585 ERROR scheduler Skipped queueing frappe.deferred_insert.save_to_db because it was found in queue for frappe3.in
2024-10-03 12:01:24,595 ERROR scheduler Skipped queueing frappe.utils.global_search.sync_global_search because it was found in queue for frappe3.in
2024-10-03 12:01:24,607 ERROR scheduler Skipped queueing frappe.email.doctype.email_account.email_account.notify_unreplied because it was found in queue for frappe3.in
2024-10-03 12:01:24,617 ERROR scheduler Skipped queueing frappe.twofactor.delete_all_barcodes_for_users because it was found in queue for frappe3.in
2024-10-03 12:01:24,627 ERROR scheduler Skipped queueing frappe.website.doctype.web_page.web_page.check_publish_status because it was found in queue for frappe3.in
2024-10-03 12:01:24,637 ERROR scheduler Skipped queueing frappe.oauth.delete_oauth2_data because it was found in queue for frappe3.in
2024-10-03 13:33:54,400 ERROR scheduler Skipped queueing erpnext.utilities.bulk_transaction.retry because it was found in queue for frappe3.in
2024-10-03 13:33:54,413 ERROR scheduler Skipped queueing erpnext.stock.doctype.repost_item_valuation.repost_item_valuation.repost_entries because it was found in queue for frappe3.in
2024-10-03 13:33:54,662 ERROR scheduler Skipped queueing erpnext.projects.doctype.project.project.collect_project_status because it was found in queue for frappe3.in
2024-10-03 13:33:54,674 ERROR scheduler Skipped queueing erpnext.projects.doctype.project.project.hourly_reminder because it was found in queue for frappe3.in
2024-10-03 13:33:54,685 ERROR scheduler Skipped queueing erpnext.projects.doctype.project.project.project_status_update_reminder because it was found in queue for frappe3.in
2024-10-03 13:33:54,695 ERROR scheduler Skipped queueing erpnext.erpnext_integrations.doctype.plaid_settings.plaid_settings.automatic_synchronization because it was found in queue for frappe3.in
2024-10-03 13:33:54,705 ERROR scheduler Skipped queueing erpnext.utilities.doctype.video.video.update_youtube_data because it was found in queue for frappe3.in
2024-10-03 13:33:54,726 ERROR scheduler Skipped queueing erpnext.accounts.doctype.gl_entry.gl_entry.rename_gle_sle_docs because it was found in queue for frappe3.in
2024-10-03 13:33:54,736 ERROR scheduler Skipped queueing erpnext.accounts.doctype.process_payment_reconciliation.process_payment_reconciliation.trigger_reconciliation_for_queued_docs because it was found in queue for frappe3.in
2024-10-03 13:33:54,746 ERROR scheduler Skipped queueing erpnext.manufacturing.doctype.bom_update_log.bom_update_log.resume_bom_cost_update_jobs because it was found in queue for frappe3.in
2024-10-03 13:33:54,927 ERROR scheduler Skipped queueing frappe.website.doctype.personal_data_deletion_request.personal_data_deletion_request.process_data_deletion_request because it was found in queue for frappe3.in
2024-10-03 13:33:54,937 ERROR scheduler Skipped queueing frappe.email.doctype.newsletter.newsletter.send_scheduled_email because it was found in queue for frappe3.in
2024-10-03 13:33:54,950 ERROR scheduler Skipped queueing frappe.integrations.doctype.google_calendar.google_calendar.sync because it was found in queue for frappe3.in
2024-10-03 13:33:54,961 ERROR scheduler Skipped queueing frappe.desk.form.document_follow.send_hourly_updates because it was found in queue for frappe3.in
2024-10-03 13:33:54,971 ERROR scheduler Skipped queueing frappe.desk.page.backups.backups.delete_downloadable_backups because it was found in queue for frappe3.in
2024-10-03 13:33:54,981 ERROR scheduler Skipped queueing frappe.model.utils.user_settings.sync_user_settings because it was found in queue for frappe3.in
2024-10-03 13:33:54,992 ERROR scheduler Skipped queueing frappe.model.utils.link_count.update_link_count because it was found in queue for frappe3.in
2024-10-03 13:33:55,002 ERROR scheduler Skipped queueing frappe.automation.doctype.reminder.reminder.send_reminders because it was found in queue for frappe3.in
2024-10-03 13:33:55,011 ERROR scheduler Skipped queueing frappe.monitor.flush because it was found in queue for frappe3.in
2024-10-03 13:33:55,022 ERROR scheduler Skipped queueing frappe.email.queue.flush because it was found in queue for frappe3.in
2024-10-03 13:33:55,044 ERROR scheduler Skipped queueing frappe.core.doctype.prepared_report.prepared_report.expire_stalled_report because it was found in queue for frappe3.in
2024-10-03 13:33:55,056 ERROR scheduler Skipped queueing frappe.email.doctype.email_account.email_account.pull because it was found in queue for frappe3.in
2024-10-03 13:33:55,074 ERROR scheduler Skipped queueing frappe.deferred_insert.save_to_db because it was found in queue for frappe3.in
2024-10-03 13:33:55,089 ERROR scheduler Skipped queueing frappe.utils.global_search.sync_global_search because it was found in queue for frappe3.in
2024-10-03 13:33:55,108 ERROR scheduler Skipped queueing frappe.email.doctype.email_account.email_account.notify_unreplied because it was found in queue for frappe3.in
2024-10-03 13:33:55,119 ERROR scheduler Skipped queueing frappe.twofactor.delete_all_barcodes_for_users because it was found in queue for frappe3.in
2024-10-03 13:33:55,129 ERROR scheduler Skipped queueing frappe.website.doctype.web_page.web_page.check_publish_status because it was found in queue for frappe3.in
2024-10-03 13:33:55,142 ERROR scheduler Skipped queueing frappe.oauth.delete_oauth2_data because it was found in queue for frappe3.in
2024-10-03 13:33:55,475 ERROR scheduler Skipped queueing frappe.core.doctype.prepared_report.prepared_report.expire_stalled_report because it was found in queue for frappe.in
2024-10-03 13:33:55,485 ERROR scheduler Skipped queueing frappe.email.doctype.email_account.email_account.pull because it was found in queue for frappe.in
2024-10-03 13:33:55,499 ERROR scheduler Skipped queueing frappe.deferred_insert.save_to_db because it was found in queue for frappe.in
2024-10-03 13:33:55,511 ERROR scheduler Skipped queueing frappe.utils.global_search.sync_global_search because it was found in queue for frappe.in
2024-10-03 13:33:55,521 ERROR scheduler Skipped queueing frappe.email.doctype.email_account.email_account.notify_unreplied because it was found in queue for frappe.in
2024-10-03 13:33:55,532 ERROR scheduler Skipped queueing frappe.twofactor.delete_all_barcodes_for_users because it was found in queue for frappe.in
2024-10-03 13:33:55,545 ERROR scheduler Skipped queueing frappe.website.doctype.web_page.web_page.check_publish_status because it was found in queue for frappe.in
2024-10-03 13:33:55,563 ERROR scheduler Skipped queueing frappe.oauth.delete_oauth2_data because it was found in queue for frappe.in
2024-10-03 13:33:55,720 ERROR scheduler Skipped queueing erpnext.utilities.bulk_transaction.retry because it was found in queue for frappe2.in
2024-10-03 13:33:55,733 ERROR scheduler Skipped queueing erpnext.stock.doctype.repost_item_valuation.repost_item_valuation.repost_entries because it was found in queue for frappe2.in
2024-10-03 14:01:53,975 ERROR scheduler Skipped queueing frappe.email.doctype.newsletter.newsletter.send_scheduled_email because it was found in queue for frappe3.in
2024-10-03 14:01:53,994 ERROR scheduler Skipped queueing frappe.integrations.doctype.google_calendar.google_calendar.sync because it was found in queue for frappe3.in
2024-10-03 14:01:54,003 ERROR scheduler Skipped queueing frappe.desk.form.document_follow.send_hourly_updates because it was found in queue for frappe3.in
2024-10-03 14:01:54,016 ERROR scheduler Skipped queueing frappe.desk.page.backups.backups.delete_downloadable_backups because it was found in queue for frappe3.in
2024-10-03 14:01:54,026 ERROR scheduler Skipped queueing frappe.model.utils.user_settings.sync_user_settings because it was found in queue for frappe3.in
2024-10-03 14:01:54,035 ERROR scheduler Skipped queueing frappe.model.utils.link_count.update_link_count because it was found in queue for frappe3.in
2024-10-03 14:01:54,046 ERROR scheduler Skipped queueing frappe.automation.doctype.reminder.reminder.send_reminders because it was found in queue for frappe3.in
2024-10-03 14:01:54,056 ERROR scheduler Skipped queueing frappe.monitor.flush because it was found in queue for frappe3.in
2024-10-03 14:01:54,065 ERROR scheduler Skipped queueing frappe.email.queue.flush because it was found in queue for frappe3.in
2024-10-03 14:01:54,089 ERROR scheduler Skipped queueing frappe.email.doctype.email_account.email_account.pull because it was found in queue for frappe3.in
2024-10-03 14:01:54,099 ERROR scheduler Skipped queueing frappe.deferred_insert.save_to_db because it was found in queue for frappe3.in
2024-10-03 14:01:54,108 ERROR scheduler Skipped queueing frappe.utils.global_search.sync_global_search because it was found in queue for frappe3.in
2024-10-03 14:01:54,119 ERROR scheduler Skipped queueing frappe.email.doctype.email_account.email_account.notify_unreplied because it was found in queue for frappe3.in
2024-10-03 14:01:54,130 ERROR scheduler Skipped queueing frappe.twofactor.delete_all_barcodes_for_users because it was found in queue for frappe3.in
2024-10-03 14:01:54,141 ERROR scheduler Skipped queueing frappe.website.doctype.web_page.web_page.check_publish_status because it was found in queue for frappe3.in
2024-10-03 14:01:54,152 ERROR scheduler Skipped queueing frappe.oauth.delete_oauth2_data because it was found in queue for frappe3.in
2024-10-03 16:02:54,210 ERROR scheduler Skipped queueing frappe.website.doctype.web_page.web_page.check_publish_status because it was found in queue for frappe.in
2024-10-03 16:02:54,219 ERROR scheduler Skipped queueing frappe.oauth.delete_oauth2_data because it was found in queue for frappe.in
2024-10-03 17:01:55,471 ERROR scheduler Skipped queueing frappe.twofactor.delete_all_barcodes_for_users because it was found in queue for frappe2.in
2024-10-03 17:01:55,489 ERROR scheduler Skipped queueing frappe.website.doctype.web_page.web_page.check_publish_status because it was found in queue for frappe2.in
2024-10-03 17:01:55,500 ERROR scheduler Skipped queueing frappe.oauth.delete_oauth2_data because it was found in queue for frappe2.in
2024-10-03 17:01:56,480 ERROR scheduler Skipped queueing frappe.website.doctype.personal_data_deletion_request.personal_data_deletion_request.process_data_deletion_request because it was found in queue for frappe.in
2024-10-03 17:01:56,497 ERROR scheduler Skipped queueing frappe.email.doctype.newsletter.newsletter.send_scheduled_email because it was found in queue for frappe.in
2024-10-03 17:01:56,507 ERROR scheduler Skipped queueing frappe.integrations.doctype.google_calendar.google_calendar.sync because it was found in queue for frappe.in
2024-10-03 17:01:56,517 ERROR scheduler Skipped queueing frappe.desk.form.document_follow.send_hourly_updates because it was found in queue for frappe.in
2024-10-03 17:01:56,527 ERROR scheduler Skipped queueing frappe.desk.page.backups.backups.delete_downloadable_backups because it was found in queue for frappe.in
2024-10-03 17:01:56,537 ERROR scheduler Skipped queueing frappe.model.utils.user_settings.sync_user_settings because it was found in queue for frappe.in
2024-10-03 17:01:56,549 ERROR scheduler Skipped queueing frappe.model.utils.link_count.update_link_count because it was found in queue for frappe.in
2024-10-03 17:01:56,560 ERROR scheduler Skipped queueing frappe.automation.doctype.reminder.reminder.send_reminders because it was found in queue for frappe.in
2024-10-03 17:01:56,572 ERROR scheduler Skipped queueing frappe.monitor.flush because it was found in queue for frappe.in
2024-10-03 17:01:56,583 ERROR scheduler Skipped queueing frappe.email.queue.flush because it was found in queue for frappe.in
2024-10-03 17:01:56,612 ERROR scheduler Skipped queueing frappe.email.doctype.email_account.email_account.pull because it was found in queue for frappe.in
2024-10-03 17:01:56,625 ERROR scheduler Skipped queueing frappe.deferred_insert.save_to_db because it was found in queue for frappe.in
2024-10-03 17:01:56,641 ERROR scheduler Skipped queueing frappe.utils.global_search.sync_global_search because it was found in queue for frappe.in
2024-10-03 17:01:56,651 ERROR scheduler Skipped queueing frappe.email.doctype.email_account.email_account.notify_unreplied because it was found in queue for frappe.in
2024-10-03 17:01:56,660 ERROR scheduler Skipped queueing frappe.twofactor.delete_all_barcodes_for_users because it was found in queue for frappe.in
2024-10-03 17:01:56,669 ERROR scheduler Skipped queueing frappe.website.doctype.web_page.web_page.check_publish_status because it was found in queue for frappe.in
2024-10-03 17:01:56,678 ERROR scheduler Skipped queueing frappe.oauth.delete_oauth2_data because it was found in queue for frappe.in
2024-10-03 18:02:00,337 ERROR scheduler Skipped queueing erpnext.projects.doctype.project.project.hourly_reminder because it was found in queue for frappe3.in
2024-10-03 18:02:00,356 ERROR scheduler Skipped queueing erpnext.projects.doctype.project.project.project_status_update_reminder because it was found in queue for frappe3.in
2024-10-03 18:02:00,367 ERROR scheduler Skipped queueing erpnext.erpnext_integrations.doctype.plaid_settings.plaid_settings.automatic_synchronization because it was found in queue for frappe3.in
2024-10-03 18:02:00,377 ERROR scheduler Skipped queueing erpnext.utilities.doctype.video.video.update_youtube_data because it was found in queue for frappe3.in
2024-10-03 18:02:00,405 ERROR scheduler Skipped queueing erpnext.accounts.doctype.process_payment_reconciliation.process_payment_reconciliation.trigger_reconciliation_for_queued_docs because it was found in queue for frappe3.in
2024-10-03 18:02:00,415 ERROR scheduler Skipped queueing erpnext.manufacturing.doctype.bom_update_log.bom_update_log.resume_bom_cost_update_jobs because it was found in queue for frappe3.in
2024-10-03 18:02:00,638 ERROR scheduler Skipped queueing frappe.website.doctype.personal_data_deletion_request.personal_data_deletion_request.process_data_deletion_request because it was found in queue for frappe3.in
2024-10-03 18:02:00,649 ERROR scheduler Skipped queueing frappe.email.doctype.newsletter.newsletter.send_scheduled_email because it was found in queue for frappe3.in
2024-10-03 18:02:00,661 ERROR scheduler Skipped queueing frappe.integrations.doctype.google_calendar.google_calendar.sync because it was found in queue for frappe3.in
2024-10-03 18:02:00,672 ERROR scheduler Skipped queueing frappe.desk.form.document_follow.send_hourly_updates because it was found in queue for frappe3.in
2024-10-03 18:02:00,684 ERROR scheduler Skipped queueing frappe.desk.page.backups.backups.delete_downloadable_backups because it was found in queue for frappe3.in
2024-10-03 18:02:00,697 ERROR scheduler Skipped queueing frappe.model.utils.user_settings.sync_user_settings because it was found in queue for frappe3.in
2024-10-03 18:02:00,708 ERROR scheduler Skipped queueing frappe.model.utils.link_count.update_link_count because it was found in queue for frappe3.in
2024-10-03 18:02:00,719 ERROR scheduler Skipped queueing frappe.automation.doctype.reminder.reminder.send_reminders because it was found in queue for frappe3.in
2024-10-03 18:02:00,732 ERROR scheduler Skipped queueing frappe.monitor.flush because it was found in queue for frappe3.in
2024-10-03 18:02:00,743 ERROR scheduler Skipped queueing frappe.email.queue.flush because it was found in queue for frappe3.in
2024-10-03 18:02:00,769 ERROR scheduler Skipped queueing frappe.email.doctype.email_account.email_account.pull because it was found in queue for frappe3.in
2024-10-03 18:02:00,779 ERROR scheduler Skipped queueing frappe.deferred_insert.save_to_db because it was found in queue for frappe3.in
2024-10-03 18:02:00,789 ERROR scheduler Skipped queueing frappe.utils.global_search.sync_global_search because it was found in queue for frappe3.in
2024-10-03 18:02:00,801 ERROR scheduler Skipped queueing frappe.email.doctype.email_account.email_account.notify_unreplied because it was found in queue for frappe3.in
2024-10-03 18:02:00,811 ERROR scheduler Skipped queueing frappe.twofactor.delete_all_barcodes_for_users because it was found in queue for frappe3.in
2024-10-03 18:02:00,825 ERROR scheduler Skipped queueing frappe.website.doctype.web_page.web_page.check_publish_status because it was found in queue for frappe3.in
2024-10-03 18:02:00,838 ERROR scheduler Skipped queueing frappe.oauth.delete_oauth2_data because it was found in queue for frappe3.in
2024-10-03 19:01:24,612 ERROR scheduler Skipped queueing erpnext.projects.doctype.project.project.collect_project_status because it was found in queue for frappe3.in
2024-10-03 19:01:24,647 ERROR scheduler Skipped queueing erpnext.projects.doctype.project.project.hourly_reminder because it was found in queue for frappe3.in
2024-10-03 19:01:24,661 ERROR scheduler Skipped queueing erpnext.projects.doctype.project.project.project_status_update_reminder because it was found in queue for frappe3.in
2024-10-03 19:01:24,674 ERROR scheduler Skipped queueing erpnext.erpnext_integrations.doctype.plaid_settings.plaid_settings.automatic_synchronization because it was found in queue for frappe3.in
2024-10-03 19:01:24,686 ERROR scheduler Skipped queueing erpnext.utilities.doctype.video.video.update_youtube_data because it was found in queue for frappe3.in
2024-10-03 19:01:24,717 ERROR scheduler Skipped queueing erpnext.accounts.doctype.process_payment_reconciliation.process_payment_reconciliation.trigger_reconciliation_for_queued_docs because it was found in queue for frappe3.in
2024-10-03 19:01:24,728 ERROR scheduler Skipped queueing erpnext.manufacturing.doctype.bom_update_log.bom_update_log.resume_bom_cost_update_jobs because it was found in queue for frappe3.in
2024-10-03 19:01:24,936 ERROR scheduler Skipped queueing frappe.website.doctype.personal_data_deletion_request.personal_data_deletion_request.process_data_deletion_request because it was found in queue for frappe3.in
2024-10-03 19:01:24,946 ERROR scheduler Skipped queueing frappe.email.doctype.newsletter.newsletter.send_scheduled_email because it was found in queue for frappe3.in
2024-10-03 19:01:24,955 ERROR scheduler Skipped queueing frappe.integrations.doctype.google_calendar.google_calendar.sync because it was found in queue for frappe3.in
2024-10-03 19:01:24,965 ERROR scheduler Skipped queueing frappe.desk.form.document_follow.send_hourly_updates because it was found in queue for frappe3.in
2024-10-03 19:01:24,976 ERROR scheduler Skipped queueing frappe.desk.page.backups.backups.delete_downloadable_backups because it was found in queue for frappe3.in
2024-10-03 19:01:24,985 ERROR scheduler Skipped queueing frappe.model.utils.user_settings.sync_user_settings because it was found in queue for frappe3.in
2024-10-03 19:01:24,995 ERROR scheduler Skipped queueing frappe.model.utils.link_count.update_link_count because it was found in queue for frappe3.in
2024-10-03 19:01:25,005 ERROR scheduler Skipped queueing frappe.automation.doctype.reminder.reminder.send_reminders because it was found in queue for frappe3.in
2024-10-03 19:01:25,015 ERROR scheduler Skipped queueing frappe.monitor.flush because it was found in queue for frappe3.in
2024-10-03 19:01:25,025 ERROR scheduler Skipped queueing frappe.email.queue.flush because it was found in queue for frappe3.in
2024-10-03 19:01:25,066 ERROR scheduler Skipped queueing frappe.deferred_insert.save_to_db because it was found in queue for frappe3.in
2024-10-03 19:01:25,077 ERROR scheduler Skipped queueing frappe.utils.global_search.sync_global_search because it was found in queue for frappe3.in
2024-10-03 19:01:25,088 ERROR scheduler Skipped queueing frappe.email.doctype.email_account.email_account.notify_unreplied because it was found in queue for frappe3.in
2024-10-03 19:01:25,103 ERROR scheduler Skipped queueing frappe.twofactor.delete_all_barcodes_for_users because it was found in queue for frappe3.in
2024-10-03 19:01:25,123 ERROR scheduler Skipped queueing frappe.website.doctype.web_page.web_page.check_publish_status because it was found in queue for frappe3.in
2024-10-03 19:01:25,133 ERROR scheduler Skipped queueing frappe.oauth.delete_oauth2_data because it was found in queue for frappe3.in
2024-10-04 08:43:08,748 ERROR scheduler Skipped queueing erpnext.utilities.bulk_transaction.retry because it was found in queue for frappe3.in
2024-10-04 08:43:08,772 ERROR scheduler Skipped queueing erpnext.stock.doctype.repost_item_valuation.repost_item_valuation.repost_entries because it was found in queue for frappe3.in
2024-10-04 08:43:08,805 ERROR scheduler Skipped queueing erpnext.assets.doctype.asset.depreciation.post_depreciation_entries because it was found in queue for frappe3.in
2024-10-04 08:43:08,819 ERROR scheduler Skipped queueing erpnext.crm.utils.open_leads_opportunities_based_on_todays_event because it was found in queue for frappe3.in
2024-10-04 08:43:08,832 ERROR scheduler Skipped queueing erpnext.manufacturing.doctype.bom_update_tool.bom_update_tool.auto_update_latest_price_in_all_boms because it was found in queue for frappe3.in
2024-10-04 08:43:08,844 ERROR scheduler Skipped queueing erpnext.setup.doctype.email_digest.email_digest.send because it was found in queue for frappe3.in
2024-10-04 08:43:08,856 ERROR scheduler Skipped queueing erpnext.accounts.doctype.process_subscription.process_subscription.create_subscription_process because it was found in queue for frappe3.in
2024-10-04 08:43:08,998 ERROR scheduler Skipped queueing erpnext.assets.doctype.asset.asset.update_maintenance_status because it was found in queue for frappe3.in
2024-10-04 08:43:09,013 ERROR scheduler Skipped queueing erpnext.setup.doctype.company.company.cache_companies_monthly_sales_history because it was found in queue for frappe3.in
2024-10-04 08:43:09,028 ERROR scheduler Skipped queueing erpnext.buying.doctype.supplier_scorecard.supplier_scorecard.refresh_scorecards because it was found in queue for frappe3.in
2024-10-04 08:43:09,043 ERROR scheduler Skipped queueing erpnext.stock.doctype.serial_no.serial_no.update_maintenance_status because it was found in queue for frappe3.in
2024-10-04 08:43:09,056 ERROR scheduler Skipped queueing erpnext.projects.doctype.task.task.set_tasks_as_overdue because it was found in queue for frappe3.in
2024-10-04 08:43:09,067 ERROR scheduler Skipped queueing erpnext.accounts.doctype.fiscal_year.fiscal_year.auto_create_fiscal_year because it was found in queue for frappe3.in
2024-10-04 08:43:09,078 ERROR scheduler Skipped queueing erpnext.controllers.accounts_controller.update_invoice_status because it was found in queue for frappe3.in
2024-10-04 08:43:09,088 ERROR scheduler Skipped queueing erpnext.crm.doctype.opportunity.opportunity.auto_close_opportunity because it was found in queue for frappe3.in
2024-10-04 08:43:09,099 ERROR scheduler Skipped queueing erpnext.support.doctype.issue.issue.auto_close_tickets because it was found in queue for frappe3.in
2024-10-04 08:43:09,110 ERROR scheduler Skipped queueing erpnext.projects.doctype.project.project.collect_project_status because it was found in queue for frappe3.in
2024-10-04 08:43:09,121 ERROR scheduler Skipped queueing erpnext.projects.doctype.project.project.hourly_reminder because it was found in queue for frappe3.in
2024-10-04 08:43:09,132 ERROR scheduler Skipped queueing erpnext.projects.doctype.project.project.project_status_update_reminder because it was found in queue for frappe3.in
2024-10-04 08:43:09,143 ERROR scheduler Skipped queueing erpnext.erpnext_integrations.doctype.plaid_settings.plaid_settings.automatic_synchronization because it was found in queue for frappe3.in
2024-10-04 08:43:09,153 ERROR scheduler Skipped queueing erpnext.utilities.doctype.video.video.update_youtube_data because it was found in queue for frappe3.in
2024-10-04 08:43:09,164 ERROR scheduler Skipped queueing erpnext.stock.reorder_item.reorder_item because it was found in queue for frappe3.in
2024-10-04 08:43:09,176 ERROR scheduler Skipped queueing erpnext.accounts.doctype.gl_entry.gl_entry.rename_gle_sle_docs because it was found in queue for frappe3.in
2024-10-04 08:43:09,188 ERROR scheduler Skipped queueing erpnext.accounts.doctype.process_payment_reconciliation.process_payment_reconciliation.trigger_reconciliation_for_queued_docs because it was found in queue for frappe3.in
2024-10-04 08:43:09,198 ERROR scheduler Skipped queueing erpnext.manufacturing.doctype.bom_update_log.bom_update_log.resume_bom_cost_update_jobs because it was found in queue for frappe3.in
2024-10-04 08:43:09,293 ERROR scheduler Skipped queueing frappe.integrations.doctype.google_drive.google_drive.daily_backup because it was found in queue for frappe3.in
2024-10-04 08:43:09,304 ERROR scheduler Skipped queueing frappe.email.doctype.auto_email_report.auto_email_report.send_daily because it was found in queue for frappe3.in
2024-10-04 08:43:09,315 ERROR scheduler Skipped queueing frappe.integrations.doctype.s3_backup_settings.s3_backup_settings.take_backups_daily because it was found in queue for frappe3.in
2024-10-04 08:43:09,325 ERROR scheduler Skipped queueing frappe.integrations.doctype.dropbox_settings.dropbox_settings.take_backups_daily because it was found in queue for frappe3.in
2024-10-04 08:43:09,335 ERROR scheduler Skipped queueing frappe.automation.doctype.auto_repeat.auto_repeat.set_auto_repeat_as_completed because it was found in queue for frappe3.in
2024-10-04 08:43:09,346 ERROR scheduler Skipped queueing frappe.automation.doctype.auto_repeat.auto_repeat.make_auto_repeat_entry because it was found in queue for frappe3.in
2024-10-04 08:43:09,360 ERROR scheduler Skipped queueing frappe.integrations.doctype.google_contacts.google_contacts.sync because it was found in queue for frappe3.in
2024-10-04 08:43:09,371 ERROR scheduler Skipped queueing frappe.social.doctype.energy_point_settings.energy_point_settings.allocate_review_points because it was found in queue for frappe3.in
2024-10-04 08:43:09,381 ERROR scheduler Skipped queueing frappe.desk.form.document_follow.send_daily_updates because it was found in queue for frappe3.in
2024-10-04 08:43:09,391 ERROR scheduler Skipped queueing frappe.website.doctype.personal_data_deletion_request.personal_data_deletion_request.remove_unverified_record because it was found in queue for frappe3.in
2024-10-04 08:43:09,402 ERROR scheduler Skipped queueing frappe.email.doctype.notification.notification.trigger_daily_alerts because it was found in queue for frappe3.in
2024-10-04 08:43:09,415 ERROR scheduler Skipped queueing frappe.sessions.clear_expired_sessions because it was found in queue for frappe3.in
2024-10-04 08:43:09,429 ERROR scheduler Skipped queueing frappe.desk.doctype.event.event.send_event_digest because it was found in queue for frappe3.in
2024-10-04 08:43:09,443 ERROR scheduler Skipped queueing frappe.desk.notifications.clear_notifications because it was found in queue for frappe3.in
2024-10-04 08:43:09,456 ERROR scheduler Skipped queueing frappe.website.doctype.personal_data_deletion_request.personal_data_deletion_request.process_data_deletion_request because it was found in queue for frappe3.in
2024-10-04 08:43:09,469 ERROR scheduler Skipped queueing frappe.email.doctype.newsletter.newsletter.send_scheduled_email because it was found in queue for frappe3.in
2024-10-04 08:43:09,481 ERROR scheduler Skipped queueing frappe.integrations.doctype.google_calendar.google_calendar.sync because it was found in queue for frappe3.in
2024-10-04 08:43:09,501 ERROR scheduler Skipped queueing frappe.desk.form.document_follow.send_hourly_updates because it was found in queue for frappe3.in
2024-10-04 08:43:09,515 ERROR scheduler Skipped queueing frappe.desk.page.backups.backups.delete_downloadable_backups because it was found in queue for frappe3.in
2024-10-04 08:43:09,531 ERROR scheduler Skipped queueing frappe.model.utils.user_settings.sync_user_settings because it was found in queue for frappe3.in
2024-10-04 08:43:09,545 ERROR scheduler Skipped queueing frappe.model.utils.link_count.update_link_count because it was found in queue for frappe3.in
2024-10-04 08:43:09,558 ERROR scheduler Skipped queueing frappe.automation.doctype.reminder.reminder.send_reminders because it was found in queue for frappe3.in
2024-10-04 08:43:09,569 ERROR scheduler Skipped queueing frappe.monitor.flush because it was found in queue for frappe3.in
2024-10-04 08:43:09,580 ERROR scheduler Skipped queueing frappe.email.queue.flush because it was found in queue for frappe3.in
2024-10-04 08:43:09,590 ERROR scheduler Skipped queueing frappe.core.doctype.log_settings.log_settings.run_log_clean_up because it was found in queue for frappe3.in
2024-10-04 08:43:09,602 ERROR scheduler Skipped queueing frappe.core.doctype.prepared_report.prepared_report.expire_stalled_report because it was found in queue for frappe3.in
2024-10-04 08:43:09,614 ERROR scheduler Skipped queueing frappe.email.doctype.email_account.email_account.pull because it was found in queue for frappe3.in
2024-10-04 08:43:09,625 ERROR scheduler Skipped queueing frappe.deferred_insert.save_to_db because it was found in queue for frappe3.in
2024-10-04 08:43:09,637 ERROR scheduler Skipped queueing frappe.utils.global_search.sync_global_search because it was found in queue for frappe3.in
2024-10-04 08:43:09,649 ERROR scheduler Skipped queueing frappe.email.doctype.email_account.email_account.notify_unreplied because it was found in queue for frappe3.in
2024-10-04 08:43:09,659 ERROR scheduler Skipped queueing frappe.twofactor.delete_all_barcodes_for_users because it was found in queue for frappe3.in
2024-10-04 08:43:09,669 ERROR scheduler Skipped queueing frappe.website.doctype.web_page.web_page.check_publish_status because it was found in queue for frappe3.in
2024-10-04 08:43:09,680 ERROR scheduler Skipped queueing frappe.oauth.delete_oauth2_data because it was found in queue for frappe3.in
2024-10-04 08:43:09,735 ERROR scheduler Skipped queueing library_management.tasks.enqueue_job because it was found in queue for frappe2.in
2024-10-04 08:43:09,762 ERROR scheduler Skipped queueing library_management.tasks.daily because it was found in queue for frappe2.in
2024-10-04 08:43:09,772 ERROR scheduler Skipped queueing library_management.tasks.hourly because it was found in queue for frappe2.in
2024-10-04 08:43:09,784 ERROR scheduler Skipped queueing library_management.tasks.all because it was found in queue for frappe2.in
2024-10-04 08:43:09,805 ERROR scheduler Skipped queueing erpnext.utilities.bulk_transaction.retry because it was found in queue for frappe2.in
2024-10-04 08:43:09,820 ERROR scheduler Skipped queueing erpnext.stock.doctype.repost_item_valuation.repost_item_valuation.repost_entries because it was found in queue for frappe2.in
2024-10-04 08:43:09,854 ERROR scheduler Skipped queueing erpnext.assets.doctype.asset.depreciation.post_depreciation_entries because it was found in queue for frappe2.in
2024-10-04 08:43:09,869 ERROR scheduler Skipped queueing erpnext.crm.utils.open_leads_opportunities_based_on_todays_event because it was found in queue for frappe2.in
2024-10-04 08:43:09,883 ERROR scheduler Skipped queueing erpnext.manufacturing.doctype.bom_update_tool.bom_update_tool.auto_update_latest_price_in_all_boms because it was found in queue for frappe2.in
2024-10-04 08:43:09,899 ERROR scheduler Skipped queueing erpnext.setup.doctype.email_digest.email_digest.send because it was found in queue for frappe2.in
2024-10-04 08:43:09,930 ERROR scheduler Skipped queueing erpnext.accounts.doctype.process_subscription.process_subscription.create_subscription_process because it was found in queue for frappe2.in
2024-10-04 08:43:09,956 ERROR scheduler Skipped queueing erpnext.assets.doctype.asset_maintenance_log.asset_maintenance_log.update_asset_maintenance_log_status because it was found in queue for frappe2.in
2024-10-04 08:43:09,966 ERROR scheduler Skipped queueing erpnext.accounts.utils.run_ledger_health_checks because it was found in queue for frappe2.in
2024-10-04 08:43:09,977 ERROR scheduler Skipped queueing erpnext.accounts.utils.auto_create_exchange_rate_revaluation_daily because it was found in queue for frappe2.in
2024-10-04 08:43:09,992 ERROR scheduler Skipped queueing erpnext.accounts.doctype.process_statement_of_accounts.process_statement_of_accounts.send_auto_email because it was found in queue for frappe2.in
2024-10-04 08:43:10,004 ERROR scheduler Skipped queueing erpnext.buying.doctype.supplier_quotation.supplier_quotation.set_expired_status because it was found in queue for frappe2.in
2024-10-04 08:43:10,021 ERROR scheduler Skipped queueing erpnext.selling.doctype.quotation.quotation.set_expired_status because it was found in queue for frappe2.in
2024-10-04 08:43:10,032 ERROR scheduler Skipped queueing erpnext.crm.doctype.email_campaign.email_campaign.set_email_campaign_status because it was found in queue for frappe2.in
2024-10-04 08:43:10,043 ERROR scheduler Skipped queueing erpnext.crm.doctype.email_campaign.email_campaign.send_email_to_leads_or_contacts because it was found in queue for frappe2.in
2024-10-04 08:43:10,053 ERROR scheduler Skipped queueing erpnext.support.doctype.service_level_agreement.service_level_agreement.check_agreement_status because it was found in queue for frappe2.in
2024-10-04 08:43:10,062 ERROR scheduler Skipped queueing erpnext.quality_management.doctype.quality_review.quality_review.review because it was found in queue for frappe2.in
2024-10-04 08:43:10,073 ERROR scheduler Skipped queueing erpnext.projects.doctype.project.project.send_project_status_email_to_users because it was found in queue for frappe2.in
2024-10-04 08:43:10,084 ERROR scheduler Skipped queueing erpnext.projects.doctype.project.project.update_project_sales_billing because it was found in queue for frappe2.in
2024-10-04 08:43:10,094 ERROR scheduler Skipped queueing erpnext.crm.doctype.contract.contract.update_status_for_contracts because it was found in queue for frappe2.in
2024-10-04 08:43:10,107 ERROR scheduler Skipped queueing erpnext.assets.doctype.asset.asset.make_post_gl_entry because it was found in queue for frappe2.in
2024-10-04 08:43:10,119 ERROR scheduler Skipped queueing erpnext.assets.doctype.asset.asset.update_maintenance_status because it was found in queue for frappe2.in
2024-10-04 08:43:10,132 ERROR scheduler Skipped queueing erpnext.setup.doctype.company.company.cache_companies_monthly_sales_history because it was found in queue for frappe2.in
2024-10-04 08:43:10,144 ERROR scheduler Skipped queueing erpnext.buying.doctype.supplier_scorecard.supplier_scorecard.refresh_scorecards because it was found in queue for frappe2.in
2024-10-04 08:43:10,157 ERROR scheduler Skipped queueing erpnext.stock.doctype.serial_no.serial_no.update_maintenance_status because it was found in queue for frappe2.in
2024-10-04 08:43:10,169 ERROR scheduler Skipped queueing erpnext.projects.doctype.task.task.set_tasks_as_overdue because it was found in queue for frappe2.in
2024-10-04 08:43:10,182 ERROR scheduler Skipped queueing erpnext.accounts.doctype.fiscal_year.fiscal_year.auto_create_fiscal_year because it was found in queue for frappe2.in
2024-10-04 08:43:10,194 ERROR scheduler Skipped queueing erpnext.controllers.accounts_controller.update_invoice_status because it was found in queue for frappe2.in
2024-10-04 08:43:10,207 ERROR scheduler Skipped queueing erpnext.crm.doctype.opportunity.opportunity.auto_close_opportunity because it was found in queue for frappe2.in
2024-10-04 08:43:10,219 ERROR scheduler Skipped queueing erpnext.support.doctype.issue.issue.auto_close_tickets because it was found in queue for frappe2.in
2024-10-04 08:43:10,231 ERROR scheduler Skipped queueing erpnext.projects.doctype.project.project.collect_project_status because it was found in queue for frappe2.in
2024-10-04 08:43:10,242 ERROR scheduler Skipped queueing erpnext.projects.doctype.project.project.hourly_reminder because it was found in queue for frappe2.in
2024-10-04 08:43:10,257 ERROR scheduler Skipped queueing erpnext.projects.doctype.project.project.project_status_update_reminder because it was found in queue for frappe2.in
2024-10-04 08:43:10,268 ERROR scheduler Skipped queueing erpnext.erpnext_integrations.doctype.plaid_settings.plaid_settings.automatic_synchronization because it was found in queue for frappe2.in
2024-10-04 08:43:10,280 ERROR scheduler Skipped queueing erpnext.utilities.doctype.video.video.update_youtube_data because it was found in queue for frappe2.in
2024-10-04 08:43:10,290 ERROR scheduler Skipped queueing erpnext.stock.reorder_item.reorder_item because it was found in queue for frappe2.in
2024-10-04 08:43:10,300 ERROR scheduler Skipped queueing erpnext.accounts.doctype.gl_entry.gl_entry.rename_gle_sle_docs because it was found in queue for frappe2.in
2024-10-04 08:43:10,311 ERROR scheduler Skipped queueing erpnext.accounts.doctype.process_payment_reconciliation.process_payment_reconciliation.trigger_reconciliation_for_queued_docs because it was found in queue for frappe2.in
2024-10-04 08:43:10,325 ERROR scheduler Skipped queueing erpnext.manufacturing.doctype.bom_update_log.bom_update_log.resume_bom_cost_update_jobs because it was found in queue for frappe2.in
2024-10-04 08:43:10,423 ERROR scheduler Skipped queueing frappe.integrations.doctype.google_drive.google_drive.daily_backup because it was found in queue for frappe2.in
2024-10-04 08:43:10,432 ERROR scheduler Skipped queueing frappe.email.doctype.auto_email_report.auto_email_report.send_daily because it was found in queue for frappe2.in
2024-10-04 08:43:10,449 ERROR scheduler Skipped queueing frappe.integrations.doctype.s3_backup_settings.s3_backup_settings.take_backups_daily because it was found in queue for frappe2.in
2024-10-04 08:43:10,477 ERROR scheduler Skipped queueing frappe.integrations.doctype.dropbox_settings.dropbox_settings.take_backups_daily because it was found in queue for frappe2.in
2024-10-04 08:43:10,488 ERROR scheduler Skipped queueing frappe.automation.doctype.auto_repeat.auto_repeat.set_auto_repeat_as_completed because it was found in queue for frappe2.in
2024-10-04 08:43:10,502 ERROR scheduler Skipped queueing frappe.automation.doctype.auto_repeat.auto_repeat.make_auto_repeat_entry because it was found in queue for frappe2.in
2024-10-04 08:43:10,513 ERROR scheduler Skipped queueing frappe.integrations.doctype.google_contacts.google_contacts.sync because it was found in queue for frappe2.in
2024-10-04 08:43:10,522 ERROR scheduler Skipped queueing frappe.social.doctype.energy_point_settings.energy_point_settings.allocate_review_points because it was found in queue for frappe2.in
2024-10-04 08:43:10,535 ERROR scheduler Skipped queueing frappe.desk.form.document_follow.send_daily_updates because it was found in queue for frappe2.in
2024-10-04 08:43:10,548 ERROR scheduler Skipped queueing frappe.website.doctype.personal_data_deletion_request.personal_data_deletion_request.remove_unverified_record because it was found in queue for frappe2.in
2024-10-04 08:43:10,559 ERROR scheduler Skipped queueing frappe.email.doctype.notification.notification.trigger_daily_alerts because it was found in queue for frappe2.in
2024-10-04 08:43:10,569 ERROR scheduler Skipped queueing frappe.sessions.clear_expired_sessions because it was found in queue for frappe2.in
2024-10-04 08:43:10,580 ERROR scheduler Skipped queueing frappe.desk.doctype.event.event.send_event_digest because it was found in queue for frappe2.in
2024-10-04 08:43:10,591 ERROR scheduler Skipped queueing frappe.desk.notifications.clear_notifications because it was found in queue for frappe2.in
2024-10-04 08:43:10,600 ERROR scheduler Skipped queueing frappe.website.doctype.personal_data_deletion_request.personal_data_deletion_request.process_data_deletion_request because it was found in queue for frappe2.in
2024-10-04 08:43:10,612 ERROR scheduler Skipped queueing frappe.email.doctype.newsletter.newsletter.send_scheduled_email because it was found in queue for frappe2.in
2024-10-04 08:43:10,623 ERROR scheduler Skipped queueing frappe.integrations.doctype.google_calendar.google_calendar.sync because it was found in queue for frappe2.in
2024-10-04 08:43:10,635 ERROR scheduler Skipped queueing frappe.desk.form.document_follow.send_hourly_updates because it was found in queue for frappe2.in
2024-10-04 08:43:10,647 ERROR scheduler Skipped queueing frappe.desk.page.backups.backups.delete_downloadable_backups because it was found in queue for frappe2.in
2024-10-04 08:43:10,658 ERROR scheduler Skipped queueing frappe.model.utils.user_settings.sync_user_settings because it was found in queue for frappe2.in
2024-10-04 08:43:10,669 ERROR scheduler Skipped queueing frappe.model.utils.link_count.update_link_count because it was found in queue for frappe2.in
2024-10-04 08:43:10,679 ERROR scheduler Skipped queueing frappe.automation.doctype.reminder.reminder.send_reminders because it was found in queue for frappe2.in
2024-10-04 08:43:10,691 ERROR scheduler Skipped queueing frappe.monitor.flush because it was found in queue for frappe2.in
2024-10-04 08:43:10,703 ERROR scheduler Skipped queueing frappe.email.queue.flush because it was found in queue for frappe2.in
2024-10-04 08:43:10,714 ERROR scheduler Skipped queueing frappe.core.doctype.log_settings.log_settings.run_log_clean_up because it was found in queue for frappe2.in
2024-10-04 08:43:10,724 ERROR scheduler Skipped queueing frappe.core.doctype.prepared_report.prepared_report.expire_stalled_report because it was found in queue for frappe2.in
2024-10-04 08:43:10,735 ERROR scheduler Skipped queueing frappe.email.doctype.email_account.email_account.pull because it was found in queue for frappe2.in
2024-10-04 08:43:10,746 ERROR scheduler Skipped queueing frappe.deferred_insert.save_to_db because it was found in queue for frappe2.in
2024-10-04 08:43:10,757 ERROR scheduler Skipped queueing frappe.utils.global_search.sync_global_search because it was found in queue for frappe2.in
2024-10-04 08:43:10,768 ERROR scheduler Skipped queueing frappe.email.doctype.email_account.email_account.notify_unreplied because it was found in queue for frappe2.in
2024-10-04 08:43:10,781 ERROR scheduler Skipped queueing frappe.twofactor.delete_all_barcodes_for_users because it was found in queue for frappe2.in
2024-10-04 08:43:10,793 ERROR scheduler Skipped queueing frappe.website.doctype.web_page.web_page.check_publish_status because it was found in queue for frappe2.in
2024-10-04 08:43:10,805 ERROR scheduler Skipped queueing frappe.oauth.delete_oauth2_data because it was found in queue for frappe2.in
2024-10-04 08:43:10,935 ERROR scheduler Skipped queueing frappe.email.doctype.auto_email_report.auto_email_report.send_daily because it was found in queue for frappe.in
2024-10-04 08:43:10,948 ERROR scheduler Skipped queueing frappe.integrations.doctype.s3_backup_settings.s3_backup_settings.take_backups_daily because it was found in queue for frappe.in
2024-10-04 08:43:10,960 ERROR scheduler Skipped queueing frappe.integrations.doctype.dropbox_settings.dropbox_settings.take_backups_daily because it was found in queue for frappe.in
2024-10-04 08:44:11,371 ERROR scheduler Skipped queueing library_management.tasks.enqueue_job because it was found in queue for frappe2.in
2024-10-04 08:44:11,398 ERROR scheduler Skipped queueing library_management.tasks.daily because it was found in queue for frappe2.in
2024-10-04 08:44:11,410 ERROR scheduler Skipped queueing library_management.tasks.hourly because it was found in queue for frappe2.in
2024-10-04 08:44:11,421 ERROR scheduler Skipped queueing library_management.tasks.all because it was found in queue for frappe2.in
2024-10-04 08:44:11,442 ERROR scheduler Skipped queueing erpnext.utilities.bulk_transaction.retry because it was found in queue for frappe2.in
2024-10-04 08:44:11,453 ERROR scheduler Skipped queueing erpnext.stock.doctype.repost_item_valuation.repost_item_valuation.repost_entries because it was found in queue for frappe2.in
2024-10-04 08:44:11,477 ERROR scheduler Skipped queueing erpnext.assets.doctype.asset.depreciation.post_depreciation_entries because it was found in queue for frappe2.in
2024-10-04 08:44:11,488 ERROR scheduler Skipped queueing erpnext.crm.utils.open_leads_opportunities_based_on_todays_event because it was found in queue for frappe2.in
2024-10-04 08:44:11,498 ERROR scheduler Skipped queueing erpnext.manufacturing.doctype.bom_update_tool.bom_update_tool.auto_update_latest_price_in_all_boms because it was found in queue for frappe2.in
2024-10-04 08:44:11,508 ERROR scheduler Skipped queueing erpnext.setup.doctype.email_digest.email_digest.send because it was found in queue for frappe2.in
2024-10-04 08:44:11,518 ERROR scheduler Skipped queueing erpnext.accounts.doctype.process_subscription.process_subscription.create_subscription_process because it was found in queue for frappe2.in
2024-10-04 08:44:11,528 ERROR scheduler Skipped queueing erpnext.assets.doctype.asset_maintenance_log.asset_maintenance_log.update_asset_maintenance_log_status because it was found in queue for frappe2.in
2024-10-04 08:44:11,538 ERROR scheduler Skipped queueing erpnext.accounts.utils.run_ledger_health_checks because it was found in queue for frappe2.in
2024-10-04 08:44:11,548 ERROR scheduler Skipped queueing erpnext.accounts.utils.auto_create_exchange_rate_revaluation_daily because it was found in queue for frappe2.in
2024-10-04 08:44:11,560 ERROR scheduler Skipped queueing erpnext.accounts.doctype.process_statement_of_accounts.process_statement_of_accounts.send_auto_email because it was found in queue for frappe2.in
2024-10-04 08:44:11,572 ERROR scheduler Skipped queueing erpnext.buying.doctype.supplier_quotation.supplier_quotation.set_expired_status because it was found in queue for frappe2.in
2024-10-04 08:44:11,584 ERROR scheduler Skipped queueing erpnext.selling.doctype.quotation.quotation.set_expired_status because it was found in queue for frappe2.in
2024-10-04 08:44:11,595 ERROR scheduler Skipped queueing erpnext.crm.doctype.email_campaign.email_campaign.set_email_campaign_status because it was found in queue for frappe2.in
2024-10-04 08:44:11,607 ERROR scheduler Skipped queueing erpnext.crm.doctype.email_campaign.email_campaign.send_email_to_leads_or_contacts because it was found in queue for frappe2.in
2024-10-04 08:44:11,619 ERROR scheduler Skipped queueing erpnext.support.doctype.service_level_agreement.service_level_agreement.check_agreement_status because it was found in queue for frappe2.in
2024-10-04 08:44:11,633 ERROR scheduler Skipped queueing erpnext.quality_management.doctype.quality_review.quality_review.review because it was found in queue for frappe2.in
2024-10-04 08:44:11,645 ERROR scheduler Skipped queueing erpnext.projects.doctype.project.project.send_project_status_email_to_users because it was found in queue for frappe2.in
2024-10-04 08:44:11,654 ERROR scheduler Skipped queueing erpnext.projects.doctype.project.project.update_project_sales_billing because it was found in queue for frappe2.in
2024-10-04 08:44:11,664 ERROR scheduler Skipped queueing erpnext.crm.doctype.contract.contract.update_status_for_contracts because it was found in queue for frappe2.in
2024-10-04 08:44:11,674 ERROR scheduler Skipped queueing erpnext.assets.doctype.asset.asset.make_post_gl_entry because it was found in queue for frappe2.in
2024-10-04 08:44:11,686 ERROR scheduler Skipped queueing erpnext.assets.doctype.asset.asset.update_maintenance_status because it was found in queue for frappe2.in
2024-10-04 08:44:11,696 ERROR scheduler Skipped queueing erpnext.setup.doctype.company.company.cache_companies_monthly_sales_history because it was found in queue for frappe2.in
2024-10-04 08:44:11,708 ERROR scheduler Skipped queueing erpnext.buying.doctype.supplier_scorecard.supplier_scorecard.refresh_scorecards because it was found in queue for frappe2.in
2024-10-04 08:44:11,718 ERROR scheduler Skipped queueing erpnext.stock.doctype.serial_no.serial_no.update_maintenance_status because it was found in queue for frappe2.in
2024-10-04 08:44:11,731 ERROR scheduler Skipped queueing erpnext.projects.doctype.task.task.set_tasks_as_overdue because it was found in queue for frappe2.in
2024-10-04 08:44:11,741 ERROR scheduler Skipped queueing erpnext.accounts.doctype.fiscal_year.fiscal_year.auto_create_fiscal_year because it was found in queue for frappe2.in
2024-10-04 08:44:11,751 ERROR scheduler Skipped queueing erpnext.controllers.accounts_controller.update_invoice_status because it was found in queue for frappe2.in
2024-10-04 08:44:11,763 ERROR scheduler Skipped queueing erpnext.crm.doctype.opportunity.opportunity.auto_close_opportunity because it was found in queue for frappe2.in
2024-10-04 08:44:11,773 ERROR scheduler Skipped queueing erpnext.support.doctype.issue.issue.auto_close_tickets because it was found in queue for frappe2.in
2024-10-04 08:44:11,782 ERROR scheduler Skipped queueing erpnext.projects.doctype.project.project.collect_project_status because it was found in queue for frappe2.in
2024-10-04 08:44:11,793 ERROR scheduler Skipped queueing erpnext.projects.doctype.project.project.hourly_reminder because it was found in queue for frappe2.in
2024-10-04 08:44:11,805 ERROR scheduler Skipped queueing erpnext.projects.doctype.project.project.project_status_update_reminder because it was found in queue for frappe2.in
2024-10-04 08:44:11,816 ERROR scheduler Skipped queueing erpnext.erpnext_integrations.doctype.plaid_settings.plaid_settings.automatic_synchronization because it was found in queue for frappe2.in
2024-10-04 08:44:11,825 ERROR scheduler Skipped queueing erpnext.utilities.doctype.video.video.update_youtube_data because it was found in queue for frappe2.in
2024-10-04 08:44:11,836 ERROR scheduler Skipped queueing erpnext.stock.reorder_item.reorder_item because it was found in queue for frappe2.in
2024-10-04 08:44:11,846 ERROR scheduler Skipped queueing erpnext.accounts.doctype.gl_entry.gl_entry.rename_gle_sle_docs because it was found in queue for frappe2.in
2024-10-04 08:44:11,855 ERROR scheduler Skipped queueing erpnext.accounts.doctype.process_payment_reconciliation.process_payment_reconciliation.trigger_reconciliation_for_queued_docs because it was found in queue for frappe2.in
2024-10-04 08:44:11,866 ERROR scheduler Skipped queueing erpnext.manufacturing.doctype.bom_update_log.bom_update_log.resume_bom_cost_update_jobs because it was found in queue for frappe2.in
2024-10-04 08:44:11,965 ERROR scheduler Skipped queueing frappe.integrations.doctype.google_drive.google_drive.daily_backup because it was found in queue for frappe2.in
2024-10-04 08:44:11,976 ERROR scheduler Skipped queueing frappe.email.doctype.auto_email_report.auto_email_report.send_daily because it was found in queue for frappe2.in
2024-10-04 08:44:11,987 ERROR scheduler Skipped queueing frappe.integrations.doctype.s3_backup_settings.s3_backup_settings.take_backups_daily because it was found in queue for frappe2.in
2024-10-04 08:44:11,997 ERROR scheduler Skipped queueing frappe.integrations.doctype.dropbox_settings.dropbox_settings.take_backups_daily because it was found in queue for frappe2.in
2024-10-04 08:44:12,007 ERROR scheduler Skipped queueing frappe.automation.doctype.auto_repeat.auto_repeat.set_auto_repeat_as_completed because it was found in queue for frappe2.in
2024-10-04 08:44:12,017 ERROR scheduler Skipped queueing frappe.automation.doctype.auto_repeat.auto_repeat.make_auto_repeat_entry because it was found in queue for frappe2.in
2024-10-04 08:44:12,028 ERROR scheduler Skipped queueing frappe.integrations.doctype.google_contacts.google_contacts.sync because it was found in queue for frappe2.in
2024-10-04 08:44:12,040 ERROR scheduler Skipped queueing frappe.social.doctype.energy_point_settings.energy_point_settings.allocate_review_points because it was found in queue for frappe2.in
2024-10-04 08:44:12,050 ERROR scheduler Skipped queueing frappe.desk.form.document_follow.send_daily_updates because it was found in queue for frappe2.in
2024-10-04 08:44:12,059 ERROR scheduler Skipped queueing frappe.website.doctype.personal_data_deletion_request.personal_data_deletion_request.remove_unverified_record because it was found in queue for frappe2.in
2024-10-04 08:44:12,069 ERROR scheduler Skipped queueing frappe.email.doctype.notification.notification.trigger_daily_alerts because it was found in queue for frappe2.in
2024-10-04 08:44:12,079 ERROR scheduler Skipped queueing frappe.sessions.clear_expired_sessions because it was found in queue for frappe2.in
2024-10-04 08:44:12,088 ERROR scheduler Skipped queueing frappe.desk.doctype.event.event.send_event_digest because it was found in queue for frappe2.in
2024-10-04 08:44:12,098 ERROR scheduler Skipped queueing frappe.desk.notifications.clear_notifications because it was found in queue for frappe2.in
2024-10-04 08:44:12,108 ERROR scheduler Skipped queueing frappe.website.doctype.personal_data_deletion_request.personal_data_deletion_request.process_data_deletion_request because it was found in queue for frappe2.in
2024-10-04 08:44:12,118 ERROR scheduler Skipped queueing frappe.email.doctype.newsletter.newsletter.send_scheduled_email because it was found in queue for frappe2.in
2024-10-04 08:44:12,128 ERROR scheduler Skipped queueing frappe.integrations.doctype.google_calendar.google_calendar.sync because it was found in queue for frappe2.in
2024-10-04 08:44:12,139 ERROR scheduler Skipped queueing frappe.desk.form.document_follow.send_hourly_updates because it was found in queue for frappe2.in
2024-10-04 08:44:12,149 ERROR scheduler Skipped queueing frappe.desk.page.backups.backups.delete_downloadable_backups because it was found in queue for frappe2.in
2024-10-04 08:44:12,160 ERROR scheduler Skipped queueing frappe.model.utils.user_settings.sync_user_settings because it was found in queue for frappe2.in
2024-10-04 08:44:12,169 ERROR scheduler Skipped queueing frappe.model.utils.link_count.update_link_count because it was found in queue for frappe2.in
2024-10-04 08:44:12,179 ERROR scheduler Skipped queueing frappe.automation.doctype.reminder.reminder.send_reminders because it was found in queue for frappe2.in
2024-10-04 08:44:12,190 ERROR scheduler Skipped queueing frappe.monitor.flush because it was found in queue for frappe2.in
2024-10-04 08:44:12,200 ERROR scheduler Skipped queueing frappe.email.queue.flush because it was found in queue for frappe2.in
2024-10-04 08:44:12,210 ERROR scheduler Skipped queueing frappe.core.doctype.log_settings.log_settings.run_log_clean_up because it was found in queue for frappe2.in
2024-10-04 08:44:12,220 ERROR scheduler Skipped queueing frappe.core.doctype.prepared_report.prepared_report.expire_stalled_report because it was found in queue for frappe2.in
2024-10-04 08:44:12,230 ERROR scheduler Skipped queueing frappe.email.doctype.email_account.email_account.pull because it was found in queue for frappe2.in
2024-10-04 08:44:12,242 ERROR scheduler Skipped queueing frappe.deferred_insert.save_to_db because it was found in queue for frappe2.in
2024-10-04 08:44:12,253 ERROR scheduler Skipped queueing frappe.utils.global_search.sync_global_search because it was found in queue for frappe2.in
2024-10-04 08:44:12,265 ERROR scheduler Skipped queueing frappe.email.doctype.email_account.email_account.notify_unreplied because it was found in queue for frappe2.in
2024-10-04 08:44:12,277 ERROR scheduler Skipped queueing frappe.twofactor.delete_all_barcodes_for_users because it was found in queue for frappe2.in
2024-10-04 08:44:12,289 ERROR scheduler Skipped queueing frappe.website.doctype.web_page.web_page.check_publish_status because it was found in queue for frappe2.in
2024-10-04 08:44:12,299 ERROR scheduler Skipped queueing frappe.oauth.delete_oauth2_data because it was found in queue for frappe2.in
2024-10-04 08:44:12,363 ERROR scheduler Skipped queueing erpnext.utilities.bulk_transaction.retry because it was found in queue for frappe3.in
2024-10-04 08:44:12,374 ERROR scheduler Skipped queueing erpnext.stock.doctype.repost_item_valuation.repost_item_valuation.repost_entries because it was found in queue for frappe3.in
2024-10-04 08:44:12,404 ERROR scheduler Skipped queueing erpnext.assets.doctype.asset.depreciation.post_depreciation_entries because it was found in queue for frappe3.in
2024-10-04 08:44:12,415 ERROR scheduler Skipped queueing erpnext.crm.utils.open_leads_opportunities_based_on_todays_event because it was found in queue for frappe3.in
2024-10-04 08:44:12,424 ERROR scheduler Skipped queueing erpnext.manufacturing.doctype.bom_update_tool.bom_update_tool.auto_update_latest_price_in_all_boms because it was found in queue for frappe3.in
2024-10-04 08:44:12,436 ERROR scheduler Skipped queueing erpnext.setup.doctype.email_digest.email_digest.send because it was found in queue for frappe3.in
2024-10-04 08:44:12,447 ERROR scheduler Skipped queueing erpnext.accounts.doctype.process_subscription.process_subscription.create_subscription_process because it was found in queue for frappe3.in
2024-10-04 08:44:12,803 ERROR scheduler Skipped queueing frappe.integrations.doctype.google_drive.google_drive.daily_backup because it was found in queue for frappe3.in
2024-10-04 08:44:12,812 ERROR scheduler Skipped queueing frappe.email.doctype.auto_email_report.auto_email_report.send_daily because it was found in queue for frappe3.in
2024-10-04 08:44:12,826 ERROR scheduler Skipped queueing frappe.integrations.doctype.s3_backup_settings.s3_backup_settings.take_backups_daily because it was found in queue for frappe3.in
2024-10-04 08:44:12,837 ERROR scheduler Skipped queueing frappe.integrations.doctype.dropbox_settings.dropbox_settings.take_backups_daily because it was found in queue for frappe3.in
2024-10-04 08:44:13,263 ERROR scheduler Skipped queueing frappe.email.doctype.auto_email_report.auto_email_report.send_daily because it was found in queue for frappe.in
2024-10-04 08:44:13,273 ERROR scheduler Skipped queueing frappe.integrations.doctype.s3_backup_settings.s3_backup_settings.take_backups_daily because it was found in queue for frappe.in
2024-10-04 08:44:13,284 ERROR scheduler Skipped queueing frappe.integrations.doctype.dropbox_settings.dropbox_settings.take_backups_daily because it was found in queue for frappe.in
2024-10-04 08:45:13,771 ERROR scheduler Skipped queueing frappe.email.doctype.auto_email_report.auto_email_report.send_daily because it was found in queue for frappe.in
2024-10-04 08:45:13,780 ERROR scheduler Skipped queueing frappe.integrations.doctype.s3_backup_settings.s3_backup_settings.take_backups_daily because it was found in queue for frappe.in
2024-10-04 08:45:13,790 ERROR scheduler Skipped queueing frappe.integrations.doctype.dropbox_settings.dropbox_settings.take_backups_daily because it was found in queue for frappe.in
2024-10-04 08:45:13,945 ERROR scheduler Skipped queueing frappe.automation.doctype.reminder.reminder.send_reminders because it was found in queue for frappe.in
2024-10-04 08:45:13,962 ERROR scheduler Skipped queueing frappe.monitor.flush because it was found in queue for frappe.in
2024-10-04 08:45:13,980 ERROR scheduler Skipped queueing frappe.email.queue.flush because it was found in queue for frappe.in
2024-10-04 08:45:14,213 ERROR scheduler Skipped queueing erpnext.utilities.bulk_transaction.retry because it was found in queue for frappe2.in
2024-10-04 08:45:14,224 ERROR scheduler Skipped queueing erpnext.stock.doctype.repost_item_valuation.repost_item_valuation.repost_entries because it was found in queue for frappe2.in
2024-10-04 08:45:14,252 ERROR scheduler Skipped queueing erpnext.assets.doctype.asset.depreciation.post_depreciation_entries because it was found in queue for frappe2.in
2024-10-04 08:45:14,263 ERROR scheduler Skipped queueing erpnext.crm.utils.open_leads_opportunities_based_on_todays_event because it was found in queue for frappe2.in
2024-10-04 08:45:14,273 ERROR scheduler Skipped queueing erpnext.manufacturing.doctype.bom_update_tool.bom_update_tool.auto_update_latest_price_in_all_boms because it was found in queue for frappe2.in
2024-10-04 08:45:14,285 ERROR scheduler Skipped queueing erpnext.setup.doctype.email_digest.email_digest.send because it was found in queue for frappe2.in
2024-10-04 08:45:14,295 ERROR scheduler Skipped queueing erpnext.accounts.doctype.process_subscription.process_subscription.create_subscription_process because it was found in queue for frappe2.in
2024-10-04 08:45:14,663 ERROR scheduler Skipped queueing frappe.integrations.doctype.google_drive.google_drive.daily_backup because it was found in queue for frappe2.in
2024-10-04 08:45:14,673 ERROR scheduler Skipped queueing frappe.email.doctype.auto_email_report.auto_email_report.send_daily because it was found in queue for frappe2.in
2024-10-04 08:45:14,684 ERROR scheduler Skipped queueing frappe.integrations.doctype.s3_backup_settings.s3_backup_settings.take_backups_daily because it was found in queue for frappe2.in
2024-10-04 08:45:14,696 ERROR scheduler Skipped queueing frappe.integrations.doctype.dropbox_settings.dropbox_settings.take_backups_daily because it was found in queue for frappe2.in
2024-10-04 08:45:14,797 ERROR scheduler Skipped queueing frappe.email.doctype.newsletter.newsletter.send_scheduled_email because it was found in queue for frappe2.in
2024-10-04 08:45:14,809 ERROR scheduler Skipped queueing frappe.integrations.doctype.google_calendar.google_calendar.sync because it was found in queue for frappe2.in
2024-10-04 08:45:14,821 ERROR scheduler Skipped queueing frappe.desk.form.document_follow.send_hourly_updates because it was found in queue for frappe2.in
2024-10-04 08:45:14,833 ERROR scheduler Skipped queueing frappe.desk.page.backups.backups.delete_downloadable_backups because it was found in queue for frappe2.in
2024-10-04 08:45:14,842 ERROR scheduler Skipped queueing frappe.model.utils.user_settings.sync_user_settings because it was found in queue for frappe2.in
2024-10-04 08:45:14,853 ERROR scheduler Skipped queueing frappe.model.utils.link_count.update_link_count because it was found in queue for frappe2.in
2024-10-04 08:45:14,864 ERROR scheduler Skipped queueing frappe.automation.doctype.reminder.reminder.send_reminders because it was found in queue for frappe2.in
2024-10-04 08:45:14,875 ERROR scheduler Skipped queueing frappe.monitor.flush because it was found in queue for frappe2.in
2024-10-04 08:45:14,894 ERROR scheduler Skipped queueing frappe.email.queue.flush because it was found in queue for frappe2.in
2024-10-04 08:45:14,905 ERROR scheduler Skipped queueing frappe.core.doctype.log_settings.log_settings.run_log_clean_up because it was found in queue for frappe2.in
2024-10-04 08:45:14,916 ERROR scheduler Skipped queueing frappe.core.doctype.prepared_report.prepared_report.expire_stalled_report because it was found in queue for frappe2.in
2024-10-04 08:45:14,930 ERROR scheduler Skipped queueing frappe.email.doctype.email_account.email_account.pull because it was found in queue for frappe2.in
2024-10-04 08:45:14,941 ERROR scheduler Skipped queueing frappe.deferred_insert.save_to_db because it was found in queue for frappe2.in
2024-10-04 08:45:14,952 ERROR scheduler Skipped queueing frappe.utils.global_search.sync_global_search because it was found in queue for frappe2.in
2024-10-04 08:45:14,966 ERROR scheduler Skipped queueing frappe.email.doctype.email_account.email_account.notify_unreplied because it was found in queue for frappe2.in
2024-10-04 08:45:14,978 ERROR scheduler Skipped queueing frappe.twofactor.delete_all_barcodes_for_users because it was found in queue for frappe2.in
2024-10-04 08:45:14,990 ERROR scheduler Skipped queueing frappe.website.doctype.web_page.web_page.check_publish_status because it was found in queue for frappe2.in
2024-10-04 08:45:15,000 ERROR scheduler Skipped queueing frappe.oauth.delete_oauth2_data because it was found in queue for frappe2.in
2024-10-04 08:45:15,054 ERROR scheduler Skipped queueing erpnext.utilities.bulk_transaction.retry because it was found in queue for frappe3.in
2024-10-04 08:45:15,063 ERROR scheduler Skipped queueing erpnext.stock.doctype.repost_item_valuation.repost_item_valuation.repost_entries because it was found in queue for frappe3.in
2024-10-04 08:45:15,087 ERROR scheduler Skipped queueing erpnext.assets.doctype.asset.depreciation.post_depreciation_entries because it was found in queue for frappe3.in
2024-10-04 08:45:15,096 ERROR scheduler Skipped queueing erpnext.crm.utils.open_leads_opportunities_based_on_todays_event because it was found in queue for frappe3.in
2024-10-04 08:45:15,105 ERROR scheduler Skipped queueing erpnext.manufacturing.doctype.bom_update_tool.bom_update_tool.auto_update_latest_price_in_all_boms because it was found in queue for frappe3.in
2024-10-04 08:45:15,119 ERROR scheduler Skipped queueing erpnext.setup.doctype.email_digest.email_digest.send because it was found in queue for frappe3.in
2024-10-04 08:45:15,131 ERROR scheduler Skipped queueing erpnext.accounts.doctype.process_subscription.process_subscription.create_subscription_process because it was found in queue for frappe3.in
2024-10-04 08:45:15,516 ERROR scheduler Skipped queueing frappe.integrations.doctype.google_drive.google_drive.daily_backup because it was found in queue for frappe3.in
2024-10-04 08:45:15,529 ERROR scheduler Skipped queueing frappe.email.doctype.auto_email_report.auto_email_report.send_daily because it was found in queue for frappe3.in
2024-10-04 08:45:15,537 ERROR scheduler Skipped queueing frappe.integrations.doctype.s3_backup_settings.s3_backup_settings.take_backups_daily because it was found in queue for frappe3.in
2024-10-04 08:45:15,548 ERROR scheduler Skipped queueing frappe.integrations.doctype.dropbox_settings.dropbox_settings.take_backups_daily because it was found in queue for frappe3.in
2024-10-04 08:45:15,703 ERROR scheduler Skipped queueing frappe.automation.doctype.reminder.reminder.send_reminders because it was found in queue for frappe3.in
2024-10-04 08:45:15,714 ERROR scheduler Skipped queueing frappe.monitor.flush because it was found in queue for frappe3.in
2024-10-04 08:45:15,725 ERROR scheduler Skipped queueing frappe.email.queue.flush because it was found in queue for frappe3.in
2024-10-04 08:46:16,009 ERROR scheduler Skipped queueing erpnext.utilities.bulk_transaction.retry because it was found in queue for frappe2.in
2024-10-04 08:46:16,021 ERROR scheduler Skipped queueing erpnext.stock.doctype.repost_item_valuation.repost_item_valuation.repost_entries because it was found in queue for frappe2.in
2024-10-04 08:46:16,047 ERROR scheduler Skipped queueing erpnext.assets.doctype.asset.depreciation.post_depreciation_entries because it was found in queue for frappe2.in
2024-10-04 08:46:16,058 ERROR scheduler Skipped queueing erpnext.crm.utils.open_leads_opportunities_based_on_todays_event because it was found in queue for frappe2.in
2024-10-04 08:46:16,068 ERROR scheduler Skipped queueing erpnext.manufacturing.doctype.bom_update_tool.bom_update_tool.auto_update_latest_price_in_all_boms because it was found in queue for frappe2.in
2024-10-04 08:46:16,079 ERROR scheduler Skipped queueing erpnext.setup.doctype.email_digest.email_digest.send because it was found in queue for frappe2.in
2024-10-04 08:46:16,091 ERROR scheduler Skipped queueing erpnext.accounts.doctype.process_subscription.process_subscription.create_subscription_process because it was found in queue for frappe2.in
2024-10-04 08:46:16,447 ERROR scheduler Skipped queueing frappe.integrations.doctype.google_drive.google_drive.daily_backup because it was found in queue for frappe2.in
2024-10-04 08:46:16,458 ERROR scheduler Skipped queueing frappe.email.doctype.auto_email_report.auto_email_report.send_daily because it was found in queue for frappe2.in
2024-10-04 08:46:16,468 ERROR scheduler Skipped queueing frappe.integrations.doctype.s3_backup_settings.s3_backup_settings.take_backups_daily because it was found in queue for frappe2.in
2024-10-04 08:46:16,478 ERROR scheduler Skipped queueing frappe.integrations.doctype.dropbox_settings.dropbox_settings.take_backups_daily because it was found in queue for frappe2.in
2024-10-04 08:46:17,172 ERROR scheduler Skipped queueing erpnext.stock.doctype.repost_item_valuation.repost_item_valuation.repost_entries because it was found in queue for frappe3.in
2024-10-04 08:46:17,204 ERROR scheduler Skipped queueing erpnext.assets.doctype.asset.depreciation.post_depreciation_entries because it was found in queue for frappe3.in
2024-10-04 08:46:17,215 ERROR scheduler Skipped queueing erpnext.crm.utils.open_leads_opportunities_based_on_todays_event because it was found in queue for frappe3.in
2024-10-04 08:46:17,226 ERROR scheduler Skipped queueing erpnext.manufacturing.doctype.bom_update_tool.bom_update_tool.auto_update_latest_price_in_all_boms because it was found in queue for frappe3.in
2024-10-04 08:46:17,236 ERROR scheduler Skipped queueing erpnext.setup.doctype.email_digest.email_digest.send because it was found in queue for frappe3.in
2024-10-04 08:46:17,248 ERROR scheduler Skipped queueing erpnext.accounts.doctype.process_subscription.process_subscription.create_subscription_process because it was found in queue for frappe3.in
2024-10-04 08:46:17,598 ERROR scheduler Skipped queueing frappe.integrations.doctype.google_drive.google_drive.daily_backup because it was found in queue for frappe3.in
2024-10-04 08:46:17,608 ERROR scheduler Skipped queueing frappe.email.doctype.auto_email_report.auto_email_report.send_daily because it was found in queue for frappe3.in
2024-10-04 08:46:17,617 ERROR scheduler Skipped queueing frappe.integrations.doctype.s3_backup_settings.s3_backup_settings.take_backups_daily because it was found in queue for frappe3.in
2024-10-04 08:46:17,629 ERROR scheduler Skipped queueing frappe.integrations.doctype.dropbox_settings.dropbox_settings.take_backups_daily because it was found in queue for frappe3.in
2024-10-04 09:07:44,087 ERROR scheduler Skipped queueing erpnext.stock.doctype.repost_item_valuation.repost_item_valuation.repost_entries because it was found in queue for frappe3.in
2024-10-04 09:07:44,366 ERROR scheduler Skipped queueing erpnext.projects.doctype.project.project.collect_project_status because it was found in queue for frappe3.in
2024-10-04 09:07:44,384 ERROR scheduler Skipped queueing erpnext.projects.doctype.project.project.hourly_reminder because it was found in queue for frappe3.in
2024-10-04 09:07:44,394 ERROR scheduler Skipped queueing erpnext.projects.doctype.project.project.project_status_update_reminder because it was found in queue for frappe3.in
2024-10-04 09:07:44,407 ERROR scheduler Skipped queueing erpnext.erpnext_integrations.doctype.plaid_settings.plaid_settings.automatic_synchronization because it was found in queue for frappe3.in
2024-10-04 09:07:44,421 ERROR scheduler Skipped queueing erpnext.utilities.doctype.video.video.update_youtube_data because it was found in queue for frappe3.in
2024-10-04 09:07:44,449 ERROR scheduler Skipped queueing erpnext.accounts.doctype.process_payment_reconciliation.process_payment_reconciliation.trigger_reconciliation_for_queued_docs because it was found in queue for frappe3.in
2024-10-04 09:07:44,462 ERROR scheduler Skipped queueing erpnext.manufacturing.doctype.bom_update_log.bom_update_log.resume_bom_cost_update_jobs because it was found in queue for frappe3.in
2024-10-04 09:07:44,693 ERROR scheduler Skipped queueing frappe.website.doctype.personal_data_deletion_request.personal_data_deletion_request.process_data_deletion_request because it was found in queue for frappe3.in
2024-10-04 09:07:44,708 ERROR scheduler Skipped queueing frappe.email.doctype.newsletter.newsletter.send_scheduled_email because it was found in queue for frappe3.in
2024-10-04 09:07:44,718 ERROR scheduler Skipped queueing frappe.integrations.doctype.google_calendar.google_calendar.sync because it was found in queue for frappe3.in
2024-10-04 09:07:44,729 ERROR scheduler Skipped queueing frappe.desk.form.document_follow.send_hourly_updates because it was found in queue for frappe3.in
2024-10-04 09:07:44,739 ERROR scheduler Skipped queueing frappe.desk.page.backups.backups.delete_downloadable_backups because it was found in queue for frappe3.in
2024-10-04 09:07:44,752 ERROR scheduler Skipped queueing frappe.model.utils.user_settings.sync_user_settings because it was found in queue for frappe3.in
2024-10-04 09:07:44,765 ERROR scheduler Skipped queueing frappe.model.utils.link_count.update_link_count because it was found in queue for frappe3.in
2024-10-04 09:07:44,776 ERROR scheduler Skipped queueing frappe.automation.doctype.reminder.reminder.send_reminders because it was found in queue for frappe3.in
2024-10-04 09:07:44,787 ERROR scheduler Skipped queueing frappe.monitor.flush because it was found in queue for frappe3.in
2024-10-04 09:07:44,797 ERROR scheduler Skipped queueing frappe.email.queue.flush because it was found in queue for frappe3.in
2024-10-04 09:07:44,831 ERROR scheduler Skipped queueing frappe.email.doctype.email_account.email_account.pull because it was found in queue for frappe3.in
2024-10-04 09:07:44,844 ERROR scheduler Skipped queueing frappe.deferred_insert.save_to_db because it was found in queue for frappe3.in
2024-10-04 09:07:44,858 ERROR scheduler Skipped queueing frappe.utils.global_search.sync_global_search because it was found in queue for frappe3.in
2024-10-04 09:07:44,870 ERROR scheduler Skipped queueing frappe.email.doctype.email_account.email_account.notify_unreplied because it was found in queue for frappe3.in
2024-10-04 09:07:44,882 ERROR scheduler Skipped queueing frappe.twofactor.delete_all_barcodes_for_users because it was found in queue for frappe3.in
2024-10-04 09:07:44,895 ERROR scheduler Skipped queueing frappe.website.doctype.web_page.web_page.check_publish_status because it was found in queue for frappe3.in
2024-10-04 09:07:44,909 ERROR scheduler Skipped queueing frappe.oauth.delete_oauth2_data because it was found in queue for frappe3.in
2024-10-04 09:07:45,540 ERROR scheduler Skipped queueing erpnext.stock.doctype.repost_item_valuation.repost_item_valuation.repost_entries because it was found in queue for frappe2.in
2024-10-04 09:07:46,178 ERROR scheduler Skipped queueing frappe.model.utils.link_count.update_link_count because it was found in queue for frappe2.in
2024-10-04 09:07:46,189 ERROR scheduler Skipped queueing frappe.automation.doctype.reminder.reminder.send_reminders because it was found in queue for frappe2.in
2024-10-04 09:07:46,203 ERROR scheduler Skipped queueing frappe.monitor.flush because it was found in queue for frappe2.in
2024-10-04 09:07:46,215 ERROR scheduler Skipped queueing frappe.email.queue.flush because it was found in queue for frappe2.in
2024-10-04 09:07:46,248 ERROR scheduler Skipped queueing frappe.email.doctype.email_account.email_account.pull because it was found in queue for frappe2.in
2024-10-04 09:07:46,266 ERROR scheduler Skipped queueing frappe.deferred_insert.save_to_db because it was found in queue for frappe2.in
2024-10-04 09:07:46,283 ERROR scheduler Skipped queueing frappe.utils.global_search.sync_global_search because it was found in queue for frappe2.in
2024-10-04 09:07:46,299 ERROR scheduler Skipped queueing frappe.email.doctype.email_account.email_account.notify_unreplied because it was found in queue for frappe2.in
2024-10-04 09:07:46,311 ERROR scheduler Skipped queueing frappe.twofactor.delete_all_barcodes_for_users because it was found in queue for frappe2.in
2024-10-04 09:07:46,325 ERROR scheduler Skipped queueing frappe.website.doctype.web_page.web_page.check_publish_status because it was found in queue for frappe2.in
2024-10-04 09:07:46,339 ERROR scheduler Skipped queueing frappe.oauth.delete_oauth2_data because it was found in queue for frappe2.in
