2024-10-03 11:48:58,579 ERROR scheduler Skipped queueing frappe.desk.doctype.changelog_feed.changelog_feed.fetch_changelog_feed because it was found in queue for frappe.in
2024-10-03 11:48:58,596 ERROR scheduler Skipped queueing frappe.integrations.doctype.google_drive.google_drive.weekly_backup because it was found in queue for frappe.in
2024-10-03 11:48:58,606 ERROR scheduler Skipped queueing frappe.social.doctype.energy_point_log.energy_point_log.send_weekly_summary because it was found in queue for frappe.in
2024-10-03 11:48:58,615 ERROR scheduler Skipped queueing frappe.utils.change_log.check_for_update because it was found in queue for frappe.in
2024-10-03 11:48:58,625 ERROR scheduler Skipped queueing frappe.desk.form.document_follow.send_weekly_updates because it was found in queue for frappe.in
2024-10-03 11:48:58,635 ERROR scheduler Skipped queueing frappe.integrations.doctype.s3_backup_settings.s3_backup_settings.take_backups_weekly because it was found in queue for frappe.in
2024-10-03 11:48:58,644 ERROR scheduler Skipped queueing frappe.integrations.doctype.dropbox_settings.dropbox_settings.take_backups_weekly because it was found in queue for frappe.in
2024-10-03 11:48:58,655 ERROR scheduler Skipped queueing frappe.integrations.doctype.google_drive.google_drive.daily_backup because it was found in queue for frappe.in
2024-10-03 11:48:58,665 ERROR scheduler Skipped queueing frappe.email.doctype.auto_email_report.auto_email_report.send_daily because it was found in queue for frappe.in
2024-10-03 11:48:58,676 ERROR scheduler Skipped queueing frappe.integrations.doctype.s3_backup_settings.s3_backup_settings.take_backups_daily because it was found in queue for frappe.in
2024-10-03 11:48:58,687 ERROR scheduler Skipped queueing frappe.integrations.doctype.dropbox_settings.dropbox_settings.take_backups_daily because it was found in queue for frappe.in
2024-10-03 11:50:01,546 ERROR scheduler Skipped queueing frappe.desk.doctype.changelog_feed.changelog_feed.fetch_changelog_feed because it was found in queue for frappe.in
2024-10-03 11:50:01,556 ERROR scheduler Skipped queueing frappe.integrations.doctype.google_drive.google_drive.weekly_backup because it was found in queue for frappe.in
2024-10-03 11:50:01,566 ERROR scheduler Skipped queueing frappe.social.doctype.energy_point_log.energy_point_log.send_weekly_summary because it was found in queue for frappe.in
2024-10-03 11:50:01,576 ERROR scheduler Skipped queueing frappe.utils.change_log.check_for_update because it was found in queue for frappe.in
2024-10-03 11:50:01,586 ERROR scheduler Skipped queueing frappe.desk.form.document_follow.send_weekly_updates because it was found in queue for frappe.in
2024-10-03 11:50:01,596 ERROR scheduler Skipped queueing frappe.integrations.doctype.s3_backup_settings.s3_backup_settings.take_backups_weekly because it was found in queue for frappe.in
2024-10-03 11:50:01,606 ERROR scheduler Skipped queueing frappe.integrations.doctype.dropbox_settings.dropbox_settings.take_backups_weekly because it was found in queue for frappe.in
2024-10-03 11:50:01,617 ERROR scheduler Skipped queueing frappe.integrations.doctype.google_drive.google_drive.daily_backup because it was found in queue for frappe.in
2024-10-03 11:50:01,627 ERROR scheduler Skipped queueing frappe.email.doctype.auto_email_report.auto_email_report.send_daily because it was found in queue for frappe.in
2024-10-03 11:50:01,638 ERROR scheduler Skipped queueing frappe.integrations.doctype.s3_backup_settings.s3_backup_settings.take_backups_daily because it was found in queue for frappe.in
2024-10-03 11:50:01,647 ERROR scheduler Skipped queueing frappe.integrations.doctype.dropbox_settings.dropbox_settings.take_backups_daily because it was found in queue for frappe.in
2024-10-03 13:33:55,475 ERROR scheduler Skipped queueing frappe.core.doctype.prepared_report.prepared_report.expire_stalled_report because it was found in queue for frappe.in
2024-10-03 13:33:55,485 ERROR scheduler Skipped queueing frappe.email.doctype.email_account.email_account.pull because it was found in queue for frappe.in
2024-10-03 13:33:55,499 ERROR scheduler Skipped queueing frappe.deferred_insert.save_to_db because it was found in queue for frappe.in
2024-10-03 13:33:55,511 ERROR scheduler Skipped queueing frappe.utils.global_search.sync_global_search because it was found in queue for frappe.in
2024-10-03 13:33:55,521 ERROR scheduler Skipped queueing frappe.email.doctype.email_account.email_account.notify_unreplied because it was found in queue for frappe.in
2024-10-03 13:33:55,532 ERROR scheduler Skipped queueing frappe.twofactor.delete_all_barcodes_for_users because it was found in queue for frappe.in
2024-10-03 13:33:55,545 ERROR scheduler Skipped queueing frappe.website.doctype.web_page.web_page.check_publish_status because it was found in queue for frappe.in
2024-10-03 13:33:55,563 ERROR scheduler Skipped queueing frappe.oauth.delete_oauth2_data because it was found in queue for frappe.in
2024-10-03 16:02:54,210 ERROR scheduler Skipped queueing frappe.website.doctype.web_page.web_page.check_publish_status because it was found in queue for frappe.in
2024-10-03 16:02:54,219 ERROR scheduler Skipped queueing frappe.oauth.delete_oauth2_data because it was found in queue for frappe.in
2024-10-03 17:01:56,480 ERROR scheduler Skipped queueing frappe.website.doctype.personal_data_deletion_request.personal_data_deletion_request.process_data_deletion_request because it was found in queue for frappe.in
2024-10-03 17:01:56,497 ERROR scheduler Skipped queueing frappe.email.doctype.newsletter.newsletter.send_scheduled_email because it was found in queue for frappe.in
2024-10-03 17:01:56,507 ERROR scheduler Skipped queueing frappe.integrations.doctype.google_calendar.google_calendar.sync because it was found in queue for frappe.in
2024-10-03 17:01:56,517 ERROR scheduler Skipped queueing frappe.desk.form.document_follow.send_hourly_updates because it was found in queue for frappe.in
2024-10-03 17:01:56,527 ERROR scheduler Skipped queueing frappe.desk.page.backups.backups.delete_downloadable_backups because it was found in queue for frappe.in
2024-10-03 17:01:56,537 ERROR scheduler Skipped queueing frappe.model.utils.user_settings.sync_user_settings because it was found in queue for frappe.in
2024-10-03 17:01:56,549 ERROR scheduler Skipped queueing frappe.model.utils.link_count.update_link_count because it was found in queue for frappe.in
2024-10-03 17:01:56,560 ERROR scheduler Skipped queueing frappe.automation.doctype.reminder.reminder.send_reminders because it was found in queue for frappe.in
2024-10-03 17:01:56,572 ERROR scheduler Skipped queueing frappe.monitor.flush because it was found in queue for frappe.in
2024-10-03 17:01:56,583 ERROR scheduler Skipped queueing frappe.email.queue.flush because it was found in queue for frappe.in
2024-10-03 17:01:56,612 ERROR scheduler Skipped queueing frappe.email.doctype.email_account.email_account.pull because it was found in queue for frappe.in
2024-10-03 17:01:56,625 ERROR scheduler Skipped queueing frappe.deferred_insert.save_to_db because it was found in queue for frappe.in
2024-10-03 17:01:56,641 ERROR scheduler Skipped queueing frappe.utils.global_search.sync_global_search because it was found in queue for frappe.in
2024-10-03 17:01:56,651 ERROR scheduler Skipped queueing frappe.email.doctype.email_account.email_account.notify_unreplied because it was found in queue for frappe.in
2024-10-03 17:01:56,660 ERROR scheduler Skipped queueing frappe.twofactor.delete_all_barcodes_for_users because it was found in queue for frappe.in
2024-10-03 17:01:56,669 ERROR scheduler Skipped queueing frappe.website.doctype.web_page.web_page.check_publish_status because it was found in queue for frappe.in
2024-10-03 17:01:56,678 ERROR scheduler Skipped queueing frappe.oauth.delete_oauth2_data because it was found in queue for frappe.in
2024-10-04 08:43:10,935 ERROR scheduler Skipped queueing frappe.email.doctype.auto_email_report.auto_email_report.send_daily because it was found in queue for frappe.in
2024-10-04 08:43:10,948 ERROR scheduler Skipped queueing frappe.integrations.doctype.s3_backup_settings.s3_backup_settings.take_backups_daily because it was found in queue for frappe.in
2024-10-04 08:43:10,960 ERROR scheduler Skipped queueing frappe.integrations.doctype.dropbox_settings.dropbox_settings.take_backups_daily because it was found in queue for frappe.in
2024-10-04 08:44:13,263 ERROR scheduler Skipped queueing frappe.email.doctype.auto_email_report.auto_email_report.send_daily because it was found in queue for frappe.in
2024-10-04 08:44:13,273 ERROR scheduler Skipped queueing frappe.integrations.doctype.s3_backup_settings.s3_backup_settings.take_backups_daily because it was found in queue for frappe.in
2024-10-04 08:44:13,284 ERROR scheduler Skipped queueing frappe.integrations.doctype.dropbox_settings.dropbox_settings.take_backups_daily because it was found in queue for frappe.in
2024-10-04 08:45:13,771 ERROR scheduler Skipped queueing frappe.email.doctype.auto_email_report.auto_email_report.send_daily because it was found in queue for frappe.in
2024-10-04 08:45:13,780 ERROR scheduler Skipped queueing frappe.integrations.doctype.s3_backup_settings.s3_backup_settings.take_backups_daily because it was found in queue for frappe.in
2024-10-04 08:45:13,790 ERROR scheduler Skipped queueing frappe.integrations.doctype.dropbox_settings.dropbox_settings.take_backups_daily because it was found in queue for frappe.in
2024-10-04 08:45:13,945 ERROR scheduler Skipped queueing frappe.automation.doctype.reminder.reminder.send_reminders because it was found in queue for frappe.in
2024-10-04 08:45:13,962 ERROR scheduler Skipped queueing frappe.monitor.flush because it was found in queue for frappe.in
2024-10-04 08:45:13,980 ERROR scheduler Skipped queueing frappe.email.queue.flush because it was found in queue for frappe.in
